2025-09-23 22:08:30.621 [info] [main] Niveau du journal : Info
2025-09-23 22:08:30.621 [info] [main] Validation du git trouvé dans : «git»
2025-09-23 22:08:30.621 [info] [main] Utilisation de git "2.39.5" de "git»
2025-09-23 22:08:30.621 [info] [Model][doInitialScan] Initial repository scan started
2025-09-23 22:08:30.621 [info] > git rev-parse --show-toplevel [57ms]
2025-09-23 22:08:30.621 [info] fatal: not a git repository (or any parent up to mount point /mnt)
Stopping at filesystem boundary (GIT_DISCOVERY_ACROSS_FILESYSTEM not set).
2025-09-23 22:08:30.708 [info] > git rev-parse --show-toplevel [96ms]
2025-09-23 22:08:30.708 [info] fatal: not a git repository (or any parent up to mount point /mnt)
Stopping at filesystem boundary (GIT_DISCOVERY_ACROSS_FILESYSTEM not set).
2025-09-23 22:08:30.795 [info] > git rev-parse --show-toplevel [37ms]
2025-09-23 22:08:30.795 [info] fatal: not a git repository (or any parent up to mount point /mnt)
Stopping at filesystem boundary (GIT_DISCOVERY_ACROSS_FILESYSTEM not set).
2025-09-23 22:08:30.860 [info] > git rev-parse --show-toplevel [23ms]
2025-09-23 22:08:30.861 [info] fatal: not a git repository (or any parent up to mount point /mnt)
Stopping at filesystem boundary (GIT_DISCOVERY_ACROSS_FILESYSTEM not set).
2025-09-23 22:08:30.935 [info] > git rev-parse --show-toplevel [34ms]
2025-09-23 22:08:30.935 [info] fatal: not a git repository (or any parent up to mount point /mnt)
Stopping at filesystem boundary (GIT_DISCOVERY_ACROSS_FILESYSTEM not set).
2025-09-23 22:08:30.961 [info] [Model][doInitialScan] Initial repository scan completed - repositories (0), closed repositories (0), parent repositories (0), unsafe repositories (0)
2025-09-23 22:08:34.057 [info] > git rev-parse --show-toplevel [23ms]
2025-09-23 22:08:34.057 [info] fatal: not a git repository (or any parent up to mount point /mnt)
Stopping at filesystem boundary (GIT_DISCOVERY_ACROSS_FILESYSTEM not set).
2025-09-23 22:08:47.872 [info] > git rev-parse --show-toplevel [33ms]
2025-09-23 22:08:47.873 [info] fatal: not a git repository (or any parent up to mount point /mnt)
Stopping at filesystem boundary (GIT_DISCOVERY_ACROSS_FILESYSTEM not set).
2025-09-23 22:08:55.839 [info] > git rev-parse --show-toplevel [32ms]
2025-09-23 22:08:55.839 [info] fatal: not a git repository (or any parent up to mount point /mnt)
Stopping at filesystem boundary (GIT_DISCOVERY_ACROSS_FILESYSTEM not set).
2025-09-23 22:09:02.555 [info] > git rev-parse --show-toplevel [21ms]
2025-09-23 22:09:02.556 [info] fatal: not a git repository (or any parent up to mount point /mnt)
Stopping at filesystem boundary (GIT_DISCOVERY_ACROSS_FILESYSTEM not set).
2025-09-23 22:10:21.351 [info] > git rev-parse --show-toplevel [101ms]
2025-09-23 22:10:21.351 [info] fatal: not a git repository (or any parent up to mount point /mnt)
Stopping at filesystem boundary (GIT_DISCOVERY_ACROSS_FILESYSTEM not set).
2025-09-23 22:15:23.541 [info] > git rev-parse --show-toplevel [54ms]
2025-09-23 22:15:23.544 [info] fatal: not a git repository (or any parent up to mount point /mnt)
Stopping at filesystem boundary (GIT_DISCOVERY_ACROSS_FILESYSTEM not set).
