2025-09-25 16:07:55.671 [warning] Creation of workbench contribution 'workbench.contrib.preferencesActions' took 30ms.
2025-09-25 16:07:59.239 [info] Started local extension host with pid 735.
2025-09-25 16:08:04.352 [error] [network] #1: https://az764295.vo.msecnd.net/extensions/chat.json - error GET Failed to fetch
2025-09-25 16:08:04.354 [warning] Failed to fetch chat participant registry Failed to fetch
2025-09-25 16:08:10.625 [info] Extension host (LocalProcess pid: 735) is unresponsive.
2025-09-25 16:08:10.682 [info] Extension host (LocalProcess pid: 735) is responsive.
2025-09-25 16:08:11.393 [info] [perf] Render performance baseline is 605ms
2025-09-25 16:13:04.328 [error] [network] #6: https://az764295.vo.msecnd.net/extensions/chat.json - error GET Failed to fetch
2025-09-25 16:13:04.334 [warning] Failed to fetch chat participant registry Failed to fetch
2025-09-25 16:18:04.418 [error] [network] #7: https://az764295.vo.msecnd.net/extensions/chat.json - error GET Failed to fetch
2025-09-25 16:18:04.515 [warning] Failed to fetch chat participant registry Failed to fetch
2025-09-25 16:23:04.579 [error] [network] #8: https://az764295.vo.msecnd.net/extensions/chat.json - error GET Failed to fetch
2025-09-25 16:23:04.692 [warning] Failed to fetch chat participant registry Failed to fetch
2025-09-25 16:28:04.742 [error] [network] #9: https://az764295.vo.msecnd.net/extensions/chat.json - error GET Failed to fetch
2025-09-25 16:28:04.846 [warning] Failed to fetch chat participant registry Failed to fetch
2025-09-25 16:33:04.876 [error] [network] #10: https://az764295.vo.msecnd.net/extensions/chat.json - error GET Failed to fetch
2025-09-25 16:33:04.996 [warning] Failed to fetch chat participant registry Failed to fetch
2025-09-25 16:38:05.149 [error] [network] #11: https://az764295.vo.msecnd.net/extensions/chat.json - error GET Failed to fetch
2025-09-25 16:38:05.258 [warning] Failed to fetch chat participant registry Failed to fetch
2025-09-25 16:43:05.291 [error] [network] #12: https://az764295.vo.msecnd.net/extensions/chat.json - error GET Failed to fetch
2025-09-25 16:43:05.391 [warning] Failed to fetch chat participant registry Failed to fetch
2025-09-25 16:48:05.420 [error] [network] #13: https://az764295.vo.msecnd.net/extensions/chat.json - error GET Failed to fetch
2025-09-25 16:48:05.528 [warning] Failed to fetch chat participant registry Failed to fetch
2025-09-25 16:53:05.567 [error] [network] #14: https://az764295.vo.msecnd.net/extensions/chat.json - error GET Failed to fetch
2025-09-25 16:53:05.730 [warning] Failed to fetch chat participant registry Failed to fetch
2025-09-25 16:58:05.771 [error] [network] #15: https://az764295.vo.msecnd.net/extensions/chat.json - error GET Failed to fetch
2025-09-25 16:58:05.863 [warning] Failed to fetch chat participant registry Failed to fetch
2025-09-25 17:03:05.896 [error] [network] #16: https://az764295.vo.msecnd.net/extensions/chat.json - error GET Failed to fetch
2025-09-25 17:03:06.025 [warning] Failed to fetch chat participant registry Failed to fetch
2025-09-25 17:08:06.060 [error] [network] #17: https://az764295.vo.msecnd.net/extensions/chat.json - error GET Failed to fetch
2025-09-25 17:08:06.178 [warning] Failed to fetch chat participant registry Failed to fetch
2025-09-25 17:13:06.319 [error] [network] #18: https://az764295.vo.msecnd.net/extensions/chat.json - error GET Failed to fetch
2025-09-25 17:13:06.484 [warning] Failed to fetch chat participant registry Failed to fetch
2025-09-25 17:18:06.510 [error] [network] #19: https://az764295.vo.msecnd.net/extensions/chat.json - error GET Failed to fetch
2025-09-25 17:18:06.600 [warning] Failed to fetch chat participant registry Failed to fetch
2025-09-25 17:23:06.700 [error] [network] #20: https://az764295.vo.msecnd.net/extensions/chat.json - error GET Failed to fetch
2025-09-25 17:23:06.830 [warning] Failed to fetch chat participant registry Failed to fetch
2025-09-25 17:28:06.846 [error] [network] #21: https://az764295.vo.msecnd.net/extensions/chat.json - error GET Failed to fetch
2025-09-25 17:28:06.959 [warning] Failed to fetch chat participant registry Failed to fetch
2025-09-25 17:33:07.012 [error] [network] #22: https://az764295.vo.msecnd.net/extensions/chat.json - error GET Failed to fetch
2025-09-25 17:33:07.093 [warning] Failed to fetch chat participant registry Failed to fetch
2025-09-25 17:38:07.154 [error] [network] #23: https://az764295.vo.msecnd.net/extensions/chat.json - error GET Failed to fetch
2025-09-25 17:38:07.268 [warning] Failed to fetch chat participant registry Failed to fetch
2025-09-25 17:43:07.301 [error] [network] #24: https://az764295.vo.msecnd.net/extensions/chat.json - error GET Failed to fetch
2025-09-25 17:43:07.401 [warning] Failed to fetch chat participant registry Failed to fetch
2025-09-25 17:48:07.422 [error] [network] #25: https://az764295.vo.msecnd.net/extensions/chat.json - error GET Failed to fetch
2025-09-25 17:48:07.544 [warning] Failed to fetch chat participant registry Failed to fetch
2025-09-25 17:53:07.571 [error] [network] #26: https://az764295.vo.msecnd.net/extensions/chat.json - error GET Failed to fetch
2025-09-25 17:53:07.684 [warning] Failed to fetch chat participant registry Failed to fetch
2025-09-25 17:58:07.766 [error] [network] #27: https://az764295.vo.msecnd.net/extensions/chat.json - error GET Failed to fetch
2025-09-25 17:58:07.890 [warning] Failed to fetch chat participant registry Failed to fetch
2025-09-25 18:03:07.909 [error] [network] #28: https://az764295.vo.msecnd.net/extensions/chat.json - error GET Failed to fetch
2025-09-25 18:03:07.988 [warning] Failed to fetch chat participant registry Failed to fetch
2025-09-25 18:37:55.594 [error] [network] #29: https://az764295.vo.msecnd.net/extensions/chat.json - error GET Failed to fetch
2025-09-25 18:37:55.707 [warning] Failed to fetch chat participant registry Failed to fetch
2025-09-25 18:42:55.730 [error] [network] #30: https://az764295.vo.msecnd.net/extensions/chat.json - error GET Failed to fetch
2025-09-25 18:42:55.830 [warning] Failed to fetch chat participant registry Failed to fetch
2025-09-25 18:47:55.877 [error] [network] #31: https://az764295.vo.msecnd.net/extensions/chat.json - error GET Failed to fetch
2025-09-25 18:47:56.050 [warning] Failed to fetch chat participant registry Failed to fetch
2025-09-25 18:52:56.129 [error] [network] #32: https://az764295.vo.msecnd.net/extensions/chat.json - error GET Failed to fetch
2025-09-25 18:52:56.293 [warning] Failed to fetch chat participant registry Failed to fetch
2025-09-25 18:57:56.323 [error] [network] #33: https://az764295.vo.msecnd.net/extensions/chat.json - error GET Failed to fetch
2025-09-25 18:57:56.458 [warning] Failed to fetch chat participant registry Failed to fetch
2025-09-25 19:02:56.538 [error] [network] #34: https://az764295.vo.msecnd.net/extensions/chat.json - error GET Failed to fetch
2025-09-25 19:02:56.724 [warning] Failed to fetch chat participant registry Failed to fetch
2025-09-25 19:07:56.794 [error] [network] #35: https://az764295.vo.msecnd.net/extensions/chat.json - error GET Failed to fetch
2025-09-25 19:07:57.056 [warning] Failed to fetch chat participant registry Failed to fetch
2025-09-25 19:12:57.084 [error] [network] #36: https://az764295.vo.msecnd.net/extensions/chat.json - error GET Failed to fetch
2025-09-25 19:12:57.206 [warning] Failed to fetch chat participant registry Failed to fetch
2025-09-25 19:17:57.295 [error] [network] #37: https://az764295.vo.msecnd.net/extensions/chat.json - error GET Failed to fetch
2025-09-25 19:17:57.462 [warning] Failed to fetch chat participant registry Failed to fetch
2025-09-25 19:22:57.533 [error] [network] #38: https://az764295.vo.msecnd.net/extensions/chat.json - error GET Failed to fetch
2025-09-25 19:22:57.692 [warning] Failed to fetch chat participant registry Failed to fetch
2025-09-25 19:27:57.730 [error] [network] #39: https://az764295.vo.msecnd.net/extensions/chat.json - error GET Failed to fetch
2025-09-25 19:27:57.888 [warning] Failed to fetch chat participant registry Failed to fetch
2025-09-25 19:32:57.950 [error] [network] #40: https://az764295.vo.msecnd.net/extensions/chat.json - error GET Failed to fetch
2025-09-25 19:32:58.109 [warning] Failed to fetch chat participant registry Failed to fetch
2025-09-25 19:37:58.157 [error] [network] #41: https://az764295.vo.msecnd.net/extensions/chat.json - error GET Failed to fetch
2025-09-25 19:37:58.305 [warning] Failed to fetch chat participant registry Failed to fetch
2025-09-25 19:42:58.348 [error] [network] #42: https://az764295.vo.msecnd.net/extensions/chat.json - error GET Failed to fetch
2025-09-25 19:42:58.541 [warning] Failed to fetch chat participant registry Failed to fetch
2025-09-25 19:47:58.606 [error] [network] #43: https://az764295.vo.msecnd.net/extensions/chat.json - error GET Failed to fetch
2025-09-25 19:47:58.773 [warning] Failed to fetch chat participant registry Failed to fetch
2025-09-25 19:52:58.826 [error] [network] #44: https://az764295.vo.msecnd.net/extensions/chat.json - error GET Failed to fetch
2025-09-25 19:52:58.944 [warning] Failed to fetch chat participant registry Failed to fetch
2025-09-25 19:57:58.963 [error] [network] #45: https://az764295.vo.msecnd.net/extensions/chat.json - error GET Failed to fetch
2025-09-25 19:57:59.126 [warning] Failed to fetch chat participant registry Failed to fetch
2025-09-25 20:02:59.188 [error] [network] #46: https://az764295.vo.msecnd.net/extensions/chat.json - error GET Failed to fetch
2025-09-25 20:02:59.385 [warning] Failed to fetch chat participant registry Failed to fetch
2025-09-25 20:07:59.406 [error] [network] #47: https://az764295.vo.msecnd.net/extensions/chat.json - error GET Failed to fetch
2025-09-25 20:07:59.531 [warning] Failed to fetch chat participant registry Failed to fetch
2025-09-25 20:12:59.603 [error] [network] #48: https://az764295.vo.msecnd.net/extensions/chat.json - error GET Failed to fetch
2025-09-25 20:12:59.726 [warning] Failed to fetch chat participant registry Failed to fetch
2025-09-25 20:17:59.805 [error] [network] #49: https://az764295.vo.msecnd.net/extensions/chat.json - error GET Failed to fetch
2025-09-25 20:17:59.997 [warning] Failed to fetch chat participant registry Failed to fetch
2025-09-25 20:23:00.026 [error] [network] #50: https://az764295.vo.msecnd.net/extensions/chat.json - error GET Failed to fetch
2025-09-25 20:23:00.191 [warning] Failed to fetch chat participant registry Failed to fetch
2025-09-25 20:28:00.229 [error] [network] #51: https://az764295.vo.msecnd.net/extensions/chat.json - error GET Failed to fetch
2025-09-25 20:28:00.371 [warning] Failed to fetch chat participant registry Failed to fetch
2025-09-25 20:33:00.407 [error] [network] #52: https://az764295.vo.msecnd.net/extensions/chat.json - error GET Failed to fetch
2025-09-25 20:33:00.494 [warning] Failed to fetch chat participant registry Failed to fetch
2025-09-25 20:38:00.519 [error] [network] #53: https://az764295.vo.msecnd.net/extensions/chat.json - error GET Failed to fetch
2025-09-25 20:38:00.603 [warning] Failed to fetch chat participant registry Failed to fetch
2025-09-25 20:43:00.627 [error] [network] #54: https://az764295.vo.msecnd.net/extensions/chat.json - error GET Failed to fetch
2025-09-25 20:43:00.636 [warning] Failed to fetch chat participant registry Failed to fetch
2025-09-25 20:48:00.685 [error] [network] #55: https://az764295.vo.msecnd.net/extensions/chat.json - error GET Failed to fetch
2025-09-25 20:48:00.806 [warning] Failed to fetch chat participant registry Failed to fetch
2025-09-25 20:53:00.854 [error] [network] #56: https://az764295.vo.msecnd.net/extensions/chat.json - error GET Failed to fetch
2025-09-25 20:53:00.960 [warning] Failed to fetch chat participant registry Failed to fetch
2025-09-25 20:58:01.015 [error] [network] #57: https://az764295.vo.msecnd.net/extensions/chat.json - error GET Failed to fetch
2025-09-25 20:58:01.158 [warning] Failed to fetch chat participant registry Failed to fetch
2025-09-25 21:03:01.198 [error] [network] #58: https://az764295.vo.msecnd.net/extensions/chat.json - error GET Failed to fetch
2025-09-25 21:03:01.312 [warning] Failed to fetch chat participant registry Failed to fetch
2025-09-25 21:08:01.351 [error] [network] #59: https://az764295.vo.msecnd.net/extensions/chat.json - error GET Failed to fetch
2025-09-25 21:08:01.471 [warning] Failed to fetch chat participant registry Failed to fetch
2025-09-25 21:13:01.503 [error] [network] #60: https://az764295.vo.msecnd.net/extensions/chat.json - error GET Failed to fetch
2025-09-25 21:13:01.657 [warning] Failed to fetch chat participant registry Failed to fetch
2025-09-25 21:18:01.687 [error] [network] #61: https://az764295.vo.msecnd.net/extensions/chat.json - error GET Failed to fetch
2025-09-25 21:18:01.833 [warning] Failed to fetch chat participant registry Failed to fetch
2025-09-25 21:23:01.868 [error] [network] #62: https://az764295.vo.msecnd.net/extensions/chat.json - error GET Failed to fetch
2025-09-25 21:23:01.991 [warning] Failed to fetch chat participant registry Failed to fetch
2025-09-25 21:28:02.024 [error] [network] #63: https://az764295.vo.msecnd.net/extensions/chat.json - error GET Failed to fetch
2025-09-25 21:28:02.140 [warning] Failed to fetch chat participant registry Failed to fetch
2025-09-25 21:33:02.210 [error] [network] #64: https://az764295.vo.msecnd.net/extensions/chat.json - error GET Failed to fetch
2025-09-25 21:33:02.347 [warning] Failed to fetch chat participant registry Failed to fetch
2025-09-25 21:38:02.398 [error] [network] #65: https://az764295.vo.msecnd.net/extensions/chat.json - error GET Failed to fetch
2025-09-25 21:38:02.500 [warning] Failed to fetch chat participant registry Failed to fetch
2025-09-25 21:43:02.542 [error] [network] #66: https://az764295.vo.msecnd.net/extensions/chat.json - error GET Failed to fetch
2025-09-25 21:43:02.633 [warning] Failed to fetch chat participant registry Failed to fetch
2025-09-25 21:48:02.676 [error] [network] #67: https://az764295.vo.msecnd.net/extensions/chat.json - error GET Failed to fetch
2025-09-25 21:48:02.801 [warning] Failed to fetch chat participant registry Failed to fetch
2025-09-25 21:53:02.826 [error] [network] #68: https://az764295.vo.msecnd.net/extensions/chat.json - error GET Failed to fetch
2025-09-25 21:53:02.918 [warning] Failed to fetch chat participant registry Failed to fetch
2025-09-25 21:58:02.958 [error] [network] #69: https://az764295.vo.msecnd.net/extensions/chat.json - error GET Failed to fetch
2025-09-25 21:58:03.077 [warning] Failed to fetch chat participant registry Failed to fetch
2025-09-25 22:03:03.119 [error] [network] #70: https://az764295.vo.msecnd.net/extensions/chat.json - error GET Failed to fetch
2025-09-25 22:03:03.279 [warning] Failed to fetch chat participant registry Failed to fetch
