2025-09-23 18:35:21.289 [warning] Creation of workbench contribution 'workbench.contrib.preferencesActions' took 100ms.
2025-09-23 18:35:21.394 [warning] Creation of workbench contribution 'workbench.contrib.explorerViewletViews' took 25ms.
2025-09-23 18:35:21.512 [warning] Creation of workbench contribution 'workbench.contrib.toolsExtensionPointHandler' took 35ms.
2025-09-23 18:35:21.586 [warning] Creation of workbench contribution 'workbench.contrib.updateExperimentalSettingsDefaults' took 23ms.
2025-09-23 18:35:24.778 [info] Started local extension host with pid 645.
2025-09-23 18:35:43.293 [error] [network] #1: https://az764295.vo.msecnd.net/extensions/chat.json - error GET Failed to fetch
2025-09-23 18:35:43.299 [warning] Failed to fetch chat participant registry Failed to fetch
2025-09-23 18:35:54.795 [info] [perf] Render performance baseline is 855ms
2025-09-23 18:36:03.992 [info] Extension host (LocalProcess pid: 645) is unresponsive.
2025-09-23 18:36:08.972 [info] UNRESPONSIVE extension host: starting to profile NOW
2025-09-23 18:36:11.796 [info] Extension host (LocalProcess pid: 645) is responsive.
2025-09-23 18:36:11.800 [info] UNRESPONSIVE extension host: received responsive event and cancelling profiling session
2025-09-23 18:40:42.942 [error] [network] #6: https://az764295.vo.msecnd.net/extensions/chat.json - error GET Failed to fetch
2025-09-23 18:40:42.946 [warning] Failed to fetch chat participant registry Failed to fetch
2025-09-23 18:45:42.984 [error] [network] #7: https://az764295.vo.msecnd.net/extensions/chat.json - error GET Failed to fetch
2025-09-23 18:45:43.080 [warning] Failed to fetch chat participant registry Failed to fetch
2025-09-23 18:50:43.166 [error] [network] #8: https://az764295.vo.msecnd.net/extensions/chat.json - error GET Failed to fetch
2025-09-23 18:50:43.246 [warning] Failed to fetch chat participant registry Failed to fetch
2025-09-23 18:55:43.355 [error] [network] #9: https://az764295.vo.msecnd.net/extensions/chat.json - error GET Failed to fetch
2025-09-23 18:55:43.431 [warning] Failed to fetch chat participant registry Failed to fetch
2025-09-23 19:00:43.489 [error] [network] #10: https://az764295.vo.msecnd.net/extensions/chat.json - error GET Failed to fetch
2025-09-23 19:00:43.606 [warning] Failed to fetch chat participant registry Failed to fetch
2025-09-23 19:05:43.667 [error] [network] #11: https://az764295.vo.msecnd.net/extensions/chat.json - error GET Failed to fetch
2025-09-23 19:05:43.774 [warning] Failed to fetch chat participant registry Failed to fetch
2025-09-23 19:27:00.115 [error] [network] #12: https://az764295.vo.msecnd.net/extensions/chat.json - error GET Failed to fetch
2025-09-23 19:27:00.200 [warning] Failed to fetch chat participant registry Failed to fetch
2025-09-23 19:32:00.252 [error] [network] #13: https://az764295.vo.msecnd.net/extensions/chat.json - error GET Failed to fetch
2025-09-23 19:32:00.324 [warning] Failed to fetch chat participant registry Failed to fetch
2025-09-23 19:37:00.374 [error] [network] #14: https://az764295.vo.msecnd.net/extensions/chat.json - error GET Failed to fetch
2025-09-23 19:37:00.473 [warning] Failed to fetch chat participant registry Failed to fetch
2025-09-23 19:42:00.529 [error] [network] #15: https://az764295.vo.msecnd.net/extensions/chat.json - error GET Failed to fetch
2025-09-23 19:42:00.654 [warning] Failed to fetch chat participant registry Failed to fetch
2025-09-23 19:47:00.735 [error] [network] #16: https://az764295.vo.msecnd.net/extensions/chat.json - error GET Failed to fetch
2025-09-23 19:47:00.846 [warning] Failed to fetch chat participant registry Failed to fetch
2025-09-23 19:52:01.230 [error] [network] #17: https://az764295.vo.msecnd.net/extensions/chat.json - error GET Failed to fetch
2025-09-23 19:52:01.361 [warning] Failed to fetch chat participant registry Failed to fetch
2025-09-23 19:57:01.451 [error] [network] #18: https://az764295.vo.msecnd.net/extensions/chat.json - error GET Failed to fetch
2025-09-23 19:57:01.506 [warning] Failed to fetch chat participant registry Failed to fetch
2025-09-23 20:02:01.592 [error] [network] #19: https://az764295.vo.msecnd.net/extensions/chat.json - error GET Failed to fetch
2025-09-23 20:02:01.655 [warning] Failed to fetch chat participant registry Failed to fetch
2025-09-23 20:07:01.716 [error] [network] #20: https://az764295.vo.msecnd.net/extensions/chat.json - error GET Failed to fetch
2025-09-23 20:07:01.820 [warning] Failed to fetch chat participant registry Failed to fetch
2025-09-23 20:12:01.866 [error] [network] #21: https://az764295.vo.msecnd.net/extensions/chat.json - error GET Failed to fetch
2025-09-23 20:12:02.017 [warning] Failed to fetch chat participant registry Failed to fetch
2025-09-23 20:17:02.067 [error] [network] #22: https://az764295.vo.msecnd.net/extensions/chat.json - error GET Failed to fetch
2025-09-23 20:17:02.189 [warning] Failed to fetch chat participant registry Failed to fetch
2025-09-23 20:22:02.228 [error] [network] #23: https://az764295.vo.msecnd.net/extensions/chat.json - error GET Failed to fetch
2025-09-23 20:22:02.337 [warning] Failed to fetch chat participant registry Failed to fetch
2025-09-23 20:27:02.379 [error] [network] #24: https://az764295.vo.msecnd.net/extensions/chat.json - error GET Failed to fetch
2025-09-23 20:27:02.498 [warning] Failed to fetch chat participant registry Failed to fetch
2025-09-23 20:32:02.571 [error] [network] #25: https://az764295.vo.msecnd.net/extensions/chat.json - error GET Failed to fetch
2025-09-23 20:32:02.734 [warning] Failed to fetch chat participant registry Failed to fetch
2025-09-23 20:37:02.776 [error] [network] #26: https://az764295.vo.msecnd.net/extensions/chat.json - error GET Failed to fetch
2025-09-23 20:37:02.868 [warning] Failed to fetch chat participant registry Failed to fetch
2025-09-23 20:42:02.947 [error] [network] #27: https://az764295.vo.msecnd.net/extensions/chat.json - error GET Failed to fetch
2025-09-23 20:42:03.061 [warning] Failed to fetch chat participant registry Failed to fetch
2025-09-23 20:47:03.154 [error] [network] #28: https://az764295.vo.msecnd.net/extensions/chat.json - error GET Failed to fetch
2025-09-23 20:47:03.231 [warning] Failed to fetch chat participant registry Failed to fetch
