2025-09-23 16:28:11.850 [warning] Creation of workbench contribution 'workbench.contrib.preferencesActions' took 26ms.
2025-09-23 16:28:11.945 [warning] Creation of workbench contribution 'workbench.contrib.explorerViewletViews' took 29ms.
2025-09-23 16:28:13.904 [info] Started local extension host with pid 7964.
2025-09-23 16:28:23.112 [error] [network] #3: https://az764295.vo.msecnd.net/extensions/chat.json - error GET Failed to fetch
2025-09-23 16:28:23.119 [warning] Failed to fetch chat participant registry Failed to fetch
2025-09-23 16:28:23.325 [info] [perf] Render performance baseline is 539ms
2025-09-23 16:33:23.297 [error] [network] #4: https://az764295.vo.msecnd.net/extensions/chat.json - error GET Failed to fetch
2025-09-23 16:33:23.300 [warning] Failed to fetch chat participant registry Failed to fetch
2025-09-23 16:38:23.666 [error] [network] #5: https://az764295.vo.msecnd.net/extensions/chat.json - error GET Failed to fetch
2025-09-23 16:38:23.804 [warning] Failed to fetch chat participant registry Failed to fetch
2025-09-23 16:43:23.902 [error] [network] #6: https://az764295.vo.msecnd.net/extensions/chat.json - error GET Failed to fetch
2025-09-23 16:43:24.007 [warning] Failed to fetch chat participant registry Failed to fetch
2025-09-23 16:48:24.065 [error] [network] #7: https://az764295.vo.msecnd.net/extensions/chat.json - error GET Failed to fetch
2025-09-23 16:48:24.181 [warning] Failed to fetch chat participant registry Failed to fetch
2025-09-23 16:53:24.236 [error] [network] #8: https://az764295.vo.msecnd.net/extensions/chat.json - error GET Failed to fetch
2025-09-23 16:53:24.385 [warning] Failed to fetch chat participant registry Failed to fetch
2025-09-23 16:58:24.629 [error] [network] #9: https://az764295.vo.msecnd.net/extensions/chat.json - error GET Failed to fetch
2025-09-23 16:58:24.632 [warning] Failed to fetch chat participant registry Failed to fetch
2025-09-23 17:03:24.709 [error] [network] #10: https://az764295.vo.msecnd.net/extensions/chat.json - error GET Failed to fetch
2025-09-23 17:03:24.852 [warning] Failed to fetch chat participant registry Failed to fetch
2025-09-23 17:08:24.951 [error] [network] #11: https://az764295.vo.msecnd.net/extensions/chat.json - error GET Failed to fetch
2025-09-23 17:08:25.092 [warning] Failed to fetch chat participant registry Failed to fetch
2025-09-23 17:13:25.158 [error] [network] #12: https://az764295.vo.msecnd.net/extensions/chat.json - error GET Failed to fetch
2025-09-23 17:13:25.257 [warning] Failed to fetch chat participant registry Failed to fetch
2025-09-23 17:18:15.083 [error] [network] #21: https://marketplace.visualstudio.com/_apis/public/gallery/extensionquery - error POST Canceled
2025-09-23 17:18:16.093 [error] [network] #23: https://marketplace.visualstudio.com/_apis/public/gallery/extensionquery - error POST Canceled
2025-09-23 17:18:25.301 [error] [network] #25: https://az764295.vo.msecnd.net/extensions/chat.json - error GET Failed to fetch
2025-09-23 17:18:25.304 [warning] Failed to fetch chat participant registry Failed to fetch
2025-09-23 17:23:25.430 [error] [network] #26: https://az764295.vo.msecnd.net/extensions/chat.json - error GET Failed to fetch
2025-09-23 17:23:25.531 [warning] Failed to fetch chat participant registry Failed to fetch
2025-09-23 17:28:25.690 [error] [network] #27: https://az764295.vo.msecnd.net/extensions/chat.json - error GET Failed to fetch
2025-09-23 17:28:25.865 [warning] Failed to fetch chat participant registry Failed to fetch
2025-09-23 17:33:26.077 [error] [network] #28: https://az764295.vo.msecnd.net/extensions/chat.json - error GET Failed to fetch
2025-09-23 17:33:26.372 [warning] Failed to fetch chat participant registry Failed to fetch
2025-09-23 17:38:26.478 [error] [network] #29: https://az764295.vo.msecnd.net/extensions/chat.json - error GET Failed to fetch
2025-09-23 17:38:26.669 [warning] Failed to fetch chat participant registry Failed to fetch
2025-09-23 17:43:26.855 [error] [network] #30: https://az764295.vo.msecnd.net/extensions/chat.json - error GET Failed to fetch
2025-09-23 17:43:27.042 [warning] Failed to fetch chat participant registry Failed to fetch
2025-09-23 17:48:27.240 [error] [network] #31: https://az764295.vo.msecnd.net/extensions/chat.json - error GET Failed to fetch
2025-09-23 17:48:27.429 [warning] Failed to fetch chat participant registry Failed to fetch
2025-09-23 17:53:27.565 [error] [network] #32: https://az764295.vo.msecnd.net/extensions/chat.json - error GET Failed to fetch
2025-09-23 17:53:27.876 [warning] Failed to fetch chat participant registry Failed to fetch
2025-09-23 17:58:27.961 [error] [network] #33: https://az764295.vo.msecnd.net/extensions/chat.json - error GET Failed to fetch
2025-09-23 17:58:28.086 [warning] Failed to fetch chat participant registry Failed to fetch
2025-09-23 18:03:28.306 [error] [network] #34: https://az764295.vo.msecnd.net/extensions/chat.json - error GET Failed to fetch
2025-09-23 18:03:28.445 [warning] Failed to fetch chat participant registry Failed to fetch
2025-09-23 18:08:28.584 [error] [network] #35: https://az764295.vo.msecnd.net/extensions/chat.json - error GET Failed to fetch
2025-09-23 18:08:28.757 [warning] Failed to fetch chat participant registry Failed to fetch
2025-09-23 18:13:28.942 [error] [network] #36: https://az764295.vo.msecnd.net/extensions/chat.json - error GET Failed to fetch
2025-09-23 18:13:29.088 [warning] Failed to fetch chat participant registry Failed to fetch
2025-09-23 18:18:29.361 [error] [network] #37: https://az764295.vo.msecnd.net/extensions/chat.json - error GET Failed to fetch
2025-09-23 18:18:29.539 [warning] Failed to fetch chat participant registry Failed to fetch
2025-09-23 18:23:29.621 [error] [network] #38: https://az764295.vo.msecnd.net/extensions/chat.json - error GET Failed to fetch
2025-09-23 18:23:29.793 [warning] Failed to fetch chat participant registry Failed to fetch
2025-09-23 18:28:46.424 [error] [network] #39: https://az764295.vo.msecnd.net/extensions/chat.json - error GET Failed to fetch
2025-09-23 18:28:53.539 [warning] Failed to fetch chat participant registry Failed to fetch
2025-09-23 18:31:30.391 [info] Extension host (LocalProcess pid: 7964) is unresponsive.
2025-09-23 18:31:30.927 [info] Extension host (LocalProcess pid: 7964) is responsive.
