2025-09-23 16:28:13.034 [info] Added views:outline in workbench.view.explorer
2025-09-23 16:28:13.035 [info] Added views:workbench.view.search in workbench.view.search
2025-09-23 16:28:13.035 [info] Added views:workbench.scm in workbench.view.scm
2025-09-23 16:28:13.035 [info] Added views:workbench.panel.markers.view in workbench.panel.markers
2025-09-23 16:28:13.035 [info] Added views:workbench.panel.output in workbench.panel.output
2025-09-23 16:28:13.035 [info] Added views:terminal in terminal
2025-09-23 16:28:13.035 [info] Added views:timeline in workbench.view.explorer
2025-09-23 16:28:13.035 [info] Added views:workbench.explorer.fileView in workbench.view.explorer
2025-09-23 16:28:16.988 [info] Added views:workbench.debug.variablesView,workbench.debug.watchExpressionsView,workbench.debug.callStackView,workbench.debug.breakPointsView in workbench.view.debug
2025-09-23 16:28:17.364 [info] Added views:workbench.panel.repl.view in workbench.panel.repl
2025-09-23 16:28:17.374 [info] Removed views:workbench.debug.breakPointsView,workbench.debug.callStackView,workbench.debug.watchExpressionsView,workbench.debug.variablesView from workbench.view.debug
2025-09-23 16:28:17.378 [info] Added views:workbench.debug.welcome in workbench.view.debug
2025-09-23 16:28:19.125 [info] Added views:~remote.forwardedPorts in terminal
2025-09-23 17:17:37.685 [info] Added views:workbench.views.extensions.installed,workbench.views.extensions.popular,extensions.recommendedList in workbench.view.extensions
2025-09-23 17:17:37.724 [info] Removed views:workbench.views.extensions.popular from workbench.view.extensions
2025-09-23 17:17:43.744 [info] Removed views:extensions.recommendedList,workbench.views.extensions.installed from workbench.view.extensions
2025-09-23 17:17:43.814 [info] Added views:workbench.views.extensions.marketplace in workbench.view.extensions
2025-09-23 17:18:14.067 [info] Removed views:workbench.views.extensions.marketplace from workbench.view.extensions
2025-09-23 17:18:14.147 [info] Added views:workbench.views.extensions.installed,extensions.recommendedList in workbench.view.extensions
2025-09-23 17:18:15.017 [info] Removed views:extensions.recommendedList,workbench.views.extensions.installed from workbench.view.extensions
2025-09-23 17:18:15.076 [info] Added views:workbench.views.extensions.marketplace in workbench.view.extensions
