2025-09-23 18:36:13.077 [info] [main] Niveau du journal : Info
2025-09-23 18:36:13.077 [info] [main] Validation du git trouvé dans : «git»
2025-09-23 18:36:13.077 [info] [main] Utilisation de git "2.39.5" de "git»
2025-09-23 18:36:13.077 [info] [Model][doInitialScan] Initial repository scan started
2025-09-23 18:36:13.077 [info] > git rev-parse --show-toplevel [515ms]
2025-09-23 18:36:13.077 [info] fatal: not a git repository (or any of the parent directories): .git
2025-09-23 18:36:13.077 [info] > git rev-parse --show-toplevel [93ms]
2025-09-23 18:36:13.077 [info] fatal: not a git repository (or any of the parent directories): .git
2025-09-23 18:36:13.163 [info] > git rev-parse --show-toplevel [6769ms]
2025-09-23 18:36:13.163 [info] fatal: not a git repository (or any of the parent directories): .git
2025-09-23 18:36:13.399 [info] [Model][doInitialScan] Initial repository scan completed - repositories (0), closed repositories (0), parent repositories (0), unsafe repositories (0)
2025-09-23 18:37:17.702 [info] > git rev-parse --show-toplevel [61ms]
2025-09-23 18:37:17.703 [info] fatal: not a git repository (or any of the parent directories): .git
2025-09-23 18:37:27.824 [info] > git rev-parse --show-toplevel [10ms]
2025-09-23 18:37:27.825 [info] fatal: not a git repository (or any of the parent directories): .git
2025-09-23 18:47:06.454 [info] > git rev-parse --show-toplevel [12ms]
2025-09-23 18:47:06.455 [info] fatal: not a git repository (or any of the parent directories): .git
2025-09-23 18:48:15.962 [info] > git rev-parse --show-toplevel [11ms]
2025-09-23 18:48:15.963 [info] fatal: not a git repository (or any of the parent directories): .git
2025-09-23 18:59:54.255 [info] > git rev-parse --show-toplevel [11ms]
2025-09-23 18:59:54.255 [info] fatal: not a git repository (or any of the parent directories): .git
2025-09-23 18:59:56.048 [info] > git rev-parse --show-toplevel [12ms]
2025-09-23 18:59:56.048 [info] fatal: not a git repository (or any of the parent directories): .git
2025-09-23 18:59:58.566 [info] > git rev-parse --show-toplevel [9ms]
2025-09-23 18:59:58.566 [info] fatal: not a git repository (or any of the parent directories): .git
2025-09-23 19:28:03.770 [info] > git rev-parse --show-toplevel [25ms]
2025-09-23 19:28:03.770 [info] fatal: not a git repository (or any of the parent directories): .git
