2025-09-23 18:35:13.149 [info] update#setState idle
2025-09-23 18:35:43.746 [info] update#setState checking for updates
2025-09-23 18:35:48.540 [info] update#setState available for download
2025-09-23 19:46:33.213 [info] Extension host with pid 642 exited with code: 0, signal: unknown.
2025-09-23 19:46:33.894 [error] [UtilityProcessWorker]: terminated unexpectedly with code 20361688, signal: unknown
2025-09-23 20:51:59.952 [info] Extension host with pid 645 exited with code: 0, signal: unknown.
2025-09-23 20:52:00.002 [error] [UtilityProcessWorker]: terminated unexpectedly with code 33877368, signal: unknown
2025-09-23 22:07:23.961 [info] Extension host with pid 3526 exited with code: 0, signal: unknown.
2025-09-23 22:07:24.187 [error] [UtilityProcessWorker]: terminated unexpectedly with code 56234056, signal: unknown
2025-09-23 23:53:25.408 [warning] No ptyHost heartbeat after 6 seconds
2025-09-23 23:56:04.624 [warning] No ptyHost heartbeat after 6 seconds
2025-09-24 00:53:23.591 [warning] No ptyHost heartbeat after 6 seconds
2025-09-24 09:51:46.999 [warning] No ptyHost heartbeat after 6 seconds
2025-09-24 10:35:37.567 [warning] No ptyHost heartbeat after 6 seconds
2025-09-24 11:20:15.372 [warning] No ptyHost heartbeat after 6 seconds
2025-09-24 11:25:44.009 [warning] No ptyHost heartbeat after 6 seconds
2025-09-24 11:26:41.072 [warning] No ptyHost heartbeat after 6 seconds
2025-09-24 11:27:28.989 [warning] No ptyHost heartbeat after 6 seconds
2025-09-24 11:36:04.142 [warning] No ptyHost heartbeat after 6 seconds
2025-09-24 11:48:12.765 [warning] No ptyHost heartbeat after 6 seconds
2025-09-24 11:58:18.473 [warning] No ptyHost heartbeat after 6 seconds
2025-09-24 11:59:28.314 [warning] No ptyHost heartbeat after 6 seconds
2025-09-24 12:00:09.527 [warning] No ptyHost heartbeat after 6 seconds
2025-09-24 12:00:50.829 [warning] No ptyHost heartbeat after 6 seconds
2025-09-24 12:01:30.094 [warning] No ptyHost heartbeat after 6 seconds
2025-09-24 12:02:32.724 [warning] No ptyHost heartbeat after 6 seconds
2025-09-24 12:02:51.191 [warning] No ptyHost heartbeat after 6 seconds
2025-09-24 12:03:44.684 [warning] No ptyHost heartbeat after 6 seconds
2025-09-24 12:04:09.565 [warning] No ptyHost heartbeat after 6 seconds
2025-09-24 12:04:33.011 [warning] No ptyHost heartbeat after 6 seconds
2025-09-24 12:06:14.708 [warning] No ptyHost heartbeat after 6 seconds
2025-09-24 12:07:55.733 [warning] No ptyHost heartbeat after 6 seconds
2025-09-24 12:09:36.562 [warning] No ptyHost heartbeat after 6 seconds
2025-09-24 12:10:13.445 [warning] No ptyHost heartbeat after 6 seconds
2025-09-24 12:12:44.975 [warning] No ptyHost heartbeat after 6 seconds
2025-09-24 12:13:26.772 [warning] No ptyHost heartbeat after 6 seconds
2025-09-24 12:16:05.292 [warning] No ptyHost heartbeat after 6 seconds
2025-09-24 12:16:26.475 [warning] No ptyHost heartbeat after 6 seconds
2025-09-24 12:16:53.864 [warning] No ptyHost heartbeat after 6 seconds
2025-09-24 12:18:42.931 [warning] No ptyHost heartbeat after 6 seconds
2025-09-24 12:19:43.471 [warning] No ptyHost heartbeat after 6 seconds
2025-09-24 12:22:10.215 [warning] No ptyHost heartbeat after 6 seconds
2025-09-24 12:22:47.143 [warning] No ptyHost heartbeat after 6 seconds
2025-09-24 12:26:42.680 [warning] No ptyHost heartbeat after 6 seconds
2025-09-24 12:28:12.660 [warning] No ptyHost heartbeat after 6 seconds
2025-09-24 12:29:16.919 [warning] No ptyHost heartbeat after 6 seconds
2025-09-24 12:31:51.263 [warning] No ptyHost heartbeat after 6 seconds
2025-09-24 12:32:21.891 [warning] No ptyHost heartbeat after 6 seconds
2025-09-24 12:32:40.198 [warning] No ptyHost heartbeat after 6 seconds
2025-09-24 12:34:17.637 [warning] No ptyHost heartbeat after 6 seconds
2025-09-24 12:35:06.493 [warning] No ptyHost heartbeat after 6 seconds
2025-09-24 12:35:26.199 [warning] No ptyHost heartbeat after 6 seconds
2025-09-24 12:36:21.732 [warning] No ptyHost heartbeat after 6 seconds
2025-09-24 12:36:38.209 [warning] No ptyHost heartbeat after 6 seconds
2025-09-24 12:37:04.806 [warning] No ptyHost heartbeat after 6 seconds
2025-09-24 12:38:01.201 [warning] No ptyHost heartbeat after 6 seconds
2025-09-24 12:38:53.876 [warning] No ptyHost heartbeat after 6 seconds
2025-09-24 12:39:04.944 [warning] No ptyHost heartbeat after 6 seconds
2025-09-24 12:40:06.120 [warning] No ptyHost heartbeat after 6 seconds
2025-09-24 12:41:14.837 [warning] No ptyHost heartbeat after 6 seconds
2025-09-24 12:42:02.898 [warning] No ptyHost heartbeat after 6 seconds
2025-09-24 12:42:55.622 [warning] No ptyHost heartbeat after 6 seconds
2025-09-24 12:45:24.511 [warning] No ptyHost heartbeat after 6 seconds
2025-09-24 12:48:20.637 [warning] No ptyHost heartbeat after 6 seconds
2025-09-24 12:48:52.146 [warning] No ptyHost heartbeat after 6 seconds
2025-09-24 12:49:24.364 [warning] No ptyHost heartbeat after 6 seconds
2025-09-24 12:50:47.816 [warning] No ptyHost heartbeat after 6 seconds
2025-09-24 12:52:01.568 [warning] No ptyHost heartbeat after 6 seconds
2025-09-24 12:52:25.956 [warning] No ptyHost heartbeat after 6 seconds
2025-09-24 12:54:36.891 [warning] No ptyHost heartbeat after 6 seconds
2025-09-24 12:55:20.694 [warning] No ptyHost heartbeat after 6 seconds
2025-09-24 12:57:41.612 [warning] No ptyHost heartbeat after 6 seconds
2025-09-24 13:05:28.455 [warning] No ptyHost heartbeat after 6 seconds
2025-09-24 15:38:11.181 [warning] No ptyHost heartbeat after 6 seconds
2025-09-24 15:41:47.626 [warning] No ptyHost heartbeat after 6 seconds
2025-09-24 15:43:03.430 [error] CodeWindow: detected unresponsive
