2025-09-23 16:09:38.033 [warning] Creation of workbench contribution 'workbench.contrib.preferencesActions' took 197ms.
2025-09-23 16:09:38.123 [warning] Creation of workbench contribution 'workbench.contrib.explorerViewletViews' took 25ms.
2025-09-23 16:09:38.199 [warning] Creation of workbench contribution 'workbench.contrib.untitledTextEditorWorkingCopyEditorHandler' took 23ms.
2025-09-23 16:09:38.315 [warning] Creation of workbench contribution 'workbench.contrib.updateExperimentalSettingsDefaults' took 22ms.
2025-09-23 16:09:42.411 [info] Started local extension host with pid 7329.
2025-09-23 16:10:03.159 [error] [network] #3: https://az764295.vo.msecnd.net/extensions/chat.json - error GET Failed to fetch
2025-09-23 16:10:03.185 [warning] Failed to fetch chat participant registry Failed to fetch
2025-09-23 16:10:03.730 [info] [perf] Render performance baseline is 467ms
2025-09-23 16:15:03.297 [error] [network] #6: https://az764295.vo.msecnd.net/extensions/chat.json - error GET Failed to fetch
2025-09-23 16:15:03.300 [warning] Failed to fetch chat participant registry Failed to fetch
2025-09-23 16:23:30.286 [error] [network] #7: https://az764295.vo.msecnd.net/extensions/chat.json - error GET Failed to fetch
2025-09-23 16:23:30.394 [warning] Failed to fetch chat participant registry Failed to fetch
2025-09-23 16:28:30.425 [error] [network] #8: https://az764295.vo.msecnd.net/extensions/chat.json - error GET Failed to fetch
2025-09-23 16:28:30.429 [warning] Failed to fetch chat participant registry Failed to fetch
2025-09-23 16:33:30.465 [error] [network] #9: https://az764295.vo.msecnd.net/extensions/chat.json - error GET Failed to fetch
2025-09-23 16:33:30.545 [warning] Failed to fetch chat participant registry Failed to fetch
2025-09-23 16:38:30.593 [error] [network] #10: https://az764295.vo.msecnd.net/extensions/chat.json - error GET Failed to fetch
2025-09-23 16:38:30.729 [warning] Failed to fetch chat participant registry Failed to fetch
2025-09-23 16:43:30.783 [error] [network] #11: https://az764295.vo.msecnd.net/extensions/chat.json - error GET Failed to fetch
2025-09-23 16:43:30.883 [warning] Failed to fetch chat participant registry Failed to fetch
2025-09-23 16:48:30.924 [error] [network] #12: https://az764295.vo.msecnd.net/extensions/chat.json - error GET Failed to fetch
2025-09-23 16:48:31.049 [warning] Failed to fetch chat participant registry Failed to fetch
2025-09-23 16:53:31.080 [error] [network] #13: https://az764295.vo.msecnd.net/extensions/chat.json - error GET Failed to fetch
2025-09-23 16:53:31.170 [warning] Failed to fetch chat participant registry Failed to fetch
2025-09-23 16:58:31.198 [error] [network] #14: https://az764295.vo.msecnd.net/extensions/chat.json - error GET Failed to fetch
2025-09-23 16:58:31.256 [warning] Failed to fetch chat participant registry Failed to fetch
2025-09-23 17:03:31.295 [error] [network] #15: https://az764295.vo.msecnd.net/extensions/chat.json - error GET Failed to fetch
2025-09-23 17:03:31.412 [warning] Failed to fetch chat participant registry Failed to fetch
2025-09-23 17:08:31.443 [error] [network] #16: https://az764295.vo.msecnd.net/extensions/chat.json - error GET Failed to fetch
2025-09-23 17:08:31.535 [warning] Failed to fetch chat participant registry Failed to fetch
2025-09-23 17:13:31.586 [error] [network] #17: https://az764295.vo.msecnd.net/extensions/chat.json - error GET Failed to fetch
2025-09-23 17:13:31.718 [warning] Failed to fetch chat participant registry Failed to fetch
2025-09-23 17:18:31.753 [error] [network] #18: https://az764295.vo.msecnd.net/extensions/chat.json - error GET Failed to fetch
2025-09-23 17:18:31.860 [warning] Failed to fetch chat participant registry Failed to fetch
2025-09-23 17:23:31.894 [error] [network] #19: https://az764295.vo.msecnd.net/extensions/chat.json - error GET Failed to fetch
2025-09-23 17:23:31.897 [warning] Failed to fetch chat participant registry Failed to fetch
2025-09-23 17:28:31.961 [error] [network] #20: https://az764295.vo.msecnd.net/extensions/chat.json - error GET Failed to fetch
2025-09-23 17:28:32.080 [warning] Failed to fetch chat participant registry Failed to fetch
2025-09-23 17:33:32.124 [error] [network] #21: https://az764295.vo.msecnd.net/extensions/chat.json - error GET Failed to fetch
2025-09-23 17:33:32.306 [warning] Failed to fetch chat participant registry Failed to fetch
2025-09-23 17:38:32.334 [error] [network] #22: https://az764295.vo.msecnd.net/extensions/chat.json - error GET Failed to fetch
2025-09-23 17:38:32.444 [warning] Failed to fetch chat participant registry Failed to fetch
2025-09-23 17:43:32.475 [error] [network] #23: https://az764295.vo.msecnd.net/extensions/chat.json - error GET Failed to fetch
2025-09-23 17:43:32.577 [warning] Failed to fetch chat participant registry Failed to fetch
2025-09-23 17:48:32.635 [error] [network] #24: https://az764295.vo.msecnd.net/extensions/chat.json - error GET Failed to fetch
2025-09-23 17:48:32.754 [warning] Failed to fetch chat participant registry Failed to fetch
2025-09-23 17:53:32.830 [error] [network] #25: https://az764295.vo.msecnd.net/extensions/chat.json - error GET Failed to fetch
2025-09-23 17:53:33.002 [warning] Failed to fetch chat participant registry Failed to fetch
2025-09-23 17:58:33.054 [error] [network] #26: https://az764295.vo.msecnd.net/extensions/chat.json - error GET Failed to fetch
2025-09-23 17:58:33.224 [warning] Failed to fetch chat participant registry Failed to fetch
2025-09-23 18:03:33.269 [error] [network] #27: https://az764295.vo.msecnd.net/extensions/chat.json - error GET Failed to fetch
2025-09-23 18:03:33.354 [warning] Failed to fetch chat participant registry Failed to fetch
2025-09-23 18:08:33.413 [error] [network] #28: https://az764295.vo.msecnd.net/extensions/chat.json - error GET Failed to fetch
2025-09-23 18:08:33.571 [warning] Failed to fetch chat participant registry Failed to fetch
2025-09-23 18:13:33.637 [error] [network] #29: https://az764295.vo.msecnd.net/extensions/chat.json - error GET Failed to fetch
2025-09-23 18:13:33.833 [warning] Failed to fetch chat participant registry Failed to fetch
2025-09-23 18:18:33.881 [error] [network] #30: https://az764295.vo.msecnd.net/extensions/chat.json - error GET Failed to fetch
2025-09-23 18:18:34.038 [warning] Failed to fetch chat participant registry Failed to fetch
2025-09-23 18:23:34.096 [error] [network] #31: https://az764295.vo.msecnd.net/extensions/chat.json - error GET Failed to fetch
2025-09-23 18:23:34.189 [warning] Failed to fetch chat participant registry Failed to fetch
2025-09-23 18:28:55.324 [error] [network] #32: https://az764295.vo.msecnd.net/extensions/chat.json - error GET Failed to fetch
2025-09-23 18:28:55.456 [warning] Failed to fetch chat participant registry Failed to fetch
