2025-09-23 18:35:21.402 [warning] Creation of workbench contribution 'workbench.contrib.preferencesActions' took 109ms.
2025-09-23 18:35:21.504 [warning] Creation of workbench contribution 'workbench.contrib.explorerViewletViews' took 33ms.
2025-09-23 18:35:21.647 [warning] Creation of workbench contribution 'workbench.contrib.notebookChatContribution' took 40ms.
2025-09-23 18:35:21.694 [warning] Creation of workbench contribution 'workbench.contrib.interactiveDocument' took 31ms.
2025-09-23 18:35:21.762 [warning] Creation of workbench contribution 'workbench.contrib.updateExperimentalSettingsDefaults' took 26ms.
2025-09-23 18:35:31.032 [info] Started local extension host with pid 767.
2025-09-23 18:35:44.512 [error] [network] #1: https://az764295.vo.msecnd.net/extensions/chat.json - error GET Failed to fetch
2025-09-23 18:35:44.515 [warning] Failed to fetch chat participant registry Failed to fetch
2025-09-23 18:36:04.692 [info] [perf] Render performance baseline is -1ms
2025-09-23 18:36:09.616 [info] Extension host (LocalProcess pid: 767) is unresponsive.
2025-09-23 18:36:16.135 [info] Extension host (LocalProcess pid: 767) is responsive.
2025-09-23 18:40:44.251 [error] [network] #4: https://az764295.vo.msecnd.net/extensions/chat.json - error GET Failed to fetch
2025-09-23 18:40:44.254 [warning] Failed to fetch chat participant registry Failed to fetch
2025-09-23 18:45:44.309 [error] [network] #5: https://az764295.vo.msecnd.net/extensions/chat.json - error GET Failed to fetch
2025-09-23 18:45:44.413 [warning] Failed to fetch chat participant registry Failed to fetch
2025-09-23 18:50:44.443 [error] [network] #6: https://az764295.vo.msecnd.net/extensions/chat.json - error GET Failed to fetch
2025-09-23 18:50:44.537 [warning] Failed to fetch chat participant registry Failed to fetch
2025-09-23 18:55:44.581 [error] [network] #7: https://az764295.vo.msecnd.net/extensions/chat.json - error GET Failed to fetch
2025-09-23 18:55:44.653 [warning] Failed to fetch chat participant registry Failed to fetch
2025-09-23 19:00:44.695 [error] [network] #8: https://az764295.vo.msecnd.net/extensions/chat.json - error GET Failed to fetch
2025-09-23 19:00:44.820 [warning] Failed to fetch chat participant registry Failed to fetch
2025-09-23 19:05:44.863 [error] [network] #9: https://az764295.vo.msecnd.net/extensions/chat.json - error GET Failed to fetch
2025-09-23 19:05:45.024 [warning] Failed to fetch chat participant registry Failed to fetch
2025-09-23 19:27:05.182 [error] [network] #10: https://az764295.vo.msecnd.net/extensions/chat.json - error GET Failed to fetch
2025-09-23 19:27:05.319 [warning] Failed to fetch chat participant registry Failed to fetch
2025-09-23 19:32:05.336 [error] [network] #11: https://az764295.vo.msecnd.net/extensions/chat.json - error GET Failed to fetch
2025-09-23 19:32:05.408 [warning] Failed to fetch chat participant registry Failed to fetch
2025-09-23 19:37:05.458 [error] [network] #12: https://az764295.vo.msecnd.net/extensions/chat.json - error GET Failed to fetch
2025-09-23 19:37:05.552 [warning] Failed to fetch chat participant registry Failed to fetch
2025-09-23 19:42:05.719 [error] [network] #13: https://az764295.vo.msecnd.net/extensions/chat.json - error GET Failed to fetch
2025-09-23 19:42:05.937 [warning] Failed to fetch chat participant registry Failed to fetch
2025-09-23 19:47:05.985 [error] [network] #14: https://az764295.vo.msecnd.net/extensions/chat.json - error GET Failed to fetch
2025-09-23 19:47:06.032 [warning] Failed to fetch chat participant registry Failed to fetch
2025-09-23 19:52:06.073 [error] [network] #15: https://az764295.vo.msecnd.net/extensions/chat.json - error GET Failed to fetch
2025-09-23 19:52:06.075 [warning] Failed to fetch chat participant registry Failed to fetch
2025-09-23 19:57:06.125 [error] [network] #16: https://az764295.vo.msecnd.net/extensions/chat.json - error GET Failed to fetch
2025-09-23 19:57:06.128 [warning] Failed to fetch chat participant registry Failed to fetch
2025-09-23 20:02:06.166 [error] [network] #17: https://az764295.vo.msecnd.net/extensions/chat.json - error GET Failed to fetch
2025-09-23 20:02:06.170 [warning] Failed to fetch chat participant registry Failed to fetch
2025-09-23 20:07:06.203 [error] [network] #18: https://az764295.vo.msecnd.net/extensions/chat.json - error GET Failed to fetch
2025-09-23 20:07:06.338 [warning] Failed to fetch chat participant registry Failed to fetch
2025-09-23 20:12:06.404 [error] [network] #19: https://az764295.vo.msecnd.net/extensions/chat.json - error GET Failed to fetch
2025-09-23 20:12:06.530 [warning] Failed to fetch chat participant registry Failed to fetch
2025-09-23 20:17:06.574 [error] [network] #20: https://az764295.vo.msecnd.net/extensions/chat.json - error GET Failed to fetch
2025-09-23 20:17:06.694 [warning] Failed to fetch chat participant registry Failed to fetch
2025-09-23 20:22:06.724 [error] [network] #21: https://az764295.vo.msecnd.net/extensions/chat.json - error GET Failed to fetch
2025-09-23 20:22:06.828 [warning] Failed to fetch chat participant registry Failed to fetch
2025-09-23 20:27:06.876 [error] [network] #22: https://az764295.vo.msecnd.net/extensions/chat.json - error GET Failed to fetch
2025-09-23 20:27:06.968 [warning] Failed to fetch chat participant registry Failed to fetch
2025-09-23 20:32:07.003 [error] [network] #23: https://az764295.vo.msecnd.net/extensions/chat.json - error GET Failed to fetch
2025-09-23 20:32:07.090 [warning] Failed to fetch chat participant registry Failed to fetch
2025-09-23 20:37:07.125 [error] [network] #24: https://az764295.vo.msecnd.net/extensions/chat.json - error GET Failed to fetch
2025-09-23 20:37:07.252 [warning] Failed to fetch chat participant registry Failed to fetch
2025-09-23 20:42:07.283 [error] [network] #25: https://az764295.vo.msecnd.net/extensions/chat.json - error GET Failed to fetch
2025-09-23 20:42:07.391 [warning] Failed to fetch chat participant registry Failed to fetch
2025-09-23 20:47:07.422 [error] [network] #26: https://az764295.vo.msecnd.net/extensions/chat.json - error GET Failed to fetch
2025-09-23 20:47:07.528 [warning] Failed to fetch chat participant registry Failed to fetch
2025-09-23 20:52:07.569 [error] [network] #27: https://az764295.vo.msecnd.net/extensions/chat.json - error GET Failed to fetch
2025-09-23 20:52:07.711 [warning] Failed to fetch chat participant registry Failed to fetch
2025-09-23 20:57:07.730 [error] [network] #28: https://az764295.vo.msecnd.net/extensions/chat.json - error GET Failed to fetch
2025-09-23 20:57:07.732 [warning] Failed to fetch chat participant registry Failed to fetch
2025-09-23 21:02:07.767 [error] [network] #29: https://az764295.vo.msecnd.net/extensions/chat.json - error GET Failed to fetch
2025-09-23 21:02:07.916 [warning] Failed to fetch chat participant registry Failed to fetch
2025-09-23 21:07:07.945 [error] [network] #30: https://az764295.vo.msecnd.net/extensions/chat.json - error GET Failed to fetch
2025-09-23 21:07:08.000 [warning] Failed to fetch chat participant registry Failed to fetch
2025-09-23 21:12:08.082 [error] [network] #31: https://az764295.vo.msecnd.net/extensions/chat.json - error GET Failed to fetch
2025-09-23 21:12:08.086 [warning] Failed to fetch chat participant registry Failed to fetch
2025-09-23 21:17:08.117 [error] [network] #32: https://az764295.vo.msecnd.net/extensions/chat.json - error GET Failed to fetch
2025-09-23 21:17:08.207 [warning] Failed to fetch chat participant registry Failed to fetch
2025-09-23 21:22:08.234 [error] [network] #33: https://az764295.vo.msecnd.net/extensions/chat.json - error GET Failed to fetch
2025-09-23 21:22:08.310 [warning] Failed to fetch chat participant registry Failed to fetch
2025-09-23 21:27:08.358 [error] [network] #34: https://az764295.vo.msecnd.net/extensions/chat.json - error GET Failed to fetch
2025-09-23 21:27:08.362 [warning] Failed to fetch chat participant registry Failed to fetch
2025-09-23 21:32:08.425 [error] [network] #35: https://az764295.vo.msecnd.net/extensions/chat.json - error GET Failed to fetch
2025-09-23 21:32:08.555 [warning] Failed to fetch chat participant registry Failed to fetch
2025-09-23 21:37:08.579 [error] [network] #36: https://az764295.vo.msecnd.net/extensions/chat.json - error GET Failed to fetch
2025-09-23 21:37:08.660 [warning] Failed to fetch chat participant registry Failed to fetch
2025-09-23 21:42:08.735 [error] [network] #37: https://az764295.vo.msecnd.net/extensions/chat.json - error GET Failed to fetch
2025-09-23 21:42:08.840 [warning] Failed to fetch chat participant registry Failed to fetch
2025-09-23 21:47:08.869 [error] [network] #38: https://az764295.vo.msecnd.net/extensions/chat.json - error GET Failed to fetch
2025-09-23 21:47:08.947 [warning] Failed to fetch chat participant registry Failed to fetch
2025-09-23 21:52:08.991 [error] [network] #39: https://az764295.vo.msecnd.net/extensions/chat.json - error GET Failed to fetch
2025-09-23 21:52:09.114 [warning] Failed to fetch chat participant registry Failed to fetch
2025-09-23 21:57:09.250 [error] [network] #40: https://az764295.vo.msecnd.net/extensions/chat.json - error GET Failed to fetch
2025-09-23 21:57:09.356 [warning] Failed to fetch chat participant registry Failed to fetch
2025-09-23 22:02:09.382 [error] [network] #41: https://az764295.vo.msecnd.net/extensions/chat.json - error GET Failed to fetch
2025-09-23 22:02:09.477 [warning] Failed to fetch chat participant registry Failed to fetch
2025-09-23 22:07:09.531 [error] [network] #42: https://az764295.vo.msecnd.net/extensions/chat.json - error GET Failed to fetch
2025-09-23 22:07:09.606 [warning] Failed to fetch chat participant registry Failed to fetch
2025-09-23 22:12:09.652 [error] [network] #43: https://az764295.vo.msecnd.net/extensions/chat.json - error GET Failed to fetch
2025-09-23 22:12:09.808 [warning] Failed to fetch chat participant registry Failed to fetch
2025-09-23 22:17:09.839 [error] [network] #44: https://az764295.vo.msecnd.net/extensions/chat.json - error GET Failed to fetch
2025-09-23 22:17:09.914 [warning] Failed to fetch chat participant registry Failed to fetch
2025-09-23 23:53:33.325 [error] [network] #45: https://az764295.vo.msecnd.net/extensions/chat.json - error GET Failed to fetch
2025-09-23 23:53:33.783 [warning] Failed to fetch chat participant registry Failed to fetch
2025-09-23 23:58:33.754 [error] [network] #46: https://az764295.vo.msecnd.net/extensions/chat.json - error GET Failed to fetch
2025-09-23 23:58:33.940 [warning] Failed to fetch chat participant registry Failed to fetch
2025-09-24 00:53:31.877 [error] [network] #47: https://az764295.vo.msecnd.net/extensions/chat.json - error GET Failed to fetch
2025-09-24 00:53:32.010 [warning] Failed to fetch chat participant registry Failed to fetch
2025-09-24 09:51:51.201 [error] [network] #49: https://marketplace.visualstudio.com/_apis/public/gallery/extensionquery - error POST Failed to fetch
2025-09-24 09:51:56.275 [error] [network] #48: https://az764295.vo.msecnd.net/extensions/chat.json - error GET Failed to fetch
2025-09-24 09:51:56.357 [warning] Failed to fetch chat participant registry Failed to fetch
2025-09-24 09:56:56.392 [error] [network] #50: https://az764295.vo.msecnd.net/extensions/chat.json - error GET Failed to fetch
2025-09-24 09:56:56.509 [warning] Failed to fetch chat participant registry Failed to fetch
2025-09-24 10:01:56.556 [error] [network] #51: https://az764295.vo.msecnd.net/extensions/chat.json - error GET Failed to fetch
2025-09-24 10:01:56.764 [warning] Failed to fetch chat participant registry Failed to fetch
2025-09-24 10:06:56.800 [error] [network] #52: https://az764295.vo.msecnd.net/extensions/chat.json - error GET Failed to fetch
2025-09-24 10:06:56.929 [warning] Failed to fetch chat participant registry Failed to fetch
2025-09-24 10:11:57.003 [error] [network] #53: https://az764295.vo.msecnd.net/extensions/chat.json - error GET Failed to fetch
2025-09-24 10:11:57.160 [warning] Failed to fetch chat participant registry Failed to fetch
2025-09-24 10:16:57.201 [error] [network] #54: https://az764295.vo.msecnd.net/extensions/chat.json - error GET Failed to fetch
2025-09-24 10:16:57.377 [warning] Failed to fetch chat participant registry Failed to fetch
2025-09-24 10:21:57.494 [error] [network] #55: https://az764295.vo.msecnd.net/extensions/chat.json - error GET Failed to fetch
2025-09-24 10:21:57.801 [warning] Failed to fetch chat participant registry Failed to fetch
2025-09-24 10:35:47.761 [error] [network] #56: https://az764295.vo.msecnd.net/extensions/chat.json - error GET Failed to fetch
2025-09-24 10:35:48.552 [warning] Failed to fetch chat participant registry Failed to fetch
2025-09-24 10:40:48.595 [error] [network] #57: https://az764295.vo.msecnd.net/extensions/chat.json - error GET Failed to fetch
2025-09-24 10:40:48.753 [warning] Failed to fetch chat participant registry Failed to fetch
2025-09-24 10:45:48.804 [error] [network] #58: https://az764295.vo.msecnd.net/extensions/chat.json - error GET Failed to fetch
2025-09-24 10:45:48.969 [warning] Failed to fetch chat participant registry Failed to fetch
2025-09-24 10:50:49.020 [error] [network] #59: https://az764295.vo.msecnd.net/extensions/chat.json - error GET Failed to fetch
2025-09-24 10:50:49.204 [warning] Failed to fetch chat participant registry Failed to fetch
2025-09-24 10:55:49.234 [error] [network] #60: https://az764295.vo.msecnd.net/extensions/chat.json - error GET Failed to fetch
2025-09-24 10:55:49.370 [warning] Failed to fetch chat participant registry Failed to fetch
2025-09-24 11:00:49.417 [error] [network] #61: https://az764295.vo.msecnd.net/extensions/chat.json - error GET Failed to fetch
2025-09-24 11:00:49.579 [warning] Failed to fetch chat participant registry Failed to fetch
2025-09-24 11:05:49.633 [error] [network] #62: https://az764295.vo.msecnd.net/extensions/chat.json - error GET Failed to fetch
2025-09-24 11:05:49.825 [warning] Failed to fetch chat participant registry Failed to fetch
2025-09-24 11:10:49.888 [error] [network] #63: https://az764295.vo.msecnd.net/extensions/chat.json - error GET Failed to fetch
2025-09-24 11:10:50.045 [warning] Failed to fetch chat participant registry Failed to fetch
2025-09-24 11:15:50.086 [error] [network] #64: https://az764295.vo.msecnd.net/extensions/chat.json - error GET Failed to fetch
2025-09-24 11:15:50.239 [warning] Failed to fetch chat participant registry Failed to fetch
2025-09-24 11:20:50.342 [error] [network] #65: https://az764295.vo.msecnd.net/extensions/chat.json - error GET Failed to fetch
2025-09-24 11:20:50.752 [warning] Failed to fetch chat participant registry Failed to fetch
2025-09-24 11:27:50.399 [error] [network] #66: https://az764295.vo.msecnd.net/extensions/chat.json - error GET Failed to fetch
2025-09-24 11:27:50.482 [warning] Failed to fetch chat participant registry Failed to fetch
2025-09-24 11:32:51.700 [error] [network] #67: https://az764295.vo.msecnd.net/extensions/chat.json - error GET Failed to fetch
2025-09-24 11:32:51.904 [warning] Failed to fetch chat participant registry Failed to fetch
2025-09-24 11:37:58.082 [error] [network] #68: https://az764295.vo.msecnd.net/extensions/chat.json - error GET Failed to fetch
2025-09-24 11:38:01.359 [warning] Failed to fetch chat participant registry Failed to fetch
2025-09-24 11:43:04.624 [error] [network] #69: https://az764295.vo.msecnd.net/extensions/chat.json - error GET Failed to fetch
2025-09-24 11:43:05.533 [warning] Failed to fetch chat participant registry Failed to fetch
2025-09-24 11:48:12.011 [error] [network] #70: https://az764295.vo.msecnd.net/extensions/chat.json - error GET Failed to fetch
2025-09-24 11:48:12.910 [warning] Failed to fetch chat participant registry Failed to fetch
2025-09-24 11:53:14.832 [error] [network] #71: https://az764295.vo.msecnd.net/extensions/chat.json - error GET Failed to fetch
2025-09-24 11:53:15.747 [warning] Failed to fetch chat participant registry Failed to fetch
2025-09-24 11:58:27.014 [error] [network] #72: https://az764295.vo.msecnd.net/extensions/chat.json - error GET Failed to fetch
2025-09-24 12:00:06.355 [warning] Failed to fetch chat participant registry Failed to fetch
2025-09-24 12:04:33.965 [error] [network] #73: https://az764295.vo.msecnd.net/extensions/chat.json - error GET Failed to fetch
2025-09-24 12:04:34.084 [warning] Failed to fetch chat participant registry Failed to fetch
2025-09-24 12:10:45.268 [error] [network] #74: https://az764295.vo.msecnd.net/extensions/chat.json - error GET Failed to fetch
2025-09-24 12:10:46.586 [warning] Failed to fetch chat participant registry Failed to fetch
2025-09-24 12:17:06.056 [error] [network] #75: https://az764295.vo.msecnd.net/extensions/chat.json - error GET Failed to fetch
2025-09-24 12:17:06.217 [warning] Failed to fetch chat participant registry Failed to fetch
2025-09-24 12:22:45.287 [error] [network] #76: https://az764295.vo.msecnd.net/extensions/chat.json - error GET Failed to fetch
2025-09-24 12:22:47.707 [warning] Failed to fetch chat participant registry Failed to fetch
2025-09-24 12:28:13.072 [error] [network] #77: https://az764295.vo.msecnd.net/extensions/chat.json - error GET Failed to fetch
2025-09-24 12:28:13.375 [warning] Failed to fetch chat participant registry Failed to fetch
2025-09-24 12:33:17.283 [error] [network] #78: https://az764295.vo.msecnd.net/extensions/chat.json - error GET Failed to fetch
2025-09-24 12:33:25.670 [warning] Failed to fetch chat participant registry Failed to fetch
2025-09-24 12:38:24.438 [error] [network] #79: https://az764295.vo.msecnd.net/extensions/chat.json - error GET Failed to fetch
2025-09-24 12:38:28.216 [warning] Failed to fetch chat participant registry Failed to fetch
2025-09-24 12:44:14.934 [error] [network] #80: https://az764295.vo.msecnd.net/extensions/chat.json - error GET Failed to fetch
2025-09-24 12:44:15.207 [warning] Failed to fetch chat participant registry Failed to fetch
2025-09-24 12:49:33.664 [error] [network] #81: https://az764295.vo.msecnd.net/extensions/chat.json - error GET Failed to fetch
2025-09-24 12:49:40.075 [warning] Failed to fetch chat participant registry Failed to fetch
2025-09-24 12:54:50.167 [error] [network] #82: https://az764295.vo.msecnd.net/extensions/chat.json - error GET Failed to fetch
2025-09-24 12:54:58.914 [warning] Failed to fetch chat participant registry Failed to fetch
2025-09-24 13:00:01.565 [error] [network] #83: https://az764295.vo.msecnd.net/extensions/chat.json - error GET Failed to fetch
2025-09-24 13:00:03.401 [warning] Failed to fetch chat participant registry Failed to fetch
2025-09-24 13:05:11.334 [error] [network] #84: https://az764295.vo.msecnd.net/extensions/chat.json - error GET Failed to fetch
2025-09-24 13:05:13.928 [warning] Failed to fetch chat participant registry Failed to fetch
2025-09-24 13:10:17.078 [error] [network] #85: https://az764295.vo.msecnd.net/extensions/chat.json - error GET Failed to fetch
2025-09-24 13:10:17.526 [warning] Failed to fetch chat participant registry Failed to fetch
2025-09-24 15:46:05.769 [error] [network] #86: https://az764295.vo.msecnd.net/extensions/chat.json - error GET Failed to fetch
2025-09-24 15:46:06.498 [warning] Failed to fetch chat participant registry Failed to fetch
