2025-09-23 18:26:53.238 [warning] Creation of workbench contribution 'workbench.contrib.preferencesActions' took 23ms.
2025-09-23 18:26:55.044 [info] Started local extension host with pid 9317.
2025-09-23 18:27:11.070 [info] Extension host (LocalProcess pid: 9317) is unresponsive.
2025-09-23 18:27:16.300 [info] Extension host (LocalProcess pid: 9317) is responsive.
2025-09-23 18:27:16.553 [warning] Creation of workbench contribution 'workbench.contrib.configurationMigration' took 103ms.
2025-09-23 18:27:16.568 [info] Extension host (LocalProcess pid: 9317) is unresponsive.
2025-09-23 18:27:16.570 [info] Extension host (LocalProcess pid: 9317) is responsive.
2025-09-23 18:27:25.586 [info] [perf] Render performance baseline is 668ms
2025-09-23 18:27:26.496 [error] [network] #3: https://az764295.vo.msecnd.net/extensions/chat.json - error GET Failed to fetch
2025-09-23 18:27:26.499 [warning] Failed to fetch chat participant registry Failed to fetch
2025-09-23 18:27:42.835 [warning] Creation of workbench contribution 'workbench.contrib.preferencesActions' took 23ms.
2025-09-23 18:27:43.873 [info] Started local extension host with pid 9378.
2025-09-23 18:28:01.742 [error] [network] #3: https://az764295.vo.msecnd.net/extensions/chat.json - error GET Failed to fetch
2025-09-23 18:28:01.780 [warning] Failed to fetch chat participant registry Failed to fetch
2025-09-23 18:28:10.097 [info] Extension host (LocalProcess pid: 9378) is unresponsive.
2025-09-23 18:28:10.108 [info] Extension host (LocalProcess pid: 9378) is responsive.
2025-09-23 18:28:12.335 [info] [perf] Render performance baseline is 411ms
2025-09-23 18:28:28.173 [info] Extension host (LocalProcess pid: 9378) is unresponsive.
2025-09-23 18:28:28.346 [info] Extension host (LocalProcess pid: 9378) is responsive.
2025-09-23 18:28:28.348 [info] UNRESPONSIVE extension host: received responsive event and cancelling profiling session
2025-09-23 18:28:30.540 [info] UNRESPONSIVE extension host: starting to profile NOW
2025-09-23 18:31:29.295 [info] Extension host (LocalProcess pid: 9378) is unresponsive.
2025-09-23 18:32:09.792 [info] Extension host (LocalProcess pid: 9378) is responsive.
2025-09-23 18:32:11.311 [info] UNRESPONSIVE extension host: received responsive event and cancelling profiling session
