2025-09-23 18:26:54.375 [info] Added views:outline in workbench.view.explorer
2025-09-23 18:26:54.375 [info] Added views:workbench.view.search in workbench.view.search
2025-09-23 18:26:54.375 [info] Added views:workbench.scm in workbench.view.scm
2025-09-23 18:26:54.375 [info] Added views:workbench.panel.markers.view in workbench.panel.markers
2025-09-23 18:26:54.375 [info] Added views:workbench.panel.output in workbench.panel.output
2025-09-23 18:26:54.375 [info] Added views:terminal in terminal
2025-09-23 18:26:54.375 [info] Added views:timeline in workbench.view.explorer
2025-09-23 18:26:54.375 [info] Added views:workbench.explorer.emptyView in workbench.view.explorer
2025-09-23 18:26:56.324 [info] Added views:workbench.debug.variablesView,workbench.debug.watchExpressionsView,workbench.debug.callStackView,workbench.debug.breakPointsView in workbench.view.debug
2025-09-23 18:27:01.351 [info] Added views:workbench.panel.repl.view in workbench.panel.repl
2025-09-23 18:27:01.358 [info] Removed views:workbench.debug.breakPointsView,workbench.debug.callStackView,workbench.debug.watchExpressionsView,workbench.debug.variablesView from workbench.view.debug
2025-09-23 18:27:01.363 [info] Added views:workbench.debug.welcome in workbench.view.debug
2025-09-23 18:27:01.999 [info] Added views:~remote.forwardedPorts in terminal
2025-09-23 18:27:43.507 [info] Added views:outline in workbench.view.explorer
2025-09-23 18:27:43.507 [info] Added views:workbench.view.search in workbench.view.search
2025-09-23 18:27:43.507 [info] Added views:workbench.scm in workbench.view.scm
2025-09-23 18:27:43.507 [info] Added views:workbench.panel.markers.view in workbench.panel.markers
2025-09-23 18:27:43.507 [info] Added views:workbench.panel.output in workbench.panel.output
2025-09-23 18:27:43.507 [info] Added views:terminal in terminal
2025-09-23 18:27:43.507 [info] Added views:timeline in workbench.view.explorer
2025-09-23 18:27:43.508 [info] Added views:workbench.explorer.fileView in workbench.view.explorer
2025-09-23 18:27:43.844 [info] Added views:workbench.debug.welcome in workbench.view.debug
2025-09-23 18:27:55.981 [info] Added views:workbench.panel.repl.view in workbench.panel.repl
2025-09-23 18:27:58.237 [info] Added views:~remote.forwardedPorts in terminal
