2025-09-23 22:08:13.154 [warning] Creation of workbench contribution 'workbench.contrib.preferencesActions' took 24ms.
2025-09-23 22:08:14.695 [info] Started local extension host with pid 3714.
2025-09-23 22:08:27.167 [error] [network] #3: https://az764295.vo.msecnd.net/extensions/chat.json - error GET Failed to fetch
2025-09-23 22:08:27.170 [warning] Failed to fetch chat participant registry Failed to fetch
2025-09-23 22:08:27.487 [info] [perf] Render performance baseline is 449ms
2025-09-23 22:13:27.379 [error] [network] #4: https://az764295.vo.msecnd.net/extensions/chat.json - error GET Failed to fetch
2025-09-23 22:13:27.382 [warning] Failed to fetch chat participant registry Failed to fetch
2025-09-23 22:18:27.458 [error] [network] #5: https://az764295.vo.msecnd.net/extensions/chat.json - error GET Failed to fetch
2025-09-23 22:18:27.555 [warning] Failed to fetch chat participant registry Failed to fetch
2025-09-23 23:53:33.282 [error] [network] #6: https://az764295.vo.msecnd.net/extensions/chat.json - error GET Failed to fetch
2025-09-23 23:53:33.440 [warning] Failed to fetch chat participant registry Failed to fetch
2025-09-23 23:58:33.484 [error] [network] #7: https://az764295.vo.msecnd.net/extensions/chat.json - error GET Failed to fetch
2025-09-23 23:58:33.672 [warning] Failed to fetch chat participant registry Failed to fetch
2025-09-24 00:53:25.671 [error] [network] #8: https://az764295.vo.msecnd.net/extensions/chat.json - error GET Failed to fetch
2025-09-24 00:53:25.923 [warning] Failed to fetch chat participant registry Failed to fetch
2025-09-24 09:51:51.167 [error] [network] #9: https://az764295.vo.msecnd.net/extensions/chat.json - error GET Failed to fetch
2025-09-24 09:51:51.479 [warning] Failed to fetch chat participant registry Failed to fetch
2025-09-24 09:56:51.532 [error] [network] #10: https://az764295.vo.msecnd.net/extensions/chat.json - error GET Failed to fetch
2025-09-24 09:56:51.774 [warning] Failed to fetch chat participant registry Failed to fetch
2025-09-24 10:01:51.755 [error] [network] #11: https://az764295.vo.msecnd.net/extensions/chat.json - error GET Failed to fetch
2025-09-24 10:01:51.888 [warning] Failed to fetch chat participant registry Failed to fetch
2025-09-24 10:06:51.955 [error] [network] #12: https://az764295.vo.msecnd.net/extensions/chat.json - error GET Failed to fetch
2025-09-24 10:06:52.060 [warning] Failed to fetch chat participant registry Failed to fetch
2025-09-24 10:11:52.101 [error] [network] #15: https://az764295.vo.msecnd.net/extensions/chat.json - error GET Failed to fetch
2025-09-24 10:11:52.170 [warning] Failed to fetch chat participant registry Failed to fetch
2025-09-24 10:16:52.320 [error] [network] #16: https://az764295.vo.msecnd.net/extensions/chat.json - error GET Failed to fetch
2025-09-24 10:16:52.478 [warning] Failed to fetch chat participant registry Failed to fetch
2025-09-24 10:21:52.554 [error] [network] #17: https://az764295.vo.msecnd.net/extensions/chat.json - error GET Failed to fetch
2025-09-24 10:21:52.863 [warning] Failed to fetch chat participant registry Failed to fetch
2025-09-24 10:35:42.663 [error] [network] #18: https://az764295.vo.msecnd.net/extensions/chat.json - error GET Failed to fetch
2025-09-24 10:35:42.838 [warning] Failed to fetch chat participant registry Failed to fetch
2025-09-24 10:40:42.979 [error] [network] #19: https://az764295.vo.msecnd.net/extensions/chat.json - error GET Failed to fetch
2025-09-24 10:40:43.168 [warning] Failed to fetch chat participant registry Failed to fetch
2025-09-24 10:45:43.432 [error] [network] #20: https://az764295.vo.msecnd.net/extensions/chat.json - error GET Failed to fetch
2025-09-24 10:45:43.631 [warning] Failed to fetch chat participant registry Failed to fetch
2025-09-24 10:50:43.724 [error] [network] #21: https://az764295.vo.msecnd.net/extensions/chat.json - error GET Failed to fetch
2025-09-24 10:50:43.962 [warning] Failed to fetch chat participant registry Failed to fetch
2025-09-24 10:55:44.176 [error] [network] #22: https://az764295.vo.msecnd.net/extensions/chat.json - error GET Failed to fetch
2025-09-24 10:55:44.326 [warning] Failed to fetch chat participant registry Failed to fetch
2025-09-24 11:00:44.472 [error] [network] #23: https://az764295.vo.msecnd.net/extensions/chat.json - error GET Failed to fetch
2025-09-24 11:00:45.033 [warning] Failed to fetch chat participant registry Failed to fetch
2025-09-24 11:05:45.183 [error] [network] #24: https://az764295.vo.msecnd.net/extensions/chat.json - error GET Failed to fetch
2025-09-24 11:05:45.424 [warning] Failed to fetch chat participant registry Failed to fetch
2025-09-24 11:10:45.519 [error] [network] #25: https://az764295.vo.msecnd.net/extensions/chat.json - error GET Failed to fetch
2025-09-24 11:10:45.698 [warning] Failed to fetch chat participant registry Failed to fetch
2025-09-24 11:15:45.979 [error] [network] #26: https://az764295.vo.msecnd.net/extensions/chat.json - error GET Failed to fetch
2025-09-24 11:15:46.283 [warning] Failed to fetch chat participant registry Failed to fetch
2025-09-24 11:20:46.819 [error] [network] #27: https://az764295.vo.msecnd.net/extensions/chat.json - error GET Failed to fetch
2025-09-24 11:20:47.155 [warning] Failed to fetch chat participant registry Failed to fetch
2025-09-24 11:27:49.552 [error] [network] #28: https://az764295.vo.msecnd.net/extensions/chat.json - error GET Failed to fetch
2025-09-24 11:27:50.121 [warning] Failed to fetch chat participant registry Failed to fetch
2025-09-24 11:32:51.661 [error] [network] #29: https://az764295.vo.msecnd.net/extensions/chat.json - error GET Failed to fetch
2025-09-24 11:32:51.905 [warning] Failed to fetch chat participant registry Failed to fetch
2025-09-24 11:37:58.021 [error] [network] #30: https://az764295.vo.msecnd.net/extensions/chat.json - error GET Failed to fetch
2025-09-24 11:38:01.357 [warning] Failed to fetch chat participant registry Failed to fetch
2025-09-24 11:43:04.581 [error] [network] #31: https://az764295.vo.msecnd.net/extensions/chat.json - error GET Failed to fetch
2025-09-24 11:43:05.524 [warning] Failed to fetch chat participant registry Failed to fetch
2025-09-24 11:48:09.417 [error] [network] #32: https://az764295.vo.msecnd.net/extensions/chat.json - error GET Failed to fetch
2025-09-24 11:48:12.907 [warning] Failed to fetch chat participant registry Failed to fetch
2025-09-24 11:53:14.864 [error] [network] #33: https://az764295.vo.msecnd.net/extensions/chat.json - error GET Failed to fetch
2025-09-24 11:53:15.750 [warning] Failed to fetch chat participant registry Failed to fetch
2025-09-24 11:58:26.989 [error] [network] #34: https://az764295.vo.msecnd.net/extensions/chat.json - error GET Failed to fetch
2025-09-24 11:59:49.982 [warning] Failed to fetch chat participant registry Failed to fetch
2025-09-24 12:04:33.820 [error] [network] #35: https://az764295.vo.msecnd.net/extensions/chat.json - error GET Failed to fetch
2025-09-24 12:04:33.960 [warning] Failed to fetch chat participant registry Failed to fetch
2025-09-24 12:10:45.866 [error] [network] #36: https://az764295.vo.msecnd.net/extensions/chat.json - error GET Failed to fetch
2025-09-24 12:10:46.533 [warning] Failed to fetch chat participant registry Failed to fetch
2025-09-24 12:17:06.048 [error] [network] #37: https://az764295.vo.msecnd.net/extensions/chat.json - error GET Failed to fetch
2025-09-24 12:17:06.221 [warning] Failed to fetch chat participant registry Failed to fetch
2025-09-24 12:22:47.089 [error] [network] #38: https://az764295.vo.msecnd.net/extensions/chat.json - error GET Failed to fetch
2025-09-24 12:22:47.705 [warning] Failed to fetch chat participant registry Failed to fetch
2025-09-24 12:28:13.146 [error] [network] #39: https://az764295.vo.msecnd.net/extensions/chat.json - error GET Failed to fetch
2025-09-24 12:28:13.372 [warning] Failed to fetch chat participant registry Failed to fetch
2025-09-24 12:33:17.335 [error] [network] #40: https://az764295.vo.msecnd.net/extensions/chat.json - error GET Failed to fetch
2025-09-24 12:33:25.668 [warning] Failed to fetch chat participant registry Failed to fetch
2025-09-24 12:38:24.463 [error] [network] #41: https://az764295.vo.msecnd.net/extensions/chat.json - error GET Failed to fetch
2025-09-24 12:38:28.226 [warning] Failed to fetch chat participant registry Failed to fetch
2025-09-24 12:44:14.926 [error] [network] #42: https://az764295.vo.msecnd.net/extensions/chat.json - error GET Failed to fetch
2025-09-24 12:44:15.200 [warning] Failed to fetch chat participant registry Failed to fetch
2025-09-24 12:49:27.668 [error] [network] #43: https://az764295.vo.msecnd.net/extensions/chat.json - error GET Failed to fetch
2025-09-24 12:49:40.093 [warning] Failed to fetch chat participant registry Failed to fetch
2025-09-24 12:54:50.143 [error] [network] #44: https://az764295.vo.msecnd.net/extensions/chat.json - error GET Failed to fetch
2025-09-24 12:55:14.044 [warning] Failed to fetch chat participant registry Failed to fetch
2025-09-24 13:00:02.541 [error] [network] #45: https://az764295.vo.msecnd.net/extensions/chat.json - error GET Failed to fetch
2025-09-24 13:00:03.405 [warning] Failed to fetch chat participant registry Failed to fetch
2025-09-24 13:05:12.808 [error] [network] #46: https://az764295.vo.msecnd.net/extensions/chat.json - error GET Failed to fetch
2025-09-24 13:05:13.937 [warning] Failed to fetch chat participant registry Failed to fetch
2025-09-24 13:10:15.888 [error] [network] #47: https://az764295.vo.msecnd.net/extensions/chat.json - error GET Failed to fetch
2025-09-24 13:10:17.538 [warning] Failed to fetch chat participant registry Failed to fetch
2025-09-24 15:43:29.889 [error] [network] #48: https://az764295.vo.msecnd.net/extensions/chat.json - error GET Failed to fetch
2025-09-24 15:43:41.604 [warning] Failed to fetch chat participant registry Failed to fetch
