2025-09-25 16:08:18.546 [info] [main] Niveau du journal : Info
2025-09-25 16:08:18.546 [info] [main] Validation du git trouvé dans : «git»
2025-09-25 16:08:18.546 [info] [main] Utilisation de git "2.39.5" de "git»
2025-09-25 16:08:18.546 [info] [Model][doInitialScan] Initial repository scan started
2025-09-25 16:08:18.546 [info] > git rev-parse --show-toplevel [69ms]
2025-09-25 16:08:18.546 [info] fatal: not a git repository (or any of the parent directories): .git
2025-09-25 16:08:18.546 [info] > git rev-parse --show-toplevel [42ms]
2025-09-25 16:08:18.547 [info] fatal: not a git repository (or any of the parent directories): .git
2025-09-25 16:08:18.574 [info] > git rev-parse --show-toplevel [162ms]
2025-09-25 16:08:18.574 [info] fatal: not a git repository (or any of the parent directories): .git
2025-09-25 16:08:18.667 [info] [Model][doInitialScan] Initial repository scan completed - repositories (0), closed repositories (0), parent repositories (0), unsafe repositories (0)
2025-09-25 18:01:51.312 [info] > git rev-parse --show-toplevel [17ms]
2025-09-25 18:01:51.313 [info] fatal: not a git repository (or any of the parent directories): .git
2025-09-25 18:02:51.495 [info] > git rev-parse --show-toplevel [9ms]
2025-09-25 18:02:51.495 [info] fatal: not a git repository (or any of the parent directories): .git
2025-09-25 20:33:06.146 [info] > git rev-parse --show-toplevel [83ms]
2025-09-25 20:33:06.148 [info] fatal: not a git repository (or any of the parent directories): .git
2025-09-25 21:43:10.707 [info] > git rev-parse --show-toplevel [31ms]
2025-09-25 21:43:10.708 [info] fatal: not a git repository (or any of the parent directories): .git
2025-09-25 21:43:41.161 [info] > git rev-parse --show-toplevel [10ms]
2025-09-25 21:43:41.161 [info] fatal: not a git repository (or any of the parent directories): .git
2025-09-25 21:44:13.405 [info] > git rev-parse --show-toplevel [15ms]
2025-09-25 21:44:13.405 [info] fatal: not a git repository (or any of the parent directories): .git
2025-09-25 21:48:07.660 [info] > git rev-parse --show-toplevel [12ms]
2025-09-25 21:48:07.660 [info] fatal: not a git repository (or any of the parent directories): .git
2025-09-25 21:48:27.642 [info] > git rev-parse --show-toplevel [10ms]
2025-09-25 21:48:27.642 [info] fatal: not a git repository (or any of the parent directories): .git
2025-09-25 21:54:08.334 [info] > git rev-parse --show-toplevel [14ms]
2025-09-25 21:54:08.334 [info] fatal: not a git repository (or any of the parent directories): .git
2025-09-25 21:54:17.172 [info] > git rev-parse --show-toplevel [9ms]
2025-09-25 21:54:17.172 [info] fatal: not a git repository (or any of the parent directories): .git
2025-09-25 21:58:25.028 [info] > git rev-parse --show-toplevel [14ms]
2025-09-25 21:58:25.028 [info] fatal: not a git repository (or any of the parent directories): .git
