2025-09-23 22:10:23.879 [warning] Creation of workbench contribution 'workbench.contrib.preferencesActions' took 57ms.
2025-09-23 22:10:23.988 [warning] Creation of workbench contribution 'workbench.contrib.explorerViewletViews' took 31ms.
2025-09-23 22:10:24.111 [warning] Creation of workbench contribution 'workbench.contrib.markerListProvider' took 33ms.
2025-09-23 22:10:24.183 [warning] Creation of workbench contribution 'workbench.contrib.updateExperimentalSettingsDefaults' took 22ms.
2025-09-23 22:10:26.323 [info] Started local extension host with pid 3930.
2025-09-23 22:10:40.070 [error] [network] #3: https://az764295.vo.msecnd.net/extensions/chat.json - error GET Failed to fetch
2025-09-23 22:10:40.074 [warning] Failed to fetch chat participant registry Failed to fetch
2025-09-23 22:10:40.491 [info] [perf] Render performance baseline is 445ms
2025-09-23 22:15:40.303 [error] [network] #4: https://az764295.vo.msecnd.net/extensions/chat.json - error GET Failed to fetch
2025-09-23 22:15:40.304 [warning] Failed to fetch chat participant registry Failed to fetch
2025-09-23 22:20:40.376 [error] [network] #5: https://az764295.vo.msecnd.net/extensions/chat.json - error GET Failed to fetch
2025-09-23 22:20:40.530 [warning] Failed to fetch chat participant registry Failed to fetch
2025-09-23 23:53:33.565 [error] [network] #6: https://az764295.vo.msecnd.net/extensions/chat.json - error GET Failed to fetch
2025-09-23 23:53:34.185 [warning] Failed to fetch chat participant registry Failed to fetch
2025-09-23 23:58:34.165 [error] [network] #7: https://az764295.vo.msecnd.net/extensions/chat.json - error GET Failed to fetch
2025-09-23 23:58:34.339 [warning] Failed to fetch chat participant registry Failed to fetch
2025-09-24 00:53:31.840 [error] [network] #8: https://az764295.vo.msecnd.net/extensions/chat.json - error GET Failed to fetch
2025-09-24 00:53:32.052 [warning] Failed to fetch chat participant registry Failed to fetch
2025-09-24 09:51:56.252 [error] [network] #9: https://az764295.vo.msecnd.net/extensions/chat.json - error GET Failed to fetch
2025-09-24 09:51:56.497 [warning] Failed to fetch chat participant registry Failed to fetch
2025-09-24 09:56:56.579 [error] [network] #10: https://az764295.vo.msecnd.net/extensions/chat.json - error GET Failed to fetch
2025-09-24 09:56:56.586 [warning] Failed to fetch chat participant registry Failed to fetch
2025-09-24 10:01:56.628 [error] [network] #11: https://az764295.vo.msecnd.net/extensions/chat.json - error GET Failed to fetch
2025-09-24 10:01:56.776 [warning] Failed to fetch chat participant registry Failed to fetch
2025-09-24 10:06:56.822 [error] [network] #12: https://az764295.vo.msecnd.net/extensions/chat.json - error GET Failed to fetch
2025-09-24 10:06:56.948 [warning] Failed to fetch chat participant registry Failed to fetch
2025-09-24 10:11:57.016 [error] [network] #15: https://az764295.vo.msecnd.net/extensions/chat.json - error GET Failed to fetch
2025-09-24 10:11:57.166 [warning] Failed to fetch chat participant registry Failed to fetch
2025-09-24 10:16:57.253 [error] [network] #16: https://az764295.vo.msecnd.net/extensions/chat.json - error GET Failed to fetch
2025-09-24 10:16:57.399 [warning] Failed to fetch chat participant registry Failed to fetch
2025-09-24 10:21:57.561 [error] [network] #17: https://az764295.vo.msecnd.net/extensions/chat.json - error GET Failed to fetch
2025-09-24 10:21:57.819 [warning] Failed to fetch chat participant registry Failed to fetch
2025-09-24 10:35:47.749 [error] [network] #18: https://az764295.vo.msecnd.net/extensions/chat.json - error GET Failed to fetch
2025-09-24 10:35:48.257 [warning] Failed to fetch chat participant registry Failed to fetch
2025-09-24 10:40:48.314 [error] [network] #19: https://az764295.vo.msecnd.net/extensions/chat.json - error GET Failed to fetch
2025-09-24 10:40:48.410 [warning] Failed to fetch chat participant registry Failed to fetch
2025-09-24 10:45:48.496 [error] [network] #20: https://az764295.vo.msecnd.net/extensions/chat.json - error GET Failed to fetch
2025-09-24 10:45:48.708 [warning] Failed to fetch chat participant registry Failed to fetch
2025-09-24 10:50:48.838 [error] [network] #21: https://az764295.vo.msecnd.net/extensions/chat.json - error GET Failed to fetch
2025-09-24 10:50:48.923 [warning] Failed to fetch chat participant registry Failed to fetch
2025-09-24 10:55:48.957 [error] [network] #22: https://az764295.vo.msecnd.net/extensions/chat.json - error GET Failed to fetch
2025-09-24 10:55:49.061 [warning] Failed to fetch chat participant registry Failed to fetch
2025-09-24 11:00:49.137 [error] [network] #23: https://az764295.vo.msecnd.net/extensions/chat.json - error GET Failed to fetch
2025-09-24 11:00:49.274 [warning] Failed to fetch chat participant registry Failed to fetch
2025-09-24 11:05:49.327 [error] [network] #24: https://az764295.vo.msecnd.net/extensions/chat.json - error GET Failed to fetch
2025-09-24 11:05:49.443 [warning] Failed to fetch chat participant registry Failed to fetch
2025-09-24 11:10:49.488 [error] [network] #25: https://az764295.vo.msecnd.net/extensions/chat.json - error GET Failed to fetch
2025-09-24 11:10:49.633 [warning] Failed to fetch chat participant registry Failed to fetch
2025-09-24 11:15:49.739 [error] [network] #26: https://az764295.vo.msecnd.net/extensions/chat.json - error GET Failed to fetch
2025-09-24 11:15:49.895 [warning] Failed to fetch chat participant registry Failed to fetch
2025-09-24 11:20:50.353 [error] [network] #27: https://az764295.vo.msecnd.net/extensions/chat.json - error GET Failed to fetch
2025-09-24 11:20:50.748 [warning] Failed to fetch chat participant registry Failed to fetch
2025-09-24 11:27:50.125 [error] [network] #28: https://az764295.vo.msecnd.net/extensions/chat.json - error GET Failed to fetch
2025-09-24 11:27:50.155 [warning] Failed to fetch chat participant registry Failed to fetch
2025-09-24 11:32:51.649 [error] [network] #29: https://az764295.vo.msecnd.net/extensions/chat.json - error GET Failed to fetch
2025-09-24 11:32:51.906 [warning] Failed to fetch chat participant registry Failed to fetch
2025-09-24 11:37:58.044 [error] [network] #30: https://az764295.vo.msecnd.net/extensions/chat.json - error GET Failed to fetch
2025-09-24 11:38:01.188 [warning] Failed to fetch chat participant registry Failed to fetch
2025-09-24 11:43:04.600 [error] [network] #31: https://az764295.vo.msecnd.net/extensions/chat.json - error GET Failed to fetch
2025-09-24 11:43:05.530 [warning] Failed to fetch chat participant registry Failed to fetch
2025-09-24 11:48:12.417 [error] [network] #32: https://az764295.vo.msecnd.net/extensions/chat.json - error GET Failed to fetch
2025-09-24 11:48:12.906 [warning] Failed to fetch chat participant registry Failed to fetch
2025-09-24 11:53:14.838 [error] [network] #33: https://az764295.vo.msecnd.net/extensions/chat.json - error GET Failed to fetch
2025-09-24 11:53:15.754 [warning] Failed to fetch chat participant registry Failed to fetch
2025-09-24 11:58:26.998 [error] [network] #34: https://az764295.vo.msecnd.net/extensions/chat.json - error GET Failed to fetch
2025-09-24 11:59:40.383 [warning] Failed to fetch chat participant registry Failed to fetch
2025-09-24 12:04:33.999 [error] [network] #35: https://az764295.vo.msecnd.net/extensions/chat.json - error GET Failed to fetch
2025-09-24 12:04:34.068 [warning] Failed to fetch chat participant registry Failed to fetch
2025-09-24 12:10:43.931 [error] [network] #36: https://az764295.vo.msecnd.net/extensions/chat.json - error GET Failed to fetch
2025-09-24 12:10:46.584 [warning] Failed to fetch chat participant registry Failed to fetch
2025-09-24 12:16:48.366 [error] [network] #37: https://az764295.vo.msecnd.net/extensions/chat.json - error GET Failed to fetch
2025-09-24 12:17:05.930 [warning] Failed to fetch chat participant registry Failed to fetch
2025-09-24 12:22:47.133 [error] [network] #38: https://az764295.vo.msecnd.net/extensions/chat.json - error GET Failed to fetch
2025-09-24 12:22:47.684 [warning] Failed to fetch chat participant registry Failed to fetch
2025-09-24 12:28:13.217 [error] [network] #39: https://az764295.vo.msecnd.net/extensions/chat.json - error GET Failed to fetch
2025-09-24 12:28:13.477 [warning] Failed to fetch chat participant registry Failed to fetch
2025-09-24 12:33:17.239 [error] [network] #40: https://az764295.vo.msecnd.net/extensions/chat.json - error GET Failed to fetch
2025-09-24 12:33:24.684 [warning] Failed to fetch chat participant registry Failed to fetch
2025-09-24 12:38:24.110 [error] [network] #41: https://az764295.vo.msecnd.net/extensions/chat.json - error GET Failed to fetch
2025-09-24 12:38:27.502 [warning] Failed to fetch chat participant registry Failed to fetch
2025-09-24 12:44:15.048 [error] [network] #42: https://az764295.vo.msecnd.net/extensions/chat.json - error GET Failed to fetch
2025-09-24 12:44:15.210 [warning] Failed to fetch chat participant registry Failed to fetch
2025-09-24 12:49:30.513 [error] [network] #43: https://az764295.vo.msecnd.net/extensions/chat.json - error GET Failed to fetch
2025-09-24 12:49:40.090 [warning] Failed to fetch chat participant registry Failed to fetch
2025-09-24 12:54:50.118 [error] [network] #44: https://az764295.vo.msecnd.net/extensions/chat.json - error GET Failed to fetch
2025-09-24 12:55:08.613 [warning] Failed to fetch chat participant registry Failed to fetch
2025-09-24 12:59:59.922 [error] [network] #45: https://az764295.vo.msecnd.net/extensions/chat.json - error GET Failed to fetch
2025-09-24 13:00:03.409 [warning] Failed to fetch chat participant registry Failed to fetch
2025-09-24 13:05:08.373 [error] [network] #46: https://az764295.vo.msecnd.net/extensions/chat.json - error GET Failed to fetch
2025-09-24 13:05:13.933 [warning] Failed to fetch chat participant registry Failed to fetch
2025-09-24 13:10:16.616 [error] [network] #47: https://az764295.vo.msecnd.net/extensions/chat.json - error GET Failed to fetch
2025-09-24 13:10:17.530 [warning] Failed to fetch chat participant registry Failed to fetch
2025-09-24 15:46:02.817 [error] [network] #48: https://az764295.vo.msecnd.net/extensions/chat.json - error GET Failed to fetch
2025-09-24 15:46:03.547 [warning] Failed to fetch chat participant registry Failed to fetch
