2025-09-23 18:35:59.440 [info] [main] Niveau du journal : Info
2025-09-23 18:35:59.440 [info] [main] Validation du git trouvé dans : «git»
2025-09-23 18:35:59.440 [info] [main] Utilisation de git "2.39.5" de "git»
2025-09-23 18:35:59.440 [info] [Model][doInitialScan] Initial repository scan started
2025-09-23 18:35:59.440 [info] > git rev-parse --show-toplevel [107ms]
2025-09-23 18:35:59.440 [info] fatal: not a git repository (or any of the parent directories): .git
2025-09-23 18:35:59.613 [info] > git rev-parse --show-toplevel [66ms]
2025-09-23 18:35:59.613 [info] fatal: not a git repository (or any of the parent directories): .git
2025-09-23 18:35:59.787 [info] > git rev-parse --show-toplevel [18ms]
2025-09-23 18:35:59.788 [info] fatal: not a git repository (or any of the parent directories): .git
2025-09-23 18:35:59.991 [info] > git rev-parse --show-toplevel [88ms]
2025-09-23 18:35:59.992 [info] fatal: not a git repository (or any of the parent directories): .git
2025-09-23 18:36:00.099 [info] > git rev-parse --show-toplevel [26ms]
2025-09-23 18:36:00.099 [info] fatal: not a git repository (or any of the parent directories): .git
2025-09-23 18:36:00.217 [info] > git rev-parse --show-toplevel [40ms]
2025-09-23 18:36:00.218 [info] fatal: not a git repository (or any of the parent directories): .git
2025-09-23 18:36:00.435 [info] > git rev-parse --show-toplevel [35ms]
2025-09-23 18:36:00.436 [info] fatal: not a git repository (or any of the parent directories): .git
2025-09-23 18:36:11.559 [info] > git rev-parse --show-toplevel [11069ms]
2025-09-23 18:36:11.559 [info] fatal: not a git repository (or any of the parent directories): .git
2025-09-23 18:36:11.679 [info] [Model][doInitialScan] Initial repository scan completed - repositories (0), closed repositories (0), parent repositories (0), unsafe repositories (0)
