2025-09-24 16:54:38.897 [warning] Creation of workbench contribution 'workbench.contrib.preferencesActions' took 22ms.
2025-09-24 16:54:39.082 [warning] Creation of workbench contribution 'workbench.contrib.updateExperimentalSettingsDefaults' took 26ms.
2025-09-24 16:54:41.323 [info] Started local extension host with pid 2231.
2025-09-24 16:54:55.337 [info] [perf] Render performance baseline is 470ms
2025-09-24 16:54:55.591 [error] [network] #3: https://az764295.vo.msecnd.net/extensions/chat.json - error GET Failed to fetch
2025-09-24 16:54:55.593 [warning] Failed to fetch chat participant registry Failed to fetch
2025-09-24 16:59:56.028 [error] [network] #4: https://az764295.vo.msecnd.net/extensions/chat.json - error GET Failed to fetch
2025-09-24 16:59:56.033 [warning] Failed to fetch chat participant registry Failed to fetch
2025-09-24 17:04:56.470 [error] [network] #5: https://az764295.vo.msecnd.net/extensions/chat.json - error GET Failed to fetch
2025-09-24 17:04:56.621 [warning] Failed to fetch chat participant registry Failed to fetch
2025-09-24 17:09:56.719 [error] [network] #6: https://az764295.vo.msecnd.net/extensions/chat.json - error GET Failed to fetch
2025-09-24 17:09:56.795 [warning] Failed to fetch chat participant registry Failed to fetch
2025-09-24 17:14:56.854 [error] [network] #7: https://az764295.vo.msecnd.net/extensions/chat.json - error GET Failed to fetch
2025-09-24 17:14:56.952 [warning] Failed to fetch chat participant registry Failed to fetch
2025-09-24 17:19:57.390 [error] [network] #8: https://az764295.vo.msecnd.net/extensions/chat.json - error GET Failed to fetch
2025-09-24 17:19:57.550 [warning] Failed to fetch chat participant registry Failed to fetch
2025-09-24 17:24:57.920 [error] [network] #9: https://az764295.vo.msecnd.net/extensions/chat.json - error GET Failed to fetch
2025-09-24 17:24:58.070 [warning] Failed to fetch chat participant registry Failed to fetch
2025-09-24 17:29:58.495 [error] [network] #10: https://az764295.vo.msecnd.net/extensions/chat.json - error GET Failed to fetch
2025-09-24 17:29:58.660 [warning] Failed to fetch chat participant registry Failed to fetch
2025-09-24 17:34:59.048 [error] [network] #11: https://az764295.vo.msecnd.net/extensions/chat.json - error GET Failed to fetch
2025-09-24 17:34:59.195 [warning] Failed to fetch chat participant registry Failed to fetch
2025-09-24 17:39:59.683 [error] [network] #12: https://az764295.vo.msecnd.net/extensions/chat.json - error GET Failed to fetch
2025-09-24 17:39:59.829 [warning] Failed to fetch chat participant registry Failed to fetch
2025-09-24 17:45:00.244 [error] [network] #13: https://az764295.vo.msecnd.net/extensions/chat.json - error GET Failed to fetch
2025-09-24 17:45:00.349 [warning] Failed to fetch chat participant registry Failed to fetch
2025-09-24 17:50:00.790 [error] [network] #14: https://az764295.vo.msecnd.net/extensions/chat.json - error GET Failed to fetch
2025-09-24 17:50:00.883 [warning] Failed to fetch chat participant registry Failed to fetch
2025-09-24 17:55:01.260 [error] [network] #15: https://az764295.vo.msecnd.net/extensions/chat.json - error GET Failed to fetch
2025-09-24 17:55:01.263 [warning] Failed to fetch chat participant registry Failed to fetch
2025-09-24 18:00:01.657 [error] [network] #16: https://az764295.vo.msecnd.net/extensions/chat.json - error GET Failed to fetch
2025-09-24 18:00:01.751 [warning] Failed to fetch chat participant registry Failed to fetch
2025-09-24 18:05:02.081 [error] [network] #17: https://az764295.vo.msecnd.net/extensions/chat.json - error GET Failed to fetch
2025-09-24 18:05:02.169 [warning] Failed to fetch chat participant registry Failed to fetch
2025-09-24 18:10:02.632 [error] [network] #18: https://az764295.vo.msecnd.net/extensions/chat.json - error GET Failed to fetch
2025-09-24 18:10:02.748 [warning] Failed to fetch chat participant registry Failed to fetch
2025-09-24 18:15:03.309 [error] [network] #19: https://az764295.vo.msecnd.net/extensions/chat.json - error GET Failed to fetch
2025-09-24 18:15:03.406 [warning] Failed to fetch chat participant registry Failed to fetch
2025-09-24 18:20:03.731 [error] [network] #20: https://az764295.vo.msecnd.net/extensions/chat.json - error GET Failed to fetch
2025-09-24 18:20:03.808 [warning] Failed to fetch chat participant registry Failed to fetch
2025-09-24 18:25:04.201 [error] [network] #21: https://az764295.vo.msecnd.net/extensions/chat.json - error GET Failed to fetch
2025-09-24 18:25:04.396 [warning] Failed to fetch chat participant registry Failed to fetch
2025-09-24 18:30:04.804 [error] [network] #22: https://az764295.vo.msecnd.net/extensions/chat.json - error GET Failed to fetch
2025-09-24 18:30:04.953 [warning] Failed to fetch chat participant registry Failed to fetch
2025-09-24 18:35:05.299 [error] [network] #23: https://az764295.vo.msecnd.net/extensions/chat.json - error GET Failed to fetch
2025-09-24 18:35:05.404 [warning] Failed to fetch chat participant registry Failed to fetch
2025-09-24 20:00:01.091 [error] [network] #24: https://az764295.vo.msecnd.net/extensions/chat.json - error GET Failed to fetch
2025-09-24 20:00:01.284 [warning] Failed to fetch chat participant registry Failed to fetch
2025-09-24 20:05:01.476 [error] [network] #25: https://az764295.vo.msecnd.net/extensions/chat.json - error GET Failed to fetch
2025-09-24 20:05:01.745 [warning] Failed to fetch chat participant registry Failed to fetch
2025-09-24 20:10:01.828 [error] [network] #26: https://az764295.vo.msecnd.net/extensions/chat.json - error GET Failed to fetch
2025-09-24 20:10:02.044 [warning] Failed to fetch chat participant registry Failed to fetch
2025-09-24 20:15:02.123 [error] [network] #27: https://az764295.vo.msecnd.net/extensions/chat.json - error GET Failed to fetch
2025-09-24 20:15:02.275 [warning] Failed to fetch chat participant registry Failed to fetch
2025-09-24 20:20:02.370 [error] [network] #28: https://az764295.vo.msecnd.net/extensions/chat.json - error GET Failed to fetch
2025-09-24 20:20:02.511 [warning] Failed to fetch chat participant registry Failed to fetch
2025-09-24 20:25:02.573 [error] [network] #29: https://az764295.vo.msecnd.net/extensions/chat.json - error GET Failed to fetch
2025-09-24 20:25:02.730 [warning] Failed to fetch chat participant registry Failed to fetch
2025-09-24 20:30:02.821 [error] [network] #30: https://az764295.vo.msecnd.net/extensions/chat.json - error GET Failed to fetch
2025-09-24 20:30:02.992 [warning] Failed to fetch chat participant registry Failed to fetch
2025-09-24 20:40:05.124 [error] [network] #31: https://az764295.vo.msecnd.net/extensions/chat.json - error GET Failed to fetch
2025-09-24 20:40:05.231 [warning] Failed to fetch chat participant registry Failed to fetch
2025-09-24 20:45:05.281 [error] [network] #32: https://az764295.vo.msecnd.net/extensions/chat.json - error GET Failed to fetch
2025-09-24 20:45:05.384 [warning] Failed to fetch chat participant registry Failed to fetch
2025-09-24 20:50:05.414 [error] [network] #33: https://az764295.vo.msecnd.net/extensions/chat.json - error GET Failed to fetch
2025-09-24 20:50:05.697 [warning] Failed to fetch chat participant registry Failed to fetch
2025-09-24 20:55:05.738 [error] [network] #34: https://az764295.vo.msecnd.net/extensions/chat.json - error GET Failed to fetch
2025-09-24 20:55:05.907 [warning] Failed to fetch chat participant registry Failed to fetch
2025-09-24 21:00:05.977 [error] [network] #35: https://az764295.vo.msecnd.net/extensions/chat.json - error GET Failed to fetch
2025-09-24 21:00:06.063 [warning] Failed to fetch chat participant registry Failed to fetch
2025-09-24 21:05:06.128 [error] [network] #36: https://az764295.vo.msecnd.net/extensions/chat.json - error GET Failed to fetch
2025-09-24 21:05:06.278 [warning] Failed to fetch chat participant registry Failed to fetch
2025-09-24 21:10:06.340 [error] [network] #37: https://az764295.vo.msecnd.net/extensions/chat.json - error GET Failed to fetch
2025-09-24 21:10:06.476 [warning] Failed to fetch chat participant registry Failed to fetch
2025-09-24 21:15:06.501 [error] [network] #38: https://az764295.vo.msecnd.net/extensions/chat.json - error GET Failed to fetch
2025-09-24 21:15:06.605 [warning] Failed to fetch chat participant registry Failed to fetch
2025-09-24 21:20:06.639 [error] [network] #39: https://az764295.vo.msecnd.net/extensions/chat.json - error GET Failed to fetch
2025-09-24 21:20:06.768 [warning] Failed to fetch chat participant registry Failed to fetch
2025-09-24 21:25:06.787 [error] [network] #40: https://az764295.vo.msecnd.net/extensions/chat.json - error GET Failed to fetch
2025-09-24 21:25:06.870 [warning] Failed to fetch chat participant registry Failed to fetch
2025-09-24 21:30:06.912 [error] [network] #41: https://az764295.vo.msecnd.net/extensions/chat.json - error GET Failed to fetch
2025-09-24 21:30:07.057 [warning] Failed to fetch chat participant registry Failed to fetch
2025-09-24 21:35:07.090 [error] [network] #42: https://az764295.vo.msecnd.net/extensions/chat.json - error GET Failed to fetch
2025-09-24 21:35:07.224 [warning] Failed to fetch chat participant registry Failed to fetch
2025-09-24 21:40:07.264 [error] [network] #43: https://az764295.vo.msecnd.net/extensions/chat.json - error GET Failed to fetch
2025-09-24 21:40:07.405 [warning] Failed to fetch chat participant registry Failed to fetch
2025-09-24 21:45:07.428 [error] [network] #44: https://az764295.vo.msecnd.net/extensions/chat.json - error GET Failed to fetch
2025-09-24 21:45:07.575 [warning] Failed to fetch chat participant registry Failed to fetch
2025-09-24 21:50:07.639 [error] [network] #45: https://az764295.vo.msecnd.net/extensions/chat.json - error GET Failed to fetch
2025-09-24 21:50:07.796 [warning] Failed to fetch chat participant registry Failed to fetch
2025-09-24 22:53:29.225 [error] [network] #46: https://az764295.vo.msecnd.net/extensions/chat.json - error GET Failed to fetch
2025-09-24 22:53:29.402 [warning] Failed to fetch chat participant registry Failed to fetch
2025-09-24 22:58:29.551 [error] [network] #47: https://az764295.vo.msecnd.net/extensions/chat.json - error GET Failed to fetch
2025-09-24 22:58:29.717 [warning] Failed to fetch chat participant registry Failed to fetch
2025-09-24 23:03:30.857 [error] [network] #48: https://az764295.vo.msecnd.net/extensions/chat.json - error GET Failed to fetch
2025-09-24 23:03:30.987 [warning] Failed to fetch chat participant registry Failed to fetch
2025-09-24 23:08:31.066 [error] [network] #49: https://az764295.vo.msecnd.net/extensions/chat.json - error GET Failed to fetch
2025-09-24 23:08:31.233 [warning] Failed to fetch chat participant registry Failed to fetch
2025-09-24 23:13:31.364 [error] [network] #50: https://az764295.vo.msecnd.net/extensions/chat.json - error GET Failed to fetch
2025-09-24 23:13:31.471 [warning] Failed to fetch chat participant registry Failed to fetch
2025-09-24 23:18:31.599 [error] [network] #51: https://az764295.vo.msecnd.net/extensions/chat.json - error GET Failed to fetch
2025-09-24 23:18:31.741 [warning] Failed to fetch chat participant registry Failed to fetch
2025-09-24 23:23:31.808 [error] [network] #52: https://az764295.vo.msecnd.net/extensions/chat.json - error GET Failed to fetch
2025-09-24 23:23:31.918 [warning] Failed to fetch chat participant registry Failed to fetch
2025-09-24 23:28:32.074 [error] [network] #53: https://az764295.vo.msecnd.net/extensions/chat.json - error GET Failed to fetch
2025-09-24 23:28:32.248 [warning] Failed to fetch chat participant registry Failed to fetch
2025-09-24 23:33:32.329 [error] [network] #54: https://az764295.vo.msecnd.net/extensions/chat.json - error GET Failed to fetch
2025-09-24 23:33:32.527 [warning] Failed to fetch chat participant registry Failed to fetch
2025-09-25 11:59:14.794 [error] [network] #55: https://az764295.vo.msecnd.net/extensions/chat.json - error GET Failed to fetch
2025-09-25 11:59:15.049 [warning] Failed to fetch chat participant registry Failed to fetch
2025-09-25 11:59:15.097 [error] [network] #56: https://marketplace.visualstudio.com/_apis/public/gallery/extensionquery - error POST Failed to fetch
2025-09-25 12:04:15.857 [error] [network] #57: https://az764295.vo.msecnd.net/extensions/chat.json - error GET Failed to fetch
2025-09-25 12:04:16.143 [warning] Failed to fetch chat participant registry Failed to fetch
2025-09-25 12:13:12.203 [error] [network] #58: https://az764295.vo.msecnd.net/extensions/chat.json - error GET Failed to fetch
2025-09-25 12:13:12.452 [warning] Failed to fetch chat participant registry Failed to fetch
2025-09-25 12:18:12.354 [error] [network] #59: https://az764295.vo.msecnd.net/extensions/chat.json - error GET Failed to fetch
2025-09-25 12:18:12.570 [warning] Failed to fetch chat participant registry Failed to fetch
2025-09-25 12:23:12.617 [error] [network] #60: https://az764295.vo.msecnd.net/extensions/chat.json - error GET Failed to fetch
2025-09-25 12:23:12.836 [warning] Failed to fetch chat participant registry Failed to fetch
2025-09-25 12:28:12.887 [error] [network] #61: https://az764295.vo.msecnd.net/extensions/chat.json - error GET Failed to fetch
2025-09-25 12:28:13.051 [warning] Failed to fetch chat participant registry Failed to fetch
2025-09-25 12:33:13.077 [error] [network] #62: https://az764295.vo.msecnd.net/extensions/chat.json - error GET Failed to fetch
2025-09-25 12:33:13.220 [warning] Failed to fetch chat participant registry Failed to fetch
2025-09-25 12:38:13.270 [error] [network] #63: https://az764295.vo.msecnd.net/extensions/chat.json - error GET Failed to fetch
2025-09-25 12:38:13.408 [warning] Failed to fetch chat participant registry Failed to fetch
2025-09-25 12:43:13.454 [error] [network] #64: https://az764295.vo.msecnd.net/extensions/chat.json - error GET Failed to fetch
2025-09-25 12:43:13.710 [warning] Failed to fetch chat participant registry Failed to fetch
2025-09-25 12:48:13.773 [error] [network] #65: https://az764295.vo.msecnd.net/extensions/chat.json - error GET Failed to fetch
2025-09-25 12:48:13.879 [warning] Failed to fetch chat participant registry Failed to fetch
2025-09-25 12:53:13.921 [error] [network] #66: https://az764295.vo.msecnd.net/extensions/chat.json - error GET Failed to fetch
2025-09-25 12:53:14.066 [warning] Failed to fetch chat participant registry Failed to fetch
2025-09-25 12:58:14.097 [error] [network] #67: https://az764295.vo.msecnd.net/extensions/chat.json - error GET Failed to fetch
2025-09-25 12:58:14.226 [warning] Failed to fetch chat participant registry Failed to fetch
2025-09-25 13:03:14.266 [error] [network] #68: https://az764295.vo.msecnd.net/extensions/chat.json - error GET Failed to fetch
2025-09-25 13:03:14.483 [warning] Failed to fetch chat participant registry Failed to fetch
2025-09-25 13:08:14.524 [error] [network] #69: https://az764295.vo.msecnd.net/extensions/chat.json - error GET Failed to fetch
2025-09-25 13:08:14.663 [warning] Failed to fetch chat participant registry Failed to fetch
2025-09-25 13:13:14.753 [error] [network] #70: https://az764295.vo.msecnd.net/extensions/chat.json - error GET Failed to fetch
2025-09-25 13:13:14.944 [warning] Failed to fetch chat participant registry Failed to fetch
2025-09-25 13:18:14.980 [error] [network] #71: https://az764295.vo.msecnd.net/extensions/chat.json - error GET Failed to fetch
2025-09-25 13:18:15.137 [warning] Failed to fetch chat participant registry Failed to fetch
2025-09-25 13:23:15.172 [error] [network] #72: https://az764295.vo.msecnd.net/extensions/chat.json - error GET Failed to fetch
2025-09-25 13:23:15.296 [warning] Failed to fetch chat participant registry Failed to fetch
2025-09-25 13:28:15.362 [error] [network] #73: https://az764295.vo.msecnd.net/extensions/chat.json - error GET Failed to fetch
2025-09-25 13:28:15.627 [warning] Failed to fetch chat participant registry Failed to fetch
2025-09-25 13:33:15.651 [error] [network] #74: https://az764295.vo.msecnd.net/extensions/chat.json - error GET Failed to fetch
2025-09-25 13:33:15.762 [warning] Failed to fetch chat participant registry Failed to fetch
2025-09-25 13:38:15.808 [error] [network] #75: https://az764295.vo.msecnd.net/extensions/chat.json - error GET Failed to fetch
2025-09-25 13:38:15.990 [warning] Failed to fetch chat participant registry Failed to fetch
2025-09-25 13:43:16.025 [error] [network] #76: https://az764295.vo.msecnd.net/extensions/chat.json - error GET Failed to fetch
2025-09-25 13:43:16.160 [warning] Failed to fetch chat participant registry Failed to fetch
2025-09-25 13:48:16.199 [error] [network] #77: https://az764295.vo.msecnd.net/extensions/chat.json - error GET Failed to fetch
2025-09-25 13:48:16.314 [warning] Failed to fetch chat participant registry Failed to fetch
2025-09-25 13:53:16.336 [error] [network] #78: https://az764295.vo.msecnd.net/extensions/chat.json - error GET Failed to fetch
2025-09-25 13:53:16.422 [warning] Failed to fetch chat participant registry Failed to fetch
2025-09-25 13:58:16.490 [error] [network] #79: https://az764295.vo.msecnd.net/extensions/chat.json - error GET Failed to fetch
2025-09-25 13:58:16.645 [warning] Failed to fetch chat participant registry Failed to fetch
2025-09-25 14:03:16.700 [error] [network] #80: https://az764295.vo.msecnd.net/extensions/chat.json - error GET Failed to fetch
2025-09-25 14:03:16.836 [warning] Failed to fetch chat participant registry Failed to fetch
2025-09-25 14:08:16.897 [error] [network] #81: https://az764295.vo.msecnd.net/extensions/chat.json - error GET Failed to fetch
2025-09-25 14:08:17.052 [warning] Failed to fetch chat participant registry Failed to fetch
2025-09-25 14:13:17.128 [error] [network] #82: https://az764295.vo.msecnd.net/extensions/chat.json - error GET Failed to fetch
2025-09-25 14:13:17.312 [warning] Failed to fetch chat participant registry Failed to fetch
2025-09-25 14:18:17.376 [error] [network] #83: https://az764295.vo.msecnd.net/extensions/chat.json - error GET Failed to fetch
2025-09-25 14:18:17.557 [warning] Failed to fetch chat participant registry Failed to fetch
2025-09-25 14:23:17.616 [error] [network] #84: https://az764295.vo.msecnd.net/extensions/chat.json - error GET Failed to fetch
2025-09-25 14:23:17.938 [warning] Failed to fetch chat participant registry Failed to fetch
2025-09-25 14:28:17.988 [error] [network] #85: https://az764295.vo.msecnd.net/extensions/chat.json - error GET Failed to fetch
2025-09-25 14:28:18.121 [warning] Failed to fetch chat participant registry Failed to fetch
2025-09-25 14:33:18.185 [error] [network] #86: https://az764295.vo.msecnd.net/extensions/chat.json - error GET Failed to fetch
2025-09-25 14:33:18.346 [warning] Failed to fetch chat participant registry Failed to fetch
2025-09-25 14:38:18.424 [error] [network] #87: https://az764295.vo.msecnd.net/extensions/chat.json - error GET Failed to fetch
2025-09-25 14:38:18.595 [warning] Failed to fetch chat participant registry Failed to fetch
2025-09-25 14:43:18.642 [error] [network] #88: https://az764295.vo.msecnd.net/extensions/chat.json - error GET Failed to fetch
2025-09-25 14:43:18.789 [warning] Failed to fetch chat participant registry Failed to fetch
2025-09-25 14:48:41.136 [error] [network] #89: https://az764295.vo.msecnd.net/extensions/chat.json - error GET Failed to fetch
2025-09-25 14:48:41.644 [warning] Failed to fetch chat participant registry Failed to fetch
2025-09-25 14:54:04.749 [error] [network] #90: https://az764295.vo.msecnd.net/extensions/chat.json - error GET Failed to fetch
2025-09-25 14:54:05.463 [warning] Failed to fetch chat participant registry Failed to fetch
2025-09-25 14:59:29.690 [error] [network] #91: https://az764295.vo.msecnd.net/extensions/chat.json - error GET Failed to fetch
2025-09-25 14:59:31.681 [warning] Failed to fetch chat participant registry Failed to fetch
2025-09-25 15:04:33.109 [error] [network] #92: https://az764295.vo.msecnd.net/extensions/chat.json - error GET Failed to fetch
2025-09-25 15:04:34.338 [warning] Failed to fetch chat participant registry Failed to fetch
2025-09-25 15:10:00.827 [error] [network] #93: https://az764295.vo.msecnd.net/extensions/chat.json - error GET Failed to fetch
2025-09-25 15:10:01.580 [warning] Failed to fetch chat participant registry Failed to fetch
2025-09-25 15:14:08.239 [info] Extension host (LocalProcess pid: 2231) is unresponsive.
2025-09-25 15:14:08.295 [info] Extension host (LocalProcess pid: 2231) is responsive.
2025-09-25 15:15:27.784 [error] [network] #94: https://az764295.vo.msecnd.net/extensions/chat.json - error GET Failed to fetch
2025-09-25 15:15:27.945 [warning] Failed to fetch chat participant registry Failed to fetch
2025-09-25 15:21:01.198 [error] [network] #95: https://az764295.vo.msecnd.net/extensions/chat.json - error GET Failed to fetch
2025-09-25 15:21:01.420 [warning] Failed to fetch chat participant registry Failed to fetch
2025-09-25 15:30:41.524 [error] [network] #96: https://az764295.vo.msecnd.net/extensions/chat.json - error GET Failed to fetch
2025-09-25 15:30:41.603 [warning] Failed to fetch chat participant registry Failed to fetch
