2025-09-24 15:50:13.148 [info] update#setState idle
2025-09-24 15:50:44.627 [info] update#setState checking for updates
2025-09-24 15:50:45.576 [info] update#setState available for download
2025-09-24 16:27:50.852 [info] Extension host with pid 729 exited with code: 0, signal: unknown.
2025-09-24 16:27:51.070 [error] [UtilityProcessWorker]: terminated unexpectedly with code 19129896, signal: unknown
2025-09-24 18:23:57.483 [warning] No ptyHost heartbeat after 6 seconds
2025-09-24 19:59:45.043 [warning] No ptyHost heartbeat after 6 seconds
2025-09-24 20:39:55.133 [warning] No ptyHost heartbeat after 6 seconds
2025-09-24 22:53:24.660 [warning] No ptyHost heartbeat after 6 seconds
2025-09-24 23:01:40.350 [warning] No ptyHost heartbeat after 6 seconds
2025-09-25 11:59:10.275 [warning] No ptyHost heartbeat after 6 seconds
2025-09-25 12:13:04.663 [warning] No ptyHost heartbeat after 6 seconds
2025-09-25 12:16:18.394 [warning] No ptyHost heartbeat after 6 seconds
2025-09-25 13:15:46.061 [warning] No ptyHost heartbeat after 6 seconds
2025-09-25 14:52:36.004 [warning] No ptyHost heartbeat after 6 seconds
2025-09-25 14:52:56.736 [warning] No ptyHost heartbeat after 6 seconds
2025-09-25 14:57:26.601 [warning] No ptyHost heartbeat after 6 seconds
2025-09-25 15:06:15.909 [warning] No ptyHost heartbeat after 6 seconds
2025-09-25 15:06:31.077 [warning] No ptyHost heartbeat after 6 seconds
2025-09-25 15:10:35.482 [warning] No ptyHost heartbeat after 6 seconds
2025-09-25 15:11:36.155 [warning] No ptyHost heartbeat after 6 seconds
2025-09-25 15:12:14.818 [warning] No ptyHost heartbeat after 6 seconds
2025-09-25 15:15:22.627 [warning] No ptyHost heartbeat after 6 seconds
2025-09-25 15:16:57.495 [warning] No ptyHost heartbeat after 6 seconds
2025-09-25 15:18:13.785 [warning] No ptyHost heartbeat after 6 seconds
2025-09-25 15:24:27.422 [warning] No ptyHost heartbeat after 6 seconds
2025-09-25 15:24:33.712 [error] CodeWindow: detected unresponsive
2025-09-25 15:24:53.527 [warning] No ptyHost heartbeat after 6 seconds
2025-09-25 15:26:38.537 [warning] No ptyHost heartbeat after 6 seconds
2025-09-25 15:27:53.463 [warning] No ptyHost heartbeat after 6 seconds
2025-09-25 15:29:44.880 [warning] No ptyHost heartbeat after 6 seconds
2025-09-25 15:30:12.609 [warning] No ptyHost heartbeat after 6 seconds
2025-09-25 15:34:20.403 [warning] No ptyHost heartbeat after 6 seconds
