2025-09-24 15:50:30.192 [error] [network] #1: https://az764295.vo.msecnd.net/extensions/marketplace.json - error GET net::ERR_NAME_NOT_RESOLVED
2025-09-24 15:55:33.718 [error] [network] #31: https://az764295.vo.msecnd.net/extensions/marketplace.json - error GET net::ERR_NAME_NOT_RESOLVED
2025-09-24 16:00:33.891 [error] [network] #49: https://az764295.vo.msecnd.net/extensions/marketplace.json - error GET net::ERR_NAME_NOT_RESOLVED
2025-09-24 16:05:34.058 [error] [network] #66: https://az764295.vo.msecnd.net/extensions/marketplace.json - error GET net::ERR_NAME_NOT_RESOLVED
2025-09-24 16:10:34.254 [error] [network] #84: https://az764295.vo.msecnd.net/extensions/marketplace.json - error GET net::ERR_NAME_NOT_RESOLVED
2025-09-24 16:15:34.363 [error] [network] #94: https://az764295.vo.msecnd.net/extensions/marketplace.json - error GET net::ERR_NAME_NOT_RESOLVED
2025-09-24 16:20:34.434 [error] [network] #106: https://az764295.vo.msecnd.net/extensions/marketplace.json - error GET net::ERR_NAME_NOT_RESOLVED
2025-09-24 16:25:34.510 [error] [network] #136: https://az764295.vo.msecnd.net/extensions/marketplace.json - error GET net::ERR_NAME_NOT_RESOLVED
2025-09-24 16:30:48.963 [error] [network] #142: https://az764295.vo.msecnd.net/extensions/marketplace.json - error GET net::ERR_NAME_NOT_RESOLVED
2025-09-24 16:35:49.419 [error] [network] #145: https://az764295.vo.msecnd.net/extensions/marketplace.json - error GET net::ERR_NAME_NOT_RESOLVED
2025-09-24 16:40:50.068 [error] [network] #148: https://az764295.vo.msecnd.net/extensions/marketplace.json - error GET net::ERR_NAME_NOT_RESOLVED
2025-09-24 16:45:50.593 [error] [network] #156: https://az764295.vo.msecnd.net/extensions/marketplace.json - error GET net::ERR_NAME_NOT_RESOLVED
2025-09-24 16:50:51.071 [error] [network] #157: https://az764295.vo.msecnd.net/extensions/marketplace.json - error GET net::ERR_NAME_NOT_RESOLVED
2025-09-24 16:55:51.603 [error] [network] #183: https://az764295.vo.msecnd.net/extensions/marketplace.json - error GET net::ERR_NAME_NOT_RESOLVED
2025-09-24 17:00:52.151 [error] [network] #207: https://az764295.vo.msecnd.net/extensions/marketplace.json - error GET net::ERR_NAME_NOT_RESOLVED
2025-09-24 17:05:52.802 [error] [network] #255: https://az764295.vo.msecnd.net/extensions/marketplace.json - error GET net::ERR_NAME_NOT_RESOLVED
2025-09-24 17:06:28.126 [error] [network] #259: https://mobile.events.data.microsoft.com/OneCollector/1.0?cors=true&content-type=application/x-json-stream - error POST net::ERR_CERT_COMMON_NAME_INVALID
2025-09-24 17:06:28.207 [error] [network] #260: https://mobile.events.data.microsoft.com/OneCollector/1.0?cors=true&content-type=application/x-json-stream - error POST net::ERR_CERT_COMMON_NAME_INVALID
2025-09-24 17:06:31.046 [error] [network] #261: https://mobile.events.data.microsoft.com/OneCollector/1.0?cors=true&content-type=application/x-json-stream - error POST net::ERR_CERT_COMMON_NAME_INVALID
2025-09-24 17:06:31.522 [error] [network] #262: https://mobile.events.data.microsoft.com/OneCollector/1.0?cors=true&content-type=application/x-json-stream - error POST net::ERR_CERT_COMMON_NAME_INVALID
2025-09-24 17:06:31.706 [error] [network] #263: https://mobile.events.data.microsoft.com/OneCollector/1.0?cors=true&content-type=application/x-json-stream - error POST net::ERR_CERT_COMMON_NAME_INVALID
2025-09-24 17:06:35.153 [error] [network] #264: https://mobile.events.data.microsoft.com/OneCollector/1.0?cors=true&content-type=application/x-json-stream - error POST net::ERR_CERT_COMMON_NAME_INVALID
2025-09-24 17:06:58.382 [error] [network] #265: https://mobile.events.data.microsoft.com/OneCollector/1.0?cors=true&content-type=application/x-json-stream - error POST net::ERR_CERT_COMMON_NAME_INVALID
2025-09-24 17:07:02.286 [error] [network] #266: https://mobile.events.data.microsoft.com/OneCollector/1.0?cors=true&content-type=application/x-json-stream - error POST net::ERR_CERT_COMMON_NAME_INVALID
2025-09-24 17:07:56.158 [error] [network] #267: https://mobile.events.data.microsoft.com/OneCollector/1.0?cors=true&content-type=application/x-json-stream - error POST net::ERR_CERT_COMMON_NAME_INVALID
2025-09-24 17:08:06.907 [error] [network] #268: https://mobile.events.data.microsoft.com/OneCollector/1.0?cors=true&content-type=application/x-json-stream - error POST net::ERR_CERT_COMMON_NAME_INVALID
2025-09-24 17:08:42.196 [error] [network] #269: https://mobile.events.data.microsoft.com/OneCollector/1.0?cors=true&content-type=application/x-json-stream - error POST net::ERR_CERT_COMMON_NAME_INVALID
2025-09-24 17:08:46.146 [error] [network] #270: https://mobile.events.data.microsoft.com/OneCollector/1.0?cors=true&content-type=application/x-json-stream - error POST net::ERR_CERT_COMMON_NAME_INVALID
2025-09-24 17:09:33.166 [error] [network] #271: https://mobile.events.data.microsoft.com/OneCollector/1.0?cors=true&content-type=application/x-json-stream - error POST net::ERR_CERT_COMMON_NAME_INVALID
2025-09-24 17:09:37.223 [error] [network] #272: https://mobile.events.data.microsoft.com/OneCollector/1.0?cors=true&content-type=application/x-json-stream - error POST net::ERR_CERT_COMMON_NAME_INVALID
2025-09-24 17:10:25.668 [error] [network] #273: https://mobile.events.data.microsoft.com/OneCollector/1.0?cors=true&content-type=application/x-json-stream - error POST net::ERR_CERT_COMMON_NAME_INVALID
2025-09-24 17:10:28.572 [error] [network] #274: https://mobile.events.data.microsoft.com/OneCollector/1.0?cors=true&content-type=application/x-json-stream - error POST net::ERR_CERT_COMMON_NAME_INVALID
2025-09-24 17:10:52.930 [error] [network] #275: https://az764295.vo.msecnd.net/extensions/marketplace.json - error GET net::ERR_NAME_NOT_RESOLVED
2025-09-24 17:11:19.119 [error] [network] #276: https://mobile.events.data.microsoft.com/OneCollector/1.0?cors=true&content-type=application/x-json-stream - error POST net::ERR_CERT_COMMON_NAME_INVALID
2025-09-24 17:11:22.654 [error] [network] #277: https://mobile.events.data.microsoft.com/OneCollector/1.0?cors=true&content-type=application/x-json-stream - error POST net::ERR_CERT_COMMON_NAME_INVALID
2025-09-24 17:12:34.197 [error] [network] #278: https://mobile.events.data.microsoft.com/OneCollector/1.0?cors=true&content-type=application/x-json-stream - error POST net::ERR_CONNECTION_TIMED_OUT
2025-09-24 17:12:38.148 [error] [network] #279: https://mobile.events.data.microsoft.com/OneCollector/1.0?cors=true&content-type=application/x-json-stream - error POST net::ERR_CERT_COMMON_NAME_INVALID
2025-09-24 17:13:50.363 [error] [network] #280: https://mobile.events.data.microsoft.com/OneCollector/1.0?cors=true&content-type=application/x-json-stream - error POST net::ERR_CERT_COMMON_NAME_INVALID
2025-09-24 17:13:53.139 [error] [network] #281: https://mobile.events.data.microsoft.com/OneCollector/1.0?cors=true&content-type=application/x-json-stream - error POST net::ERR_CERT_COMMON_NAME_INVALID
2025-09-24 17:14:48.250 [error] [network] #282: https://mobile.events.data.microsoft.com/OneCollector/1.0?cors=true&content-type=application/x-json-stream - error POST net::ERR_CERT_COMMON_NAME_INVALID
2025-09-24 17:14:52.473 [error] [network] #283: https://mobile.events.data.microsoft.com/OneCollector/1.0?cors=true&content-type=application/x-json-stream - error POST net::ERR_CERT_COMMON_NAME_INVALID
2025-09-24 17:15:42.519 [error] [network] #284: https://mobile.events.data.microsoft.com/OneCollector/1.0?cors=true&content-type=application/x-json-stream - error POST net::ERR_CERT_COMMON_NAME_INVALID
2025-09-24 17:15:47.640 [error] [network] #285: https://mobile.events.data.microsoft.com/OneCollector/1.0?cors=true&content-type=application/x-json-stream - error POST net::ERR_CERT_COMMON_NAME_INVALID
2025-09-24 17:15:53.090 [error] [network] #286: https://az764295.vo.msecnd.net/extensions/marketplace.json - error GET net::ERR_NAME_NOT_RESOLVED
2025-09-24 17:16:36.508 [error] [network] #287: https://mobile.events.data.microsoft.com/OneCollector/1.0?cors=true&content-type=application/x-json-stream - error POST net::ERR_CERT_COMMON_NAME_INVALID
2025-09-24 17:17:10.721 [error] [network] #288: https://mobile.events.data.microsoft.com/OneCollector/1.0?cors=true&content-type=application/x-json-stream - error POST net::ERR_CONNECTION_CLOSED
2025-09-24 17:20:53.534 [error] [network] #290: https://az764295.vo.msecnd.net/extensions/marketplace.json - error GET net::ERR_NAME_NOT_RESOLVED
2025-09-24 17:25:53.879 [error] [network] #298: https://az764295.vo.msecnd.net/extensions/marketplace.json - error GET net::ERR_NAME_NOT_RESOLVED
2025-09-24 17:30:54.420 [error] [network] #301: https://az764295.vo.msecnd.net/extensions/marketplace.json - error GET net::ERR_NAME_NOT_RESOLVED
2025-09-24 17:35:55.043 [error] [network] #309: https://az764295.vo.msecnd.net/extensions/marketplace.json - error GET net::ERR_NAME_NOT_RESOLVED
2025-09-24 17:40:55.502 [error] [network] #322: https://az764295.vo.msecnd.net/extensions/marketplace.json - error GET net::ERR_NAME_NOT_RESOLVED
2025-09-24 17:45:56.142 [error] [network] #362: https://az764295.vo.msecnd.net/extensions/marketplace.json - error GET net::ERR_NAME_NOT_RESOLVED
2025-09-24 17:50:56.594 [error] [network] #368: https://az764295.vo.msecnd.net/extensions/marketplace.json - error GET net::ERR_NAME_NOT_RESOLVED
2025-09-24 17:55:57.225 [error] [network] #394: https://az764295.vo.msecnd.net/extensions/marketplace.json - error GET net::ERR_NAME_NOT_RESOLVED
2025-09-24 18:00:57.697 [error] [network] #417: https://az764295.vo.msecnd.net/extensions/marketplace.json - error GET net::ERR_NAME_NOT_RESOLVED
2025-09-24 18:05:58.110 [error] [network] #427: https://az764295.vo.msecnd.net/extensions/marketplace.json - error GET net::ERR_NAME_NOT_RESOLVED
2025-09-24 18:10:58.645 [error] [network] #442: https://az764295.vo.msecnd.net/extensions/marketplace.json - error GET net::ERR_NAME_NOT_RESOLVED
2025-09-24 18:15:59.193 [error] [network] #466: https://az764295.vo.msecnd.net/extensions/marketplace.json - error GET net::ERR_NAME_NOT_RESOLVED
2025-09-24 18:20:59.751 [error] [network] #498: https://az764295.vo.msecnd.net/extensions/marketplace.json - error GET net::ERR_NAME_NOT_RESOLVED
2025-09-24 18:26:00.094 [error] [network] #503: https://az764295.vo.msecnd.net/extensions/marketplace.json - error GET net::ERR_NAME_NOT_RESOLVED
2025-09-24 18:31:00.225 [error] [network] #513: https://az764295.vo.msecnd.net/extensions/marketplace.json - error GET net::ERR_NAME_NOT_RESOLVED
2025-09-24 18:36:00.512 [error] [network] #533: https://az764295.vo.msecnd.net/extensions/marketplace.json - error GET net::ERR_NAME_NOT_RESOLVED
2025-09-24 20:00:01.052 [error] [network] #534: https://az764295.vo.msecnd.net/extensions/marketplace.json - error GET net::ERR_NETWORK_CHANGED
2025-09-24 20:05:01.621 [error] [network] #535: https://az764295.vo.msecnd.net/extensions/marketplace.json - error GET net::ERR_NAME_NOT_RESOLVED
2025-09-24 20:10:02.081 [error] [network] #536: https://az764295.vo.msecnd.net/extensions/marketplace.json - error GET net::ERR_NAME_NOT_RESOLVED
2025-09-24 20:15:02.323 [error] [network] #537: https://az764295.vo.msecnd.net/extensions/marketplace.json - error GET net::ERR_NAME_NOT_RESOLVED
2025-09-24 20:20:02.557 [error] [network] #538: https://az764295.vo.msecnd.net/extensions/marketplace.json - error GET net::ERR_NAME_NOT_RESOLVED
2025-09-24 20:25:02.763 [error] [network] #539: https://az764295.vo.msecnd.net/extensions/marketplace.json - error GET net::ERR_NAME_NOT_RESOLVED
2025-09-24 20:30:03.015 [error] [network] #540: https://az764295.vo.msecnd.net/extensions/marketplace.json - error GET net::ERR_NAME_NOT_RESOLVED
2025-09-24 20:40:00.255 [error] [network] #541: https://az764295.vo.msecnd.net/extensions/marketplace.json - error GET net::ERR_NETWORK_CHANGED
2025-09-24 20:45:00.486 [error] [network] #542: https://az764295.vo.msecnd.net/extensions/marketplace.json - error GET net::ERR_NAME_NOT_RESOLVED
2025-09-24 20:50:00.812 [error] [network] #543: https://az764295.vo.msecnd.net/extensions/marketplace.json - error GET net::ERR_NAME_NOT_RESOLVED
2025-09-24 20:55:01.485 [error] [network] #544: https://az764295.vo.msecnd.net/extensions/marketplace.json - error GET net::ERR_NAME_NOT_RESOLVED
2025-09-24 21:00:01.711 [error] [network] #545: https://az764295.vo.msecnd.net/extensions/marketplace.json - error GET net::ERR_NAME_NOT_RESOLVED
2025-09-24 21:05:02.101 [error] [network] #546: https://az764295.vo.msecnd.net/extensions/marketplace.json - error GET net::ERR_NAME_NOT_RESOLVED
2025-09-24 21:10:02.408 [error] [network] #547: https://az764295.vo.msecnd.net/extensions/marketplace.json - error GET net::ERR_NAME_NOT_RESOLVED
2025-09-24 21:15:02.584 [error] [network] #548: https://az764295.vo.msecnd.net/extensions/marketplace.json - error GET net::ERR_NAME_NOT_RESOLVED
2025-09-24 21:20:02.750 [error] [network] #550: https://az764295.vo.msecnd.net/extensions/marketplace.json - error GET net::ERR_NAME_NOT_RESOLVED
2025-09-24 21:25:02.902 [error] [network] #581: https://az764295.vo.msecnd.net/extensions/marketplace.json - error GET net::ERR_NAME_NOT_RESOLVED
2025-09-24 21:30:03.049 [error] [network] #596: https://az764295.vo.msecnd.net/extensions/marketplace.json - error GET net::ERR_NAME_NOT_RESOLVED
2025-09-24 21:35:03.190 [error] [network] #609: https://az764295.vo.msecnd.net/extensions/marketplace.json - error GET net::ERR_NAME_NOT_RESOLVED
2025-09-24 21:40:03.423 [error] [network] #614: https://az764295.vo.msecnd.net/extensions/marketplace.json - error GET net::ERR_NAME_NOT_RESOLVED
2025-09-24 21:45:03.588 [error] [network] #618: https://az764295.vo.msecnd.net/extensions/marketplace.json - error GET net::ERR_NAME_NOT_RESOLVED
2025-09-24 21:50:03.796 [error] [network] #627: https://az764295.vo.msecnd.net/extensions/marketplace.json - error GET net::ERR_NAME_NOT_RESOLVED
2025-09-24 22:53:29.182 [error] [network] #628: https://az764295.vo.msecnd.net/extensions/marketplace.json - error GET net::ERR_NETWORK_CHANGED
2025-09-24 22:58:29.593 [error] [network] #629: https://az764295.vo.msecnd.net/extensions/marketplace.json - error GET net::ERR_NAME_NOT_RESOLVED
2025-09-24 23:03:30.714 [error] [network] #630: https://az764295.vo.msecnd.net/extensions/marketplace.json - error GET net::ERR_NAME_NOT_RESOLVED
2025-09-24 23:08:31.173 [error] [network] #631: https://az764295.vo.msecnd.net/extensions/marketplace.json - error GET net::ERR_NAME_NOT_RESOLVED
2025-09-24 23:13:31.403 [error] [network] #632: https://az764295.vo.msecnd.net/extensions/marketplace.json - error GET net::ERR_NAME_NOT_RESOLVED
2025-09-24 23:18:31.565 [error] [network] #633: https://az764295.vo.msecnd.net/extensions/marketplace.json - error GET net::ERR_NAME_NOT_RESOLVED
2025-09-24 23:23:31.785 [error] [network] #634: https://az764295.vo.msecnd.net/extensions/marketplace.json - error GET net::ERR_NAME_NOT_RESOLVED
2025-09-24 23:28:32.078 [error] [network] #635: https://az764295.vo.msecnd.net/extensions/marketplace.json - error GET net::ERR_NAME_NOT_RESOLVED
2025-09-24 23:33:32.344 [error] [network] #636: https://az764295.vo.msecnd.net/extensions/marketplace.json - error GET net::ERR_NAME_NOT_RESOLVED
2025-09-25 11:59:14.779 [error] [network] #637: https://az764295.vo.msecnd.net/extensions/marketplace.json - error GET net::ERR_NETWORK_CHANGED
2025-09-25 11:59:20.289 [error] [network] #638: https://mobile.events.data.microsoft.com/OneCollector/1.0?cors=true&content-type=application/x-json-stream - error POST net::ERR_NETWORK_CHANGED
2025-09-25 11:59:20.293 [error] [network] #639: https://mobile.events.data.microsoft.com/OneCollector/1.0?cors=true&content-type=application/x-json-stream - error POST net::ERR_NETWORK_CHANGED
2025-09-25 12:04:15.813 [error] [network] #642: https://az764295.vo.msecnd.net/extensions/marketplace.json - error GET net::ERR_NAME_NOT_RESOLVED
2025-09-25 12:13:10.301 [error] [network] #643: https://az764295.vo.msecnd.net/extensions/marketplace.json - error GET net::ERR_NETWORK_CHANGED
2025-09-25 12:18:10.322 [error] [network] #644: https://az764295.vo.msecnd.net/extensions/marketplace.json - error GET net::ERR_NAME_NOT_RESOLVED
2025-09-25 12:23:10.580 [error] [network] #645: https://az764295.vo.msecnd.net/extensions/marketplace.json - error GET net::ERR_NAME_NOT_RESOLVED
2025-09-25 12:28:10.844 [error] [network] #646: https://az764295.vo.msecnd.net/extensions/marketplace.json - error GET net::ERR_NAME_NOT_RESOLVED
2025-09-25 12:33:11.039 [error] [network] #647: https://az764295.vo.msecnd.net/extensions/marketplace.json - error GET net::ERR_NAME_NOT_RESOLVED
2025-09-25 12:38:11.234 [error] [network] #648: https://az764295.vo.msecnd.net/extensions/marketplace.json - error GET net::ERR_NAME_NOT_RESOLVED
2025-09-25 12:43:11.438 [error] [network] #650: https://az764295.vo.msecnd.net/extensions/marketplace.json - error GET net::ERR_NAME_NOT_RESOLVED
2025-09-25 12:48:11.739 [error] [network] #651: https://az764295.vo.msecnd.net/extensions/marketplace.json - error GET net::ERR_NAME_NOT_RESOLVED
2025-09-25 12:53:11.937 [error] [network] #652: https://az764295.vo.msecnd.net/extensions/marketplace.json - error GET net::ERR_NAME_NOT_RESOLVED
2025-09-25 12:58:12.100 [error] [network] #663: https://az764295.vo.msecnd.net/extensions/marketplace.json - error GET net::ERR_NAME_NOT_RESOLVED
2025-09-25 13:03:12.349 [error] [network] #670: https://az764295.vo.msecnd.net/extensions/marketplace.json - error GET net::ERR_NAME_NOT_RESOLVED
2025-09-25 13:08:12.638 [error] [network] #686: https://az764295.vo.msecnd.net/extensions/marketplace.json - error GET net::ERR_NAME_NOT_RESOLVED
2025-09-25 13:13:12.922 [error] [network] #687: https://az764295.vo.msecnd.net/extensions/marketplace.json - error GET net::ERR_NAME_NOT_RESOLVED
2025-09-25 13:18:13.476 [error] [network] #706: https://az764295.vo.msecnd.net/extensions/marketplace.json - error GET net::ERR_NAME_NOT_RESOLVED
2025-09-25 13:23:14.101 [error] [network] #736: https://az764295.vo.msecnd.net/extensions/marketplace.json - error GET net::ERR_NAME_NOT_RESOLVED
2025-09-25 13:28:14.272 [error] [network] #774: https://az764295.vo.msecnd.net/extensions/marketplace.json - error GET net::ERR_NAME_NOT_RESOLVED
2025-09-25 13:33:14.412 [error] [network] #795: https://az764295.vo.msecnd.net/extensions/marketplace.json - error GET net::ERR_NAME_NOT_RESOLVED
2025-09-25 13:38:14.590 [error] [network] #813: https://az764295.vo.msecnd.net/extensions/marketplace.json - error GET net::ERR_NAME_NOT_RESOLVED
2025-09-25 13:43:14.798 [error] [network] #814: https://az764295.vo.msecnd.net/extensions/marketplace.json - error GET net::ERR_NAME_NOT_RESOLVED
2025-09-25 13:48:15.028 [error] [network] #815: https://az764295.vo.msecnd.net/extensions/marketplace.json - error GET net::ERR_NAME_NOT_RESOLVED
2025-09-25 13:53:15.224 [error] [network] #816: https://az764295.vo.msecnd.net/extensions/marketplace.json - error GET net::ERR_NAME_NOT_RESOLVED
2025-09-25 13:58:15.468 [error] [network] #817: https://az764295.vo.msecnd.net/extensions/marketplace.json - error GET net::ERR_NAME_NOT_RESOLVED
2025-09-25 14:03:15.697 [error] [network] #818: https://az764295.vo.msecnd.net/extensions/marketplace.json - error GET net::ERR_NAME_NOT_RESOLVED
2025-09-25 14:08:15.946 [error] [network] #819: https://az764295.vo.msecnd.net/extensions/marketplace.json - error GET net::ERR_NAME_NOT_RESOLVED
2025-09-25 14:13:16.270 [error] [network] #820: https://az764295.vo.msecnd.net/extensions/marketplace.json - error GET net::ERR_NAME_NOT_RESOLVED
2025-09-25 14:18:16.572 [error] [network] #821: https://az764295.vo.msecnd.net/extensions/marketplace.json - error GET net::ERR_NAME_NOT_RESOLVED
2025-09-25 14:23:16.808 [error] [network] #822: https://az764295.vo.msecnd.net/extensions/marketplace.json - error GET net::ERR_NAME_NOT_RESOLVED
2025-09-25 14:28:17.151 [error] [network] #823: https://az764295.vo.msecnd.net/extensions/marketplace.json - error GET net::ERR_NAME_NOT_RESOLVED
2025-09-25 14:33:17.339 [error] [network] #824: https://az764295.vo.msecnd.net/extensions/marketplace.json - error GET net::ERR_NAME_NOT_RESOLVED
2025-09-25 14:38:17.642 [error] [network] #825: https://az764295.vo.msecnd.net/extensions/marketplace.json - error GET net::ERR_NAME_NOT_RESOLVED
2025-09-25 14:43:17.898 [error] [network] #828: https://az764295.vo.msecnd.net/extensions/marketplace.json - error GET net::ERR_NAME_NOT_RESOLVED
2025-09-25 14:47:52.737 [error] [network] #829: https://mobile.events.data.microsoft.com/OneCollector/1.0?cors=true&content-type=application/x-json-stream - error POST net::ERR_NAME_NOT_RESOLVED
2025-09-25 14:47:52.749 [error] [network] #830: https://mobile.events.data.microsoft.com/OneCollector/1.0?cors=true&content-type=application/x-json-stream - error POST net::ERR_NAME_NOT_RESOLVED
2025-09-25 14:48:19.215 [error] [network] #831: https://mobile.events.data.microsoft.com/OneCollector/1.0?cors=true&content-type=application/x-json-stream - error POST net::ERR_NAME_NOT_RESOLVED
2025-09-25 14:48:19.220 [error] [network] #832: https://mobile.events.data.microsoft.com/OneCollector/1.0?cors=true&content-type=application/x-json-stream - error POST net::ERR_NAME_NOT_RESOLVED
2025-09-25 14:48:41.281 [error] [network] #833: https://az764295.vo.msecnd.net/extensions/marketplace.json - error GET net::ERR_NAME_NOT_RESOLVED
2025-09-25 14:48:42.257 [error] [network] #834: https://mobile.events.data.microsoft.com/OneCollector/1.0?cors=true&content-type=application/x-json-stream - error POST net::ERR_NAME_NOT_RESOLVED
2025-09-25 14:48:42.304 [error] [network] #835: https://mobile.events.data.microsoft.com/OneCollector/1.0?cors=true&content-type=application/x-json-stream - error POST net::ERR_NAME_NOT_RESOLVED
2025-09-25 14:49:08.112 [error] [network] #836: https://mobile.events.data.microsoft.com/OneCollector/1.0?cors=true&content-type=application/x-json-stream - error POST net::ERR_NAME_NOT_RESOLVED
2025-09-25 14:49:08.127 [error] [network] #837: https://mobile.events.data.microsoft.com/OneCollector/1.0?cors=true&content-type=application/x-json-stream - error POST net::ERR_NAME_NOT_RESOLVED
2025-09-25 14:49:31.608 [error] [network] #838: https://mobile.events.data.microsoft.com/OneCollector/1.0?cors=true&content-type=application/x-json-stream - error POST net::ERR_NAME_NOT_RESOLVED
2025-09-25 14:49:59.610 [error] [network] #839: https://mobile.events.data.microsoft.com/OneCollector/1.0?cors=true&content-type=application/x-json-stream - error POST net::ERR_NAME_NOT_RESOLVED
2025-09-25 14:50:49.684 [error] [network] #840: https://mobile.events.data.microsoft.com/OneCollector/1.0?cors=true&content-type=application/x-json-stream - error POST net::ERR_NAME_NOT_RESOLVED
2025-09-25 14:51:15.722 [error] [network] #841: https://mobile.events.data.microsoft.com/OneCollector/1.0?cors=true&content-type=application/x-json-stream - error POST net::ERR_NAME_NOT_RESOLVED
2025-09-25 14:52:02.931 [error] [network] #842: https://mobile.events.data.microsoft.com/OneCollector/1.0?cors=true&content-type=application/x-json-stream - error POST net::ERR_NAME_NOT_RESOLVED
2025-09-25 14:52:31.804 [error] [network] #843: https://mobile.events.data.microsoft.com/OneCollector/1.0?cors=true&content-type=application/x-json-stream - error POST net::ERR_NAME_NOT_RESOLVED
2025-09-25 14:53:21.039 [error] [network] #844: https://mobile.events.data.microsoft.com/OneCollector/1.0?cors=true&content-type=application/x-json-stream - error POST net::ERR_NAME_NOT_RESOLVED
2025-09-25 14:53:47.684 [error] [network] #845: https://mobile.events.data.microsoft.com/OneCollector/1.0?cors=true&content-type=application/x-json-stream - error POST net::ERR_NAME_NOT_RESOLVED
2025-09-25 14:53:47.688 [error] [network] #847: https://mobile.events.data.microsoft.com/OneCollector/1.0?cors=true&content-type=application/x-json-stream - error POST net::ERR_NAME_NOT_RESOLVED
2025-09-25 14:54:04.921 [error] [network] #846: https://az764295.vo.msecnd.net/extensions/marketplace.json - error GET net::ERR_NAME_NOT_RESOLVED
2025-09-25 14:54:13.529 [error] [network] #848: https://mobile.events.data.microsoft.com/OneCollector/1.0?cors=true&content-type=application/x-json-stream - error POST net::ERR_NAME_NOT_RESOLVED
2025-09-25 14:55:54.740 [error] [network] #849: https://mobile.events.data.microsoft.com/OneCollector/1.0?cors=true&content-type=application/x-json-stream - error POST net::ERR_NAME_NOT_RESOLVED
2025-09-25 14:56:20.323 [error] [network] #850: https://mobile.events.data.microsoft.com/OneCollector/1.0?cors=true&content-type=application/x-json-stream - error POST net::ERR_NAME_NOT_RESOLVED
2025-09-25 14:56:20.326 [error] [network] #851: https://mobile.events.data.microsoft.com/OneCollector/1.0?cors=true&content-type=application/x-json-stream - error POST net::ERR_NAME_NOT_RESOLVED
2025-09-25 14:56:45.846 [error] [network] #852: https://mobile.events.data.microsoft.com/OneCollector/1.0?cors=true&content-type=application/x-json-stream - error POST net::ERR_NAME_NOT_RESOLVED
2025-09-25 14:59:29.569 [error] [network] #853: https://az764295.vo.msecnd.net/extensions/marketplace.json - error GET net::ERR_NAME_NOT_RESOLVED
2025-09-25 15:04:35.643 [error] [network] #854: https://az764295.vo.msecnd.net/extensions/marketplace.json - error GET net::ERR_NAME_NOT_RESOLVED
2025-09-25 15:10:00.901 [error] [network] #855: https://az764295.vo.msecnd.net/extensions/marketplace.json - error GET net::ERR_NAME_NOT_RESOLVED
2025-09-25 15:11:49.011 [error] [network] #856: https://mobile.events.data.microsoft.com/OneCollector/1.0?cors=true&content-type=application/x-json-stream - error POST net::ERR_NAME_NOT_RESOLVED
2025-09-25 15:12:19.614 [error] [network] #857: https://mobile.events.data.microsoft.com/OneCollector/1.0?cors=true&content-type=application/x-json-stream - error POST net::ERR_NAME_NOT_RESOLVED
2025-09-25 15:13:14.132 [error] [network] #858: https://mobile.events.data.microsoft.com/OneCollector/1.0?cors=true&content-type=application/x-json-stream - error POST net::ERR_NAME_NOT_RESOLVED
2025-09-25 15:13:42.498 [error] [network] #859: https://mobile.events.data.microsoft.com/OneCollector/1.0?cors=true&content-type=application/x-json-stream - error POST net::ERR_NAME_NOT_RESOLVED
2025-09-25 15:15:27.231 [error] [network] #860: https://az764295.vo.msecnd.net/extensions/marketplace.json - error GET net::ERR_NAME_NOT_RESOLVED
2025-09-25 15:15:27.970 [error] [network] #861: https://mobile.events.data.microsoft.com/OneCollector/1.0?cors=true&content-type=application/x-json-stream - error POST net::ERR_NAME_NOT_RESOLVED
2025-09-25 15:15:59.122 [error] [network] #862: https://mobile.events.data.microsoft.com/OneCollector/1.0?cors=true&content-type=application/x-json-stream - error POST net::ERR_NAME_NOT_RESOLVED
2025-09-25 15:16:02.140 [error] [network] #863: https://mobile.events.data.microsoft.com/OneCollector/1.0?cors=true&content-type=application/x-json-stream - error POST net::ERR_NAME_NOT_RESOLVED
2025-09-25 15:16:30.560 [error] [network] #864: https://mobile.events.data.microsoft.com/OneCollector/1.0?cors=true&content-type=application/x-json-stream - error POST net::ERR_NAME_NOT_RESOLVED
2025-09-25 15:17:25.164 [error] [network] #865: https://mobile.events.data.microsoft.com/OneCollector/1.0?cors=true&content-type=application/x-json-stream - error POST net::ERR_NAME_NOT_RESOLVED
2025-09-25 15:17:59.652 [error] [network] #866: https://mobile.events.data.microsoft.com/OneCollector/1.0?cors=true&content-type=application/x-json-stream - error POST net::ERR_NAME_NOT_RESOLVED
2025-09-25 15:19:01.506 [error] [network] #867: https://mobile.events.data.microsoft.com/OneCollector/1.0?cors=true&content-type=application/x-json-stream - error POST net::ERR_NAME_NOT_RESOLVED
2025-09-25 15:19:28.454 [error] [network] #868: https://mobile.events.data.microsoft.com/OneCollector/1.0?cors=true&content-type=application/x-json-stream - error POST net::ERR_NAME_NOT_RESOLVED
2025-09-25 15:20:07.252 [error] [network] #869: https://mobile.events.data.microsoft.com/OneCollector/1.0?cors=true&content-type=application/x-json-stream - error POST net::ERR_NAME_NOT_RESOLVED
2025-09-25 15:20:38.328 [error] [network] #870: https://mobile.events.data.microsoft.com/OneCollector/1.0?cors=true&content-type=application/x-json-stream - error POST net::ERR_NAME_NOT_RESOLVED
2025-09-25 15:21:01.697 [error] [network] #871: https://az764295.vo.msecnd.net/extensions/marketplace.json - error GET net::ERR_NAME_NOT_RESOLVED
2025-09-25 15:26:40.782 [error] [network] #872: https://mobile.events.data.microsoft.com/OneCollector/1.0?cors=true&content-type=application/x-json-stream - error POST net::ERR_NAME_NOT_RESOLVED
2025-09-25 15:29:45.467 [error] [network] #875: https://az764295.vo.msecnd.net/extensions/marketplace.json - error GET net::ERR_NAME_NOT_RESOLVED
2025-09-25 15:29:45.484 [error] [network] #873: https://mobile.events.data.microsoft.com/OneCollector/1.0?cors=true&content-type=application/x-json-stream - error POST net::ERR_NAME_NOT_RESOLVED
2025-09-25 15:29:45.492 [error] [network] #874: https://mobile.events.data.microsoft.com/OneCollector/1.0?cors=true&content-type=application/x-json-stream - error POST net::ERR_NAME_NOT_RESOLVED
2025-09-25 15:29:45.644 [error] [network] #876: https://mobile.events.data.microsoft.com/OneCollector/1.0?cors=true&content-type=application/x-json-stream - error POST net::ERR_NAME_NOT_RESOLVED
2025-09-25 15:31:04.694 [error] [network] #877: https://mobile.events.data.microsoft.com/OneCollector/1.0?cors=true&content-type=application/x-json-stream - error POST net::ERR_NAME_NOT_RESOLVED
2025-09-25 15:31:30.364 [error] [network] #878: https://mobile.events.data.microsoft.com/OneCollector/1.0?cors=true&content-type=application/x-json-stream - error POST net::ERR_NAME_NOT_RESOLVED
2025-09-25 15:32:00.444 [error] [network] #879: https://mobile.events.data.microsoft.com/OneCollector/1.0?cors=true&content-type=application/x-json-stream - error POST net::ERR_NAME_NOT_RESOLVED
2025-09-25 15:32:26.190 [error] [network] #880: https://mobile.events.data.microsoft.com/OneCollector/1.0?cors=true&content-type=application/x-json-stream - error POST net::ERR_NAME_NOT_RESOLVED
