2025-09-23 16:28:16.657 [info] Extension host with pid 7964 started
2025-09-23 16:28:16.658 [info] Skipping acquiring lock for /home/coumbisse9104/.config/Code/User/workspaceStorage/4c8e8bf3654a967f3bec9dd06988f40d.
2025-09-23 16:28:17.371 [info] ExtensionService#_doActivateExtension vscode.git-base, startup: true, activationEvent: '*'
2025-09-23 16:28:18.183 [info] ExtensionService#_doActivateExtension vscode.github, startup: true, activationEvent: '*'
2025-09-23 16:28:18.980 [info] Eager extensions activated
2025-09-23 16:28:18.998 [info] ExtensionService#_doActivateExtension vscode.debug-auto-launch, startup: false, activationEvent: 'onStartupFinished'
2025-09-23 16:28:19.002 [info] ExtensionService#_doActivateExtension vscode.merge-conflict, startup: false, activationEvent: 'onStartupFinished'
2025-09-23 16:28:19.013 [info] ExtensionService#_doActivateExtension dsznajder.es7-react-js-snippets, startup: false, activationEvent: 'onStartupFinished'
2025-09-23 16:28:27.330 [info] ExtensionService#_doActivateExtension vscode.git, startup: false, activationEvent: 'api', root cause: vscode.github
2025-09-23 16:28:27.548 [info] ExtensionService#_doActivateExtension ritwickdey.LiveServer, startup: false, activationEvent: 'onStartupFinished'
2025-09-23 16:54:56.038 [info] ExtensionService#_doActivateExtension vscode.configuration-editing, startup: false, activationEvent: 'onLanguage:json'
2025-09-23 16:54:56.050 [info] ExtensionService#_doActivateExtension vscode.extension-editing, startup: false, activationEvent: 'onLanguage:json'
2025-09-23 16:54:56.055 [info] ExtensionService#_doActivateExtension vscode.json-language-features, startup: false, activationEvent: 'onLanguage:json'
2025-09-23 16:54:56.060 [info] ExtensionService#_doActivateExtension vscode.npm, startup: false, activationEvent: 'onLanguage:json'
2025-09-23 16:54:56.063 [info] ExtensionService#_doActivateExtension vscode.emmet, startup: false, activationEvent: 'onLanguage'
2025-09-23 16:54:59.733 [warning] Using default string since no string found in i18n bundle that has the key: No Schema Validation
2025-09-23 16:55:30.012 [warning] Using default string since no string found in i18n bundle that has the key: No Schema Validation
2025-09-23 16:55:32.006 [warning] Using default string since no string found in i18n bundle that has the key: No Schema Validation
2025-09-23 16:55:33.506 [warning] Using default string since no string found in i18n bundle that has the key: No Schema Validation
2025-09-23 16:55:51.756 [warning] Using default string since no string found in i18n bundle that has the key: No Schema Validation
2025-09-23 16:55:57.882 [warning] Using default string since no string found in i18n bundle that has the key: No Schema Validation
2025-09-23 17:17:21.276 [warning] Using default string since no string found in i18n bundle that has the key: No Schema Validation
2025-09-23 17:17:21.401 [info] ExtensionService#_doActivateExtension vscode.php-language-features, startup: false, activationEvent: 'onLanguage:php'
2025-09-23 17:17:21.408 [info] ExtensionService#_doActivateExtension bmewburn.vscode-intelephense-client, startup: false, activationEvent: 'onLanguage:php'
