2025-09-25 16:07:55.673 [warning] Creation of workbench contribution 'workbench.contrib.preferencesActions' took 31ms.
2025-09-25 16:07:58.922 [info] Started local extension host with pid 736.
2025-09-25 16:08:04.356 [error] [network] #1: https://az764295.vo.msecnd.net/extensions/chat.json - error GET Failed to fetch
2025-09-25 16:08:04.358 [warning] Failed to fetch chat participant registry Failed to fetch
2025-09-25 16:08:13.170 [info] [perf] Render performance baseline is 552ms
2025-09-25 16:08:22.770 [info] Extension host (LocalProcess pid: 736) is unresponsive.
2025-09-25 16:08:25.264 [info] UNRESPONSIVE extension host: starting to profile NOW
2025-09-25 16:08:25.305 [info] Extension host (LocalProcess pid: 736) is responsive.
2025-09-25 16:08:25.317 [info] UNRESPONSIVE extension host: received responsive event and cancelling profiling session
2025-09-25 16:13:04.345 [error] [network] #6: https://az764295.vo.msecnd.net/extensions/chat.json - error GET Failed to fetch
2025-09-25 16:13:04.349 [warning] Failed to fetch chat participant registry Failed to fetch
2025-09-25 16:18:04.462 [error] [network] #7: https://az764295.vo.msecnd.net/extensions/chat.json - error GET Failed to fetch
2025-09-25 16:18:04.468 [warning] Failed to fetch chat participant registry Failed to fetch
2025-09-25 16:23:04.614 [error] [network] #8: https://az764295.vo.msecnd.net/extensions/chat.json - error GET Failed to fetch
2025-09-25 16:23:04.618 [warning] Failed to fetch chat participant registry Failed to fetch
2025-09-25 16:28:04.763 [error] [network] #9: https://az764295.vo.msecnd.net/extensions/chat.json - error GET Failed to fetch
2025-09-25 16:28:04.772 [warning] Failed to fetch chat participant registry Failed to fetch
2025-09-25 16:33:04.827 [error] [network] #10: https://az764295.vo.msecnd.net/extensions/chat.json - error GET Failed to fetch
2025-09-25 16:33:04.830 [warning] Failed to fetch chat participant registry Failed to fetch
2025-09-25 16:38:04.982 [error] [network] #11: https://az764295.vo.msecnd.net/extensions/chat.json - error GET Failed to fetch
2025-09-25 16:38:04.986 [warning] Failed to fetch chat participant registry Failed to fetch
2025-09-25 16:43:05.163 [error] [network] #12: https://az764295.vo.msecnd.net/extensions/chat.json - error GET Failed to fetch
2025-09-25 16:43:05.169 [warning] Failed to fetch chat participant registry Failed to fetch
2025-09-25 16:48:05.355 [error] [network] #13: https://az764295.vo.msecnd.net/extensions/chat.json - error GET Failed to fetch
2025-09-25 16:48:05.367 [warning] Failed to fetch chat participant registry Failed to fetch
2025-09-25 16:53:05.440 [error] [network] #14: https://az764295.vo.msecnd.net/extensions/chat.json - error GET Failed to fetch
2025-09-25 16:53:05.564 [warning] Failed to fetch chat participant registry Failed to fetch
2025-09-25 16:58:05.630 [error] [network] #15: https://az764295.vo.msecnd.net/extensions/chat.json - error GET Failed to fetch
2025-09-25 16:58:05.729 [warning] Failed to fetch chat participant registry Failed to fetch
2025-09-25 17:03:05.840 [error] [network] #16: https://az764295.vo.msecnd.net/extensions/chat.json - error GET Failed to fetch
2025-09-25 17:03:05.955 [warning] Failed to fetch chat participant registry Failed to fetch
2025-09-25 17:08:06.009 [error] [network] #17: https://az764295.vo.msecnd.net/extensions/chat.json - error GET Failed to fetch
2025-09-25 17:08:06.142 [warning] Failed to fetch chat participant registry Failed to fetch
2025-09-25 17:13:06.298 [error] [network] #18: https://az764295.vo.msecnd.net/extensions/chat.json - error GET Failed to fetch
2025-09-25 17:13:06.444 [warning] Failed to fetch chat participant registry Failed to fetch
2025-09-25 17:18:06.486 [error] [network] #19: https://az764295.vo.msecnd.net/extensions/chat.json - error GET Failed to fetch
2025-09-25 17:18:06.570 [warning] Failed to fetch chat participant registry Failed to fetch
2025-09-25 17:23:06.661 [error] [network] #20: https://az764295.vo.msecnd.net/extensions/chat.json - error GET Failed to fetch
2025-09-25 17:23:06.669 [warning] Failed to fetch chat participant registry Failed to fetch
2025-09-25 17:28:06.724 [error] [network] #21: https://az764295.vo.msecnd.net/extensions/chat.json - error GET Failed to fetch
2025-09-25 17:28:06.803 [warning] Failed to fetch chat participant registry Failed to fetch
2025-09-25 17:33:06.855 [error] [network] #22: https://az764295.vo.msecnd.net/extensions/chat.json - error GET Failed to fetch
2025-09-25 17:33:06.970 [warning] Failed to fetch chat participant registry Failed to fetch
2025-09-25 17:38:07.135 [error] [network] #23: https://az764295.vo.msecnd.net/extensions/chat.json - error GET Failed to fetch
2025-09-25 17:38:07.139 [warning] Failed to fetch chat participant registry Failed to fetch
2025-09-25 17:43:07.248 [error] [network] #24: https://az764295.vo.msecnd.net/extensions/chat.json - error GET Failed to fetch
2025-09-25 17:43:07.252 [warning] Failed to fetch chat participant registry Failed to fetch
2025-09-25 17:48:07.357 [error] [network] #25: https://az764295.vo.msecnd.net/extensions/chat.json - error GET Failed to fetch
2025-09-25 17:48:07.360 [warning] Failed to fetch chat participant registry Failed to fetch
2025-09-25 17:53:07.410 [error] [network] #26: https://az764295.vo.msecnd.net/extensions/chat.json - error GET Failed to fetch
2025-09-25 17:53:07.454 [warning] Failed to fetch chat participant registry Failed to fetch
2025-09-25 17:58:07.505 [error] [network] #27: https://az764295.vo.msecnd.net/extensions/chat.json - error GET Failed to fetch
2025-09-25 17:58:07.591 [warning] Failed to fetch chat participant registry Failed to fetch
2025-09-25 18:03:07.644 [error] [network] #28: https://az764295.vo.msecnd.net/extensions/chat.json - error GET Failed to fetch
2025-09-25 18:03:07.727 [warning] Failed to fetch chat participant registry Failed to fetch
2025-09-25 18:37:52.235 [error] [network] #29: https://az764295.vo.msecnd.net/extensions/chat.json - error GET Failed to fetch
2025-09-25 18:37:52.285 [warning] Failed to fetch chat participant registry Failed to fetch
2025-09-25 18:42:52.490 [error] [network] #30: https://az764295.vo.msecnd.net/extensions/chat.json - error GET Failed to fetch
2025-09-25 18:42:52.564 [warning] Failed to fetch chat participant registry Failed to fetch
2025-09-25 18:47:52.902 [error] [network] #31: https://az764295.vo.msecnd.net/extensions/chat.json - error GET Failed to fetch
2025-09-25 18:47:53.100 [warning] Failed to fetch chat participant registry Failed to fetch
2025-09-25 18:52:53.276 [error] [network] #32: https://az764295.vo.msecnd.net/extensions/chat.json - error GET Failed to fetch
2025-09-25 18:52:53.394 [warning] Failed to fetch chat participant registry Failed to fetch
2025-09-25 18:57:53.491 [error] [network] #33: https://az764295.vo.msecnd.net/extensions/chat.json - error GET Failed to fetch
2025-09-25 18:57:53.606 [warning] Failed to fetch chat participant registry Failed to fetch
2025-09-25 19:02:53.696 [error] [network] #34: https://az764295.vo.msecnd.net/extensions/chat.json - error GET Failed to fetch
2025-09-25 19:02:53.848 [warning] Failed to fetch chat participant registry Failed to fetch
2025-09-25 19:07:53.978 [error] [network] #35: https://az764295.vo.msecnd.net/extensions/chat.json - error GET Failed to fetch
2025-09-25 19:07:54.143 [warning] Failed to fetch chat participant registry Failed to fetch
2025-09-25 19:12:54.241 [error] [network] #36: https://az764295.vo.msecnd.net/extensions/chat.json - error GET Failed to fetch
2025-09-25 19:12:54.382 [warning] Failed to fetch chat participant registry Failed to fetch
2025-09-25 19:17:54.475 [error] [network] #37: https://az764295.vo.msecnd.net/extensions/chat.json - error GET Failed to fetch
2025-09-25 19:17:54.587 [warning] Failed to fetch chat participant registry Failed to fetch
2025-09-25 19:22:54.739 [error] [network] #38: https://az764295.vo.msecnd.net/extensions/chat.json - error GET Failed to fetch
2025-09-25 19:22:54.832 [warning] Failed to fetch chat participant registry Failed to fetch
2025-09-25 19:27:54.947 [error] [network] #39: https://az764295.vo.msecnd.net/extensions/chat.json - error GET Failed to fetch
2025-09-25 19:27:55.107 [warning] Failed to fetch chat participant registry Failed to fetch
2025-09-25 19:32:55.142 [error] [network] #40: https://az764295.vo.msecnd.net/extensions/chat.json - error GET Failed to fetch
2025-09-25 19:32:55.249 [warning] Failed to fetch chat participant registry Failed to fetch
2025-09-25 19:37:55.300 [error] [network] #41: https://az764295.vo.msecnd.net/extensions/chat.json - error GET Failed to fetch
2025-09-25 19:37:55.464 [warning] Failed to fetch chat participant registry Failed to fetch
2025-09-25 19:42:55.691 [error] [network] #42: https://az764295.vo.msecnd.net/extensions/chat.json - error GET Failed to fetch
2025-09-25 19:42:55.810 [warning] Failed to fetch chat participant registry Failed to fetch
2025-09-25 19:47:55.912 [error] [network] #43: https://az764295.vo.msecnd.net/extensions/chat.json - error GET Failed to fetch
2025-09-25 19:47:56.071 [warning] Failed to fetch chat participant registry Failed to fetch
2025-09-25 19:52:56.225 [error] [network] #44: https://az764295.vo.msecnd.net/extensions/chat.json - error GET Failed to fetch
2025-09-25 19:52:56.360 [warning] Failed to fetch chat participant registry Failed to fetch
2025-09-25 19:57:56.477 [error] [network] #45: https://az764295.vo.msecnd.net/extensions/chat.json - error GET Failed to fetch
2025-09-25 19:57:56.634 [warning] Failed to fetch chat participant registry Failed to fetch
2025-09-25 20:02:56.750 [error] [network] #46: https://az764295.vo.msecnd.net/extensions/chat.json - error GET Failed to fetch
2025-09-25 20:02:56.885 [warning] Failed to fetch chat participant registry Failed to fetch
2025-09-25 20:07:56.938 [error] [network] #47: https://az764295.vo.msecnd.net/extensions/chat.json - error GET Failed to fetch
2025-09-25 20:07:57.114 [warning] Failed to fetch chat participant registry Failed to fetch
2025-09-25 20:12:57.150 [error] [network] #48: https://az764295.vo.msecnd.net/extensions/chat.json - error GET Failed to fetch
2025-09-25 20:12:57.269 [warning] Failed to fetch chat participant registry Failed to fetch
2025-09-25 20:17:57.576 [error] [network] #49: https://az764295.vo.msecnd.net/extensions/chat.json - error GET Failed to fetch
2025-09-25 20:17:57.726 [warning] Failed to fetch chat participant registry Failed to fetch
2025-09-25 20:22:57.820 [error] [network] #50: https://az764295.vo.msecnd.net/extensions/chat.json - error GET Failed to fetch
2025-09-25 20:22:57.938 [warning] Failed to fetch chat participant registry Failed to fetch
2025-09-25 20:27:58.003 [error] [network] #51: https://az764295.vo.msecnd.net/extensions/chat.json - error GET Failed to fetch
2025-09-25 20:27:58.127 [warning] Failed to fetch chat participant registry Failed to fetch
2025-09-25 20:32:58.566 [error] [network] #52: https://az764295.vo.msecnd.net/extensions/chat.json - error GET Failed to fetch
2025-09-25 20:32:58.738 [warning] Failed to fetch chat participant registry Failed to fetch
2025-09-25 20:37:58.843 [error] [network] #53: https://az764295.vo.msecnd.net/extensions/chat.json - error GET Failed to fetch
2025-09-25 20:37:58.992 [warning] Failed to fetch chat participant registry Failed to fetch
2025-09-25 20:42:59.116 [error] [network] #54: https://az764295.vo.msecnd.net/extensions/chat.json - error GET Failed to fetch
2025-09-25 20:42:59.280 [warning] Failed to fetch chat participant registry Failed to fetch
2025-09-25 20:47:59.344 [error] [network] #55: https://az764295.vo.msecnd.net/extensions/chat.json - error GET Failed to fetch
2025-09-25 20:47:59.438 [warning] Failed to fetch chat participant registry Failed to fetch
2025-09-25 20:52:59.470 [error] [network] #56: https://az764295.vo.msecnd.net/extensions/chat.json - error GET Failed to fetch
2025-09-25 20:52:59.562 [warning] Failed to fetch chat participant registry Failed to fetch
2025-09-25 20:57:59.596 [error] [network] #57: https://az764295.vo.msecnd.net/extensions/chat.json - error GET Failed to fetch
2025-09-25 20:57:59.684 [warning] Failed to fetch chat participant registry Failed to fetch
2025-09-25 21:02:59.744 [error] [network] #58: https://az764295.vo.msecnd.net/extensions/chat.json - error GET Failed to fetch
2025-09-25 21:02:59.853 [warning] Failed to fetch chat participant registry Failed to fetch
2025-09-25 21:07:59.935 [error] [network] #59: https://az764295.vo.msecnd.net/extensions/chat.json - error GET Failed to fetch
2025-09-25 21:08:00.014 [warning] Failed to fetch chat participant registry Failed to fetch
2025-09-25 21:13:00.046 [error] [network] #60: https://az764295.vo.msecnd.net/extensions/chat.json - error GET Failed to fetch
2025-09-25 21:13:00.121 [warning] Failed to fetch chat participant registry Failed to fetch
2025-09-25 21:18:00.168 [error] [network] #61: https://az764295.vo.msecnd.net/extensions/chat.json - error GET Failed to fetch
2025-09-25 21:18:00.249 [warning] Failed to fetch chat participant registry Failed to fetch
2025-09-25 21:23:00.303 [error] [network] #62: https://az764295.vo.msecnd.net/extensions/chat.json - error GET Failed to fetch
2025-09-25 21:23:00.413 [warning] Failed to fetch chat participant registry Failed to fetch
2025-09-25 21:28:00.470 [error] [network] #63: https://az764295.vo.msecnd.net/extensions/chat.json - error GET Failed to fetch
2025-09-25 21:28:00.582 [warning] Failed to fetch chat participant registry Failed to fetch
2025-09-25 21:33:00.645 [error] [network] #64: https://az764295.vo.msecnd.net/extensions/chat.json - error GET Failed to fetch
2025-09-25 21:33:00.785 [warning] Failed to fetch chat participant registry Failed to fetch
2025-09-25 21:38:00.819 [error] [network] #65: https://az764295.vo.msecnd.net/extensions/chat.json - error GET Failed to fetch
2025-09-25 21:38:00.887 [warning] Failed to fetch chat participant registry Failed to fetch
2025-09-25 21:43:01.006 [error] [network] #66: https://az764295.vo.msecnd.net/extensions/chat.json - error GET Failed to fetch
2025-09-25 21:43:01.127 [warning] Failed to fetch chat participant registry Failed to fetch
2025-09-25 21:48:01.211 [error] [network] #67: https://az764295.vo.msecnd.net/extensions/chat.json - error GET Failed to fetch
2025-09-25 21:48:01.317 [warning] Failed to fetch chat participant registry Failed to fetch
2025-09-25 21:53:01.358 [error] [network] #68: https://az764295.vo.msecnd.net/extensions/chat.json - error GET Failed to fetch
2025-09-25 21:53:01.483 [warning] Failed to fetch chat participant registry Failed to fetch
2025-09-25 21:58:01.527 [error] [network] #69: https://az764295.vo.msecnd.net/extensions/chat.json - error GET Failed to fetch
2025-09-25 21:58:01.641 [warning] Failed to fetch chat participant registry Failed to fetch
2025-09-25 22:03:01.662 [error] [network] #70: https://az764295.vo.msecnd.net/extensions/chat.json - error GET Failed to fetch
2025-09-25 22:03:01.750 [warning] Failed to fetch chat participant registry Failed to fetch
