2025-09-24 15:50:20.568 [warning] Creation of workbench contribution 'workbench.contrib.preferencesActions' took 57ms.
2025-09-24 15:50:20.687 [warning] Creation of workbench contribution 'workbench.contrib.explorerViewletViews' took 39ms.
2025-09-24 15:50:20.776 [warning] Creation of workbench contribution 'workbench.contrib.editorAutoSave' took 31ms.
2025-09-24 15:50:20.809 [warning] Creation of workbench contribution 'workbench.contrib.editorStatus' took 27ms.
2025-09-24 15:50:20.940 [warning] Creation of workbench contribution 'workbench.contrib.updateExperimentalSettingsDefaults' took 28ms.
2025-09-24 15:50:23.499 [info] Started local extension host with pid 755.
2025-09-24 15:50:44.971 [info] [perf] Render performance baseline is 472ms
2025-09-24 15:50:46.139 [error] [network] #3: https://az764295.vo.msecnd.net/extensions/chat.json - error GET Failed to fetch
2025-09-24 15:50:46.144 [warning] Failed to fetch chat participant registry Failed to fetch
2025-09-24 15:50:48.637 [error] Error: OnWillSaveTextDocument-event avorté après 1750 ms
    at vscode-file://vscode-app/usr/share/code/resources/app/out/vs/workbench/workbench.desktop.main.js:639:8893
2025-09-24 15:50:49.402 [info] Extension host (LocalProcess pid: 755) is unresponsive.
2025-09-24 15:50:50.267 [info] Extension host (LocalProcess pid: 755) is responsive.
2025-09-24 15:50:50.270 [info] UNRESPONSIVE extension host: received responsive event and cancelling profiling session
2025-09-24 15:50:51.720 [info] UNRESPONSIVE extension host: starting to profile NOW
2025-09-24 15:55:46.232 [error] [network] #6: https://az764295.vo.msecnd.net/extensions/chat.json - error GET Failed to fetch
2025-09-24 15:55:46.235 [warning] Failed to fetch chat participant registry Failed to fetch
2025-09-24 16:00:46.265 [error] [network] #7: https://az764295.vo.msecnd.net/extensions/chat.json - error GET Failed to fetch
2025-09-24 16:00:46.268 [warning] Failed to fetch chat participant registry Failed to fetch
2025-09-24 16:05:46.921 [error] [network] #8: https://az764295.vo.msecnd.net/extensions/chat.json - error GET Failed to fetch
2025-09-24 16:05:47.031 [warning] Failed to fetch chat participant registry Failed to fetch
2025-09-24 16:10:47.550 [error] [network] #9: https://az764295.vo.msecnd.net/extensions/chat.json - error GET Failed to fetch
2025-09-24 16:10:47.555 [warning] Failed to fetch chat participant registry Failed to fetch
2025-09-24 16:15:47.592 [error] [network] #10: https://az764295.vo.msecnd.net/extensions/chat.json - error GET Failed to fetch
2025-09-24 16:15:47.714 [warning] Failed to fetch chat participant registry Failed to fetch
2025-09-24 16:20:49.951 [error] [network] #11: https://az764295.vo.msecnd.net/extensions/chat.json - error GET Failed to fetch
2025-09-24 16:20:49.954 [warning] Failed to fetch chat participant registry Failed to fetch
2025-09-24 16:25:50.369 [error] [network] #12: https://az764295.vo.msecnd.net/extensions/chat.json - error GET Failed to fetch
2025-09-24 16:25:50.375 [warning] Failed to fetch chat participant registry Failed to fetch
2025-09-24 16:30:50.412 [error] [network] #13: https://az764295.vo.msecnd.net/extensions/chat.json - error GET Failed to fetch
2025-09-24 16:30:50.415 [warning] Failed to fetch chat participant registry Failed to fetch
2025-09-24 16:35:50.472 [error] [network] #14: https://az764295.vo.msecnd.net/extensions/chat.json - error GET Failed to fetch
2025-09-24 16:35:50.596 [warning] Failed to fetch chat participant registry Failed to fetch
2025-09-24 16:40:50.644 [error] [network] #15: https://az764295.vo.msecnd.net/extensions/chat.json - error GET Failed to fetch
2025-09-24 16:40:50.761 [warning] Failed to fetch chat participant registry Failed to fetch
2025-09-24 16:45:50.787 [error] [network] #16: https://az764295.vo.msecnd.net/extensions/chat.json - error GET Failed to fetch
2025-09-24 16:45:50.897 [warning] Failed to fetch chat participant registry Failed to fetch
2025-09-24 16:50:51.078 [error] [network] #17: https://az764295.vo.msecnd.net/extensions/chat.json - error GET Failed to fetch
2025-09-24 16:50:51.199 [warning] Failed to fetch chat participant registry Failed to fetch
2025-09-24 16:55:51.607 [error] [network] #18: https://az764295.vo.msecnd.net/extensions/chat.json - error GET Failed to fetch
2025-09-24 16:55:51.619 [warning] Failed to fetch chat participant registry Failed to fetch
2025-09-24 17:00:52.154 [error] [network] #19: https://az764295.vo.msecnd.net/extensions/chat.json - error GET Failed to fetch
2025-09-24 17:00:52.169 [warning] Failed to fetch chat participant registry Failed to fetch
2025-09-24 17:05:52.797 [error] [network] #20: https://az764295.vo.msecnd.net/extensions/chat.json - error GET Failed to fetch
2025-09-24 17:05:52.806 [warning] Failed to fetch chat participant registry Failed to fetch
2025-09-24 17:10:52.899 [error] [network] #21: https://az764295.vo.msecnd.net/extensions/chat.json - error GET Failed to fetch
2025-09-24 17:10:52.901 [warning] Failed to fetch chat participant registry Failed to fetch
2025-09-24 17:15:53.076 [error] [network] #22: https://az764295.vo.msecnd.net/extensions/chat.json - error GET Failed to fetch
2025-09-24 17:15:53.080 [warning] Failed to fetch chat participant registry Failed to fetch
2025-09-24 17:20:53.508 [error] [network] #23: https://az764295.vo.msecnd.net/extensions/chat.json - error GET Failed to fetch
2025-09-24 17:20:53.635 [warning] Failed to fetch chat participant registry Failed to fetch
2025-09-24 17:25:53.684 [error] [network] #24: https://az764295.vo.msecnd.net/extensions/chat.json - error GET Failed to fetch
2025-09-24 17:25:53.846 [warning] Failed to fetch chat participant registry Failed to fetch
2025-09-24 17:30:54.427 [error] [network] #25: https://az764295.vo.msecnd.net/extensions/chat.json - error GET Failed to fetch
2025-09-24 17:30:54.602 [warning] Failed to fetch chat participant registry Failed to fetch
2025-09-24 17:35:55.035 [error] [network] #26: https://az764295.vo.msecnd.net/extensions/chat.json - error GET Failed to fetch
2025-09-24 17:35:55.141 [warning] Failed to fetch chat participant registry Failed to fetch
2025-09-24 17:40:55.498 [error] [network] #27: https://az764295.vo.msecnd.net/extensions/chat.json - error GET Failed to fetch
2025-09-24 17:40:55.588 [warning] Failed to fetch chat participant registry Failed to fetch
2025-09-24 17:45:56.134 [error] [network] #28: https://az764295.vo.msecnd.net/extensions/chat.json - error GET Failed to fetch
2025-09-24 17:45:56.139 [warning] Failed to fetch chat participant registry Failed to fetch
2025-09-24 17:50:56.589 [error] [network] #29: https://az764295.vo.msecnd.net/extensions/chat.json - error GET Failed to fetch
2025-09-24 17:50:56.686 [warning] Failed to fetch chat participant registry Failed to fetch
2025-09-24 17:55:57.223 [error] [network] #30: https://az764295.vo.msecnd.net/extensions/chat.json - error GET Failed to fetch
2025-09-24 17:55:57.227 [warning] Failed to fetch chat participant registry Failed to fetch
2025-09-24 18:00:57.690 [error] [network] #31: https://az764295.vo.msecnd.net/extensions/chat.json - error GET Failed to fetch
2025-09-24 18:00:57.701 [warning] Failed to fetch chat participant registry Failed to fetch
2025-09-24 18:05:58.102 [error] [network] #32: https://az764295.vo.msecnd.net/extensions/chat.json - error GET Failed to fetch
2025-09-24 18:05:58.223 [warning] Failed to fetch chat participant registry Failed to fetch
2025-09-24 18:10:58.652 [error] [network] #33: https://az764295.vo.msecnd.net/extensions/chat.json - error GET Failed to fetch
2025-09-24 18:10:58.655 [warning] Failed to fetch chat participant registry Failed to fetch
2025-09-24 18:15:59.216 [error] [network] #34: https://az764295.vo.msecnd.net/extensions/chat.json - error GET Failed to fetch
2025-09-24 18:15:59.218 [warning] Failed to fetch chat participant registry Failed to fetch
2025-09-24 18:20:59.768 [error] [network] #35: https://az764295.vo.msecnd.net/extensions/chat.json - error GET Failed to fetch
2025-09-24 18:20:59.773 [warning] Failed to fetch chat participant registry Failed to fetch
2025-09-24 18:26:00.097 [error] [network] #36: https://az764295.vo.msecnd.net/extensions/chat.json - error GET Failed to fetch
2025-09-24 18:26:00.101 [warning] Failed to fetch chat participant registry Failed to fetch
2025-09-24 18:31:00.155 [error] [network] #37: https://az764295.vo.msecnd.net/extensions/chat.json - error GET Failed to fetch
2025-09-24 18:31:00.157 [warning] Failed to fetch chat participant registry Failed to fetch
2025-09-24 18:36:00.516 [error] [network] #38: https://az764295.vo.msecnd.net/extensions/chat.json - error GET Failed to fetch
2025-09-24 18:36:00.625 [warning] Failed to fetch chat participant registry Failed to fetch
2025-09-24 20:00:01.189 [error] [network] #39: https://az764295.vo.msecnd.net/extensions/chat.json - error GET Failed to fetch
2025-09-24 20:00:01.453 [warning] Failed to fetch chat participant registry Failed to fetch
2025-09-24 20:05:01.528 [error] [network] #40: https://az764295.vo.msecnd.net/extensions/chat.json - error GET Failed to fetch
2025-09-24 20:05:01.706 [warning] Failed to fetch chat participant registry Failed to fetch
2025-09-24 20:10:01.803 [error] [network] #41: https://az764295.vo.msecnd.net/extensions/chat.json - error GET Failed to fetch
2025-09-24 20:10:02.056 [warning] Failed to fetch chat participant registry Failed to fetch
2025-09-24 20:15:02.161 [error] [network] #42: https://az764295.vo.msecnd.net/extensions/chat.json - error GET Failed to fetch
2025-09-24 20:15:02.290 [warning] Failed to fetch chat participant registry Failed to fetch
2025-09-24 20:20:02.423 [error] [network] #43: https://az764295.vo.msecnd.net/extensions/chat.json - error GET Failed to fetch
2025-09-24 20:20:02.546 [warning] Failed to fetch chat participant registry Failed to fetch
2025-09-24 20:25:02.638 [error] [network] #44: https://az764295.vo.msecnd.net/extensions/chat.json - error GET Failed to fetch
2025-09-24 20:25:02.748 [warning] Failed to fetch chat participant registry Failed to fetch
2025-09-24 20:30:02.853 [error] [network] #45: https://az764295.vo.msecnd.net/extensions/chat.json - error GET Failed to fetch
2025-09-24 20:30:03.041 [warning] Failed to fetch chat participant registry Failed to fetch
2025-09-24 20:40:00.257 [error] [network] #46: https://az764295.vo.msecnd.net/extensions/chat.json - error GET Failed to fetch
2025-09-24 20:40:00.350 [warning] Failed to fetch chat participant registry Failed to fetch
2025-09-24 20:45:00.495 [error] [network] #47: https://az764295.vo.msecnd.net/extensions/chat.json - error GET Failed to fetch
2025-09-24 20:45:00.602 [warning] Failed to fetch chat participant registry Failed to fetch
2025-09-24 20:50:00.817 [error] [network] #48: https://az764295.vo.msecnd.net/extensions/chat.json - error GET Failed to fetch
2025-09-24 20:50:01.420 [warning] Failed to fetch chat participant registry Failed to fetch
2025-09-24 20:55:01.487 [error] [network] #49: https://az764295.vo.msecnd.net/extensions/chat.json - error GET Failed to fetch
2025-09-24 20:55:01.621 [warning] Failed to fetch chat participant registry Failed to fetch
2025-09-24 21:00:01.701 [error] [network] #50: https://az764295.vo.msecnd.net/extensions/chat.json - error GET Failed to fetch
2025-09-24 21:00:01.868 [warning] Failed to fetch chat participant registry Failed to fetch
2025-09-24 21:05:02.096 [error] [network] #51: https://az764295.vo.msecnd.net/extensions/chat.json - error GET Failed to fetch
2025-09-24 21:05:02.325 [warning] Failed to fetch chat participant registry Failed to fetch
2025-09-24 21:10:02.399 [error] [network] #52: https://az764295.vo.msecnd.net/extensions/chat.json - error GET Failed to fetch
2025-09-24 21:10:02.601 [warning] Failed to fetch chat participant registry Failed to fetch
2025-09-24 21:15:02.669 [error] [network] #53: https://az764295.vo.msecnd.net/extensions/chat.json - error GET Failed to fetch
2025-09-24 21:15:02.772 [warning] Failed to fetch chat participant registry Failed to fetch
2025-09-24 21:20:02.834 [error] [network] #54: https://az764295.vo.msecnd.net/extensions/chat.json - error GET Failed to fetch
2025-09-24 21:20:02.835 [warning] Failed to fetch chat participant registry Failed to fetch
2025-09-24 21:25:02.932 [error] [network] #55: https://az764295.vo.msecnd.net/extensions/chat.json - error GET Failed to fetch
2025-09-24 21:25:02.937 [warning] Failed to fetch chat participant registry Failed to fetch
2025-09-24 21:30:03.026 [error] [network] #56: https://az764295.vo.msecnd.net/extensions/chat.json - error GET Failed to fetch
2025-09-24 21:30:03.145 [warning] Failed to fetch chat participant registry Failed to fetch
2025-09-24 21:35:03.202 [error] [network] #57: https://az764295.vo.msecnd.net/extensions/chat.json - error GET Failed to fetch
2025-09-24 21:35:03.311 [warning] Failed to fetch chat participant registry Failed to fetch
2025-09-24 21:40:03.428 [error] [network] #58: https://az764295.vo.msecnd.net/extensions/chat.json - error GET Failed to fetch
2025-09-24 21:40:03.590 [warning] Failed to fetch chat participant registry Failed to fetch
2025-09-24 21:45:03.635 [error] [network] #59: https://az764295.vo.msecnd.net/extensions/chat.json - error GET Failed to fetch
2025-09-24 21:45:03.774 [warning] Failed to fetch chat participant registry Failed to fetch
2025-09-24 21:50:03.861 [error] [network] #60: https://az764295.vo.msecnd.net/extensions/chat.json - error GET Failed to fetch
2025-09-24 21:50:04.013 [warning] Failed to fetch chat participant registry Failed to fetch
2025-09-24 22:53:34.728 [error] [network] #61: https://az764295.vo.msecnd.net/extensions/chat.json - error GET Failed to fetch
2025-09-24 22:53:34.870 [warning] Failed to fetch chat participant registry Failed to fetch
2025-09-24 22:58:34.948 [error] [network] #62: https://az764295.vo.msecnd.net/extensions/chat.json - error GET Failed to fetch
2025-09-24 22:58:35.169 [warning] Failed to fetch chat participant registry Failed to fetch
2025-09-24 23:03:35.231 [error] [network] #63: https://az764295.vo.msecnd.net/extensions/chat.json - error GET Failed to fetch
2025-09-24 23:03:35.440 [warning] Failed to fetch chat participant registry Failed to fetch
2025-09-24 23:08:35.528 [error] [network] #64: https://az764295.vo.msecnd.net/extensions/chat.json - error GET Failed to fetch
2025-09-24 23:08:35.692 [warning] Failed to fetch chat participant registry Failed to fetch
2025-09-24 23:13:35.743 [error] [network] #65: https://az764295.vo.msecnd.net/extensions/chat.json - error GET Failed to fetch
2025-09-24 23:13:35.852 [warning] Failed to fetch chat participant registry Failed to fetch
2025-09-24 23:18:35.909 [error] [network] #66: https://az764295.vo.msecnd.net/extensions/chat.json - error GET Failed to fetch
2025-09-24 23:18:36.029 [warning] Failed to fetch chat participant registry Failed to fetch
2025-09-24 23:23:36.078 [error] [network] #67: https://az764295.vo.msecnd.net/extensions/chat.json - error GET Failed to fetch
2025-09-24 23:23:36.175 [warning] Failed to fetch chat participant registry Failed to fetch
2025-09-24 23:28:36.245 [error] [network] #68: https://az764295.vo.msecnd.net/extensions/chat.json - error GET Failed to fetch
2025-09-24 23:28:36.445 [warning] Failed to fetch chat participant registry Failed to fetch
2025-09-24 23:33:36.470 [error] [network] #69: https://az764295.vo.msecnd.net/extensions/chat.json - error GET Failed to fetch
2025-09-24 23:33:36.575 [warning] Failed to fetch chat participant registry Failed to fetch
2025-09-25 11:59:14.837 [error] [network] #71: https://marketplace.visualstudio.com/_apis/public/gallery/extensionquery - error POST Failed to fetch
2025-09-25 11:59:20.310 [error] [network] #70: https://az764295.vo.msecnd.net/extensions/chat.json - error GET Failed to fetch
2025-09-25 11:59:20.419 [warning] Failed to fetch chat participant registry Failed to fetch
2025-09-25 12:04:20.530 [error] [network] #72: https://az764295.vo.msecnd.net/extensions/chat.json - error GET Failed to fetch
2025-09-25 12:04:20.710 [warning] Failed to fetch chat participant registry Failed to fetch
2025-09-25 12:13:12.243 [error] [network] #73: https://az764295.vo.msecnd.net/extensions/chat.json - error GET Failed to fetch
2025-09-25 12:13:12.458 [warning] Failed to fetch chat participant registry Failed to fetch
2025-09-25 12:18:12.365 [error] [network] #74: https://az764295.vo.msecnd.net/extensions/chat.json - error GET Failed to fetch
2025-09-25 12:18:12.496 [warning] Failed to fetch chat participant registry Failed to fetch
2025-09-25 12:23:12.531 [error] [network] #75: https://az764295.vo.msecnd.net/extensions/chat.json - error GET Failed to fetch
2025-09-25 12:23:12.714 [warning] Failed to fetch chat participant registry Failed to fetch
2025-09-25 12:28:12.758 [error] [network] #76: https://az764295.vo.msecnd.net/extensions/chat.json - error GET Failed to fetch
2025-09-25 12:28:12.923 [warning] Failed to fetch chat participant registry Failed to fetch
2025-09-25 12:33:12.963 [error] [network] #77: https://az764295.vo.msecnd.net/extensions/chat.json - error GET Failed to fetch
2025-09-25 12:33:13.054 [warning] Failed to fetch chat participant registry Failed to fetch
2025-09-25 12:38:13.097 [error] [network] #78: https://az764295.vo.msecnd.net/extensions/chat.json - error GET Failed to fetch
2025-09-25 12:38:13.238 [warning] Failed to fetch chat participant registry Failed to fetch
2025-09-25 12:43:13.263 [error] [network] #79: https://az764295.vo.msecnd.net/extensions/chat.json - error GET Failed to fetch
2025-09-25 12:43:13.346 [warning] Failed to fetch chat participant registry Failed to fetch
2025-09-25 12:48:13.395 [error] [network] #80: https://az764295.vo.msecnd.net/extensions/chat.json - error GET Failed to fetch
2025-09-25 12:48:13.598 [warning] Failed to fetch chat participant registry Failed to fetch
2025-09-25 12:53:13.651 [error] [network] #81: https://az764295.vo.msecnd.net/extensions/chat.json - error GET Failed to fetch
2025-09-25 12:53:13.777 [warning] Failed to fetch chat participant registry Failed to fetch
2025-09-25 12:58:13.895 [error] [network] #82: https://az764295.vo.msecnd.net/extensions/chat.json - error GET Failed to fetch
2025-09-25 12:58:13.900 [warning] Failed to fetch chat participant registry Failed to fetch
2025-09-25 13:03:13.935 [error] [network] #83: https://az764295.vo.msecnd.net/extensions/chat.json - error GET Failed to fetch
2025-09-25 13:03:14.061 [warning] Failed to fetch chat participant registry Failed to fetch
2025-09-25 13:08:14.088 [error] [network] #84: https://az764295.vo.msecnd.net/extensions/chat.json - error GET Failed to fetch
2025-09-25 13:08:14.199 [warning] Failed to fetch chat participant registry Failed to fetch
2025-09-25 13:13:14.316 [error] [network] #85: https://az764295.vo.msecnd.net/extensions/chat.json - error GET Failed to fetch
2025-09-25 13:13:14.477 [warning] Failed to fetch chat participant registry Failed to fetch
2025-09-25 13:18:14.509 [error] [network] #86: https://az764295.vo.msecnd.net/extensions/chat.json - error GET Failed to fetch
2025-09-25 13:18:14.657 [warning] Failed to fetch chat participant registry Failed to fetch
2025-09-25 13:23:14.857 [error] [network] #87: https://az764295.vo.msecnd.net/extensions/chat.json - error GET Failed to fetch
2025-09-25 13:23:14.872 [warning] Failed to fetch chat participant registry Failed to fetch
2025-09-25 13:28:14.896 [error] [network] #88: https://az764295.vo.msecnd.net/extensions/chat.json - error GET Failed to fetch
2025-09-25 13:28:15.041 [warning] Failed to fetch chat participant registry Failed to fetch
2025-09-25 13:33:15.083 [error] [network] #89: https://az764295.vo.msecnd.net/extensions/chat.json - error GET Failed to fetch
2025-09-25 13:33:15.184 [warning] Failed to fetch chat participant registry Failed to fetch
2025-09-25 13:38:15.213 [error] [network] #90: https://az764295.vo.msecnd.net/extensions/chat.json - error GET Failed to fetch
2025-09-25 13:38:15.309 [warning] Failed to fetch chat participant registry Failed to fetch
2025-09-25 13:43:15.347 [error] [network] #91: https://az764295.vo.msecnd.net/extensions/chat.json - error GET Failed to fetch
2025-09-25 13:43:15.484 [warning] Failed to fetch chat participant registry Failed to fetch
2025-09-25 13:48:15.515 [error] [network] #92: https://az764295.vo.msecnd.net/extensions/chat.json - error GET Failed to fetch
2025-09-25 13:48:15.648 [warning] Failed to fetch chat participant registry Failed to fetch
2025-09-25 13:53:15.679 [error] [network] #93: https://az764295.vo.msecnd.net/extensions/chat.json - error GET Failed to fetch
2025-09-25 13:53:15.790 [warning] Failed to fetch chat participant registry Failed to fetch
2025-09-25 13:58:15.846 [error] [network] #94: https://az764295.vo.msecnd.net/extensions/chat.json - error GET Failed to fetch
2025-09-25 13:58:15.972 [warning] Failed to fetch chat participant registry Failed to fetch
2025-09-25 14:03:16.032 [error] [network] #95: https://az764295.vo.msecnd.net/extensions/chat.json - error GET Failed to fetch
2025-09-25 14:03:16.133 [warning] Failed to fetch chat participant registry Failed to fetch
2025-09-25 14:08:16.170 [error] [network] #96: https://az764295.vo.msecnd.net/extensions/chat.json - error GET Failed to fetch
2025-09-25 14:08:16.345 [warning] Failed to fetch chat participant registry Failed to fetch
2025-09-25 14:13:16.390 [error] [network] #97: https://az764295.vo.msecnd.net/extensions/chat.json - error GET Failed to fetch
2025-09-25 14:13:16.572 [warning] Failed to fetch chat participant registry Failed to fetch
2025-09-25 14:18:16.668 [error] [network] #98: https://az764295.vo.msecnd.net/extensions/chat.json - error GET Failed to fetch
2025-09-25 14:18:16.838 [warning] Failed to fetch chat participant registry Failed to fetch
2025-09-25 14:23:16.922 [error] [network] #99: https://az764295.vo.msecnd.net/extensions/chat.json - error GET Failed to fetch
2025-09-25 14:23:17.093 [warning] Failed to fetch chat participant registry Failed to fetch
2025-09-25 14:28:17.233 [error] [network] #100: https://az764295.vo.msecnd.net/extensions/chat.json - error GET Failed to fetch
2025-09-25 14:28:17.352 [warning] Failed to fetch chat participant registry Failed to fetch
2025-09-25 14:33:17.449 [error] [network] #101: https://az764295.vo.msecnd.net/extensions/chat.json - error GET Failed to fetch
2025-09-25 14:33:17.580 [warning] Failed to fetch chat participant registry Failed to fetch
2025-09-25 14:38:17.646 [error] [network] #102: https://az764295.vo.msecnd.net/extensions/chat.json - error GET Failed to fetch
2025-09-25 14:38:17.788 [warning] Failed to fetch chat participant registry Failed to fetch
2025-09-25 14:43:18.213 [error] [network] #103: https://az764295.vo.msecnd.net/extensions/chat.json - error GET Failed to fetch
2025-09-25 14:43:18.344 [warning] Failed to fetch chat participant registry Failed to fetch
2025-09-25 14:48:41.103 [error] [network] #104: https://az764295.vo.msecnd.net/extensions/chat.json - error GET Failed to fetch
2025-09-25 14:48:41.641 [warning] Failed to fetch chat participant registry Failed to fetch
2025-09-25 14:52:16.992 [info] Extension host (LocalProcess pid: 755) is unresponsive.
2025-09-25 14:52:17.129 [info] Extension host (LocalProcess pid: 755) is responsive.
2025-09-25 14:52:17.336 [info] UNRESPONSIVE extension host: received responsive event and cancelling profiling session
2025-09-25 14:52:19.854 [info] UNRESPONSIVE extension host: starting to profile NOW
2025-09-25 14:52:32.453 [info] Extension host (LocalProcess pid: 755) is unresponsive.
2025-09-25 14:52:32.792 [error] Error: OnWillSaveTextDocument-event avorté après 1750 ms
    at vscode-file://vscode-app/usr/share/code/resources/app/out/vs/workbench/workbench.desktop.main.js:639:8893
2025-09-25 14:52:32.823 [info] Extension host (LocalProcess pid: 755) is responsive.
2025-09-25 14:52:32.830 [info] UNRESPONSIVE extension host: received responsive event and cancelling profiling session
2025-09-25 14:52:39.082 [info] UNRESPONSIVE extension host: starting to profile NOW
2025-09-25 14:52:46.394 [error] Error: OnWillSaveTextDocument-event avorté après 1750 ms
    at vscode-file://vscode-app/usr/share/code/resources/app/out/vs/workbench/workbench.desktop.main.js:639:8893
2025-09-25 14:54:04.713 [error] [network] #105: https://az764295.vo.msecnd.net/extensions/chat.json - error GET Failed to fetch
2025-09-25 14:54:05.461 [warning] Failed to fetch chat participant registry Failed to fetch
2025-09-25 14:59:29.628 [error] [network] #106: https://az764295.vo.msecnd.net/extensions/chat.json - error GET Failed to fetch
2025-09-25 14:59:31.678 [warning] Failed to fetch chat participant registry Failed to fetch
2025-09-25 15:04:33.139 [error] [network] #107: https://az764295.vo.msecnd.net/extensions/chat.json - error GET Failed to fetch
2025-09-25 15:04:34.341 [warning] Failed to fetch chat participant registry Failed to fetch
2025-09-25 15:10:01.874 [error] [network] #108: https://az764295.vo.msecnd.net/extensions/chat.json - error GET Failed to fetch
2025-09-25 15:10:02.124 [warning] Failed to fetch chat participant registry Failed to fetch
2025-09-25 15:12:23.441 [info] Extension host (LocalProcess pid: 755) is unresponsive.
2025-09-25 15:12:27.608 [info] Extension host (LocalProcess pid: 755) is responsive.
2025-09-25 15:12:30.174 [info] UNRESPONSIVE extension host: received responsive event and cancelling profiling session
2025-09-25 15:12:31.109 [info] UNRESPONSIVE extension host: starting to profile NOW
2025-09-25 15:14:25.064 [info] Extension host (LocalProcess pid: 755) is unresponsive.
2025-09-25 15:14:25.156 [info] Extension host (LocalProcess pid: 755) is responsive.
2025-09-25 15:14:25.159 [info] UNRESPONSIVE extension host: received responsive event and cancelling profiling session
2025-09-25 15:14:28.097 [info] UNRESPONSIVE extension host: starting to profile NOW
2025-09-25 15:15:27.877 [info] Extension host (LocalProcess pid: 755) is unresponsive.
2025-09-25 15:15:27.953 [info] Extension host (LocalProcess pid: 755) is responsive.
2025-09-25 15:15:27.964 [info] UNRESPONSIVE extension host: received responsive event and cancelling profiling session
2025-09-25 15:15:33.567 [error] [network] #109: https://az764295.vo.msecnd.net/extensions/chat.json - error GET Failed to fetch
2025-09-25 15:15:34.005 [warning] Failed to fetch chat participant registry Failed to fetch
2025-09-25 15:15:35.247 [error] Error: OnWillSaveTextDocument-event avorté après 1750 ms
    at vscode-file://vscode-app/usr/share/code/resources/app/out/vs/workbench/workbench.desktop.main.js:639:8893
2025-09-25 15:15:35.292 [info] UNRESPONSIVE extension host: starting to profile NOW
2025-09-25 15:15:54.248 [info] Extension host (LocalProcess pid: 755) is unresponsive.
2025-09-25 15:15:54.283 [info] Extension host (LocalProcess pid: 755) is responsive.
2025-09-25 15:15:54.285 [info] UNRESPONSIVE extension host: received responsive event and cancelling profiling session
2025-09-25 15:15:54.919 [info] UNRESPONSIVE extension host: starting to profile NOW
2025-09-25 15:17:06.719 [info] Extension host (LocalProcess pid: 755) is unresponsive.
2025-09-25 15:17:09.785 [info] Extension host (LocalProcess pid: 755) is responsive.
2025-09-25 15:17:13.689 [info] UNRESPONSIVE extension host: received responsive event and cancelling profiling session
2025-09-25 15:17:38.168 [info] UNRESPONSIVE extension host: starting to profile NOW
2025-09-25 15:18:35.507 [info] Extension host (LocalProcess pid: 755) is unresponsive.
2025-09-25 15:18:53.669 [info] Extension host (LocalProcess pid: 755) is responsive.
2025-09-25 15:18:53.699 [info] UNRESPONSIVE extension host: received responsive event and cancelling profiling session
2025-09-25 15:18:53.762 [info] UNRESPONSIVE extension host: starting to profile NOW
2025-09-25 15:18:54.071 [error] Error: OnWillSaveTextDocument-event avorté après 1750 ms
    at vscode-file://vscode-app/usr/share/code/resources/app/out/vs/workbench/workbench.desktop.main.js:639:8893
2025-09-25 15:21:01.193 [error] [network] #110: https://az764295.vo.msecnd.net/extensions/chat.json - error GET Failed to fetch
2025-09-25 15:21:01.422 [warning] Failed to fetch chat participant registry Failed to fetch
2025-09-25 15:26:01.840 [info] Extension host (LocalProcess pid: 755) is unresponsive.
2025-09-25 15:29:46.594 [info] Extension host (LocalProcess pid: 755) is responsive.
2025-09-25 15:29:46.849 [info] UNRESPONSIVE extension host: received responsive event and cancelling profiling session
2025-09-25 15:29:50.304 [info] UNRESPONSIVE extension host: starting to profile NOW
2025-09-25 15:30:41.051 [info] Extension host (LocalProcess pid: 755) is unresponsive.
2025-09-25 15:30:41.543 [info] Extension host (LocalProcess pid: 755) is responsive.
2025-09-25 15:30:41.547 [info] UNRESPONSIVE extension host: received responsive event and cancelling profiling session
2025-09-25 15:30:41.598 [error] [network] #111: https://az764295.vo.msecnd.net/extensions/chat.json - error GET Failed to fetch
2025-09-25 15:30:41.600 [warning] Failed to fetch chat participant registry Failed to fetch
