2025-09-24 21:47:52.475 [warning] Creation of workbench contribution 'workbench.contrib.preferencesActions' took 23ms.
2025-09-24 21:47:52.682 [warning] Creation of workbench contribution 'workbench.contrib.updateExperimentalSettingsDefaults' took 23ms.
2025-09-24 21:47:54.877 [info] Started local extension host with pid 4141.
2025-09-24 21:48:16.314 [error] [network] #3: https://az764295.vo.msecnd.net/extensions/chat.json - error GET Failed to fetch
2025-09-24 21:48:16.318 [warning] Failed to fetch chat participant registry Failed to fetch
2025-09-24 21:48:16.578 [info] [perf] Render performance baseline is 557ms
2025-09-24 21:53:16.500 [error] [network] #4: https://az764295.vo.msecnd.net/extensions/chat.json - error GET Failed to fetch
2025-09-24 21:53:16.504 [warning] Failed to fetch chat participant registry Failed to fetch
2025-09-24 22:53:34.789 [error] [network] #5: https://az764295.vo.msecnd.net/extensions/chat.json - error GET Failed to fetch
2025-09-24 22:53:34.931 [warning] Failed to fetch chat participant registry Failed to fetch
2025-09-24 22:58:35.058 [error] [network] #6: https://az764295.vo.msecnd.net/extensions/chat.json - error GET Failed to fetch
2025-09-24 22:58:35.247 [warning] Failed to fetch chat participant registry Failed to fetch
2025-09-24 23:03:35.360 [error] [network] #7: https://az764295.vo.msecnd.net/extensions/chat.json - error GET Failed to fetch
2025-09-24 23:03:35.574 [warning] Failed to fetch chat participant registry Failed to fetch
2025-09-24 23:08:35.609 [error] [network] #8: https://az764295.vo.msecnd.net/extensions/chat.json - error GET Failed to fetch
2025-09-24 23:08:35.719 [warning] Failed to fetch chat participant registry Failed to fetch
2025-09-24 23:13:35.781 [error] [network] #9: https://az764295.vo.msecnd.net/extensions/chat.json - error GET Failed to fetch
2025-09-24 23:13:35.901 [warning] Failed to fetch chat participant registry Failed to fetch
2025-09-24 23:18:35.972 [error] [network] #10: https://az764295.vo.msecnd.net/extensions/chat.json - error GET Failed to fetch
2025-09-24 23:18:36.068 [warning] Failed to fetch chat participant registry Failed to fetch
2025-09-24 23:23:36.134 [error] [network] #11: https://az764295.vo.msecnd.net/extensions/chat.json - error GET Failed to fetch
2025-09-24 23:23:36.267 [warning] Failed to fetch chat participant registry Failed to fetch
2025-09-24 23:28:36.333 [error] [network] #12: https://az764295.vo.msecnd.net/extensions/chat.json - error GET Failed to fetch
2025-09-24 23:28:36.537 [warning] Failed to fetch chat participant registry Failed to fetch
2025-09-24 23:33:36.586 [error] [network] #13: https://az764295.vo.msecnd.net/extensions/chat.json - error GET Failed to fetch
2025-09-24 23:33:36.686 [warning] Failed to fetch chat participant registry Failed to fetch
2025-09-25 11:59:14.850 [error] [network] #15: https://marketplace.visualstudio.com/_apis/public/gallery/extensionquery - error POST Failed to fetch
2025-09-25 11:59:20.351 [error] [network] #14: https://az764295.vo.msecnd.net/extensions/chat.json - error GET Failed to fetch
2025-09-25 11:59:20.437 [warning] Failed to fetch chat participant registry Failed to fetch
2025-09-25 12:04:20.519 [error] [network] #16: https://az764295.vo.msecnd.net/extensions/chat.json - error GET Failed to fetch
2025-09-25 12:04:20.704 [warning] Failed to fetch chat participant registry Failed to fetch
2025-09-25 12:13:10.305 [error] [network] #17: https://az764295.vo.msecnd.net/extensions/chat.json - error GET Failed to fetch
2025-09-25 12:13:10.400 [warning] Failed to fetch chat participant registry Failed to fetch
2025-09-25 12:18:10.334 [error] [network] #18: https://az764295.vo.msecnd.net/extensions/chat.json - error GET Failed to fetch
2025-09-25 12:18:10.480 [warning] Failed to fetch chat participant registry Failed to fetch
2025-09-25 12:23:10.590 [error] [network] #19: https://az764295.vo.msecnd.net/extensions/chat.json - error GET Failed to fetch
2025-09-25 12:23:10.738 [warning] Failed to fetch chat participant registry Failed to fetch
2025-09-25 12:28:10.833 [error] [network] #20: https://az764295.vo.msecnd.net/extensions/chat.json - error GET Failed to fetch
2025-09-25 12:28:11.023 [warning] Failed to fetch chat participant registry Failed to fetch
2025-09-25 12:33:11.083 [error] [network] #21: https://az764295.vo.msecnd.net/extensions/chat.json - error GET Failed to fetch
2025-09-25 12:33:11.204 [warning] Failed to fetch chat participant registry Failed to fetch
2025-09-25 12:38:11.231 [error] [network] #22: https://az764295.vo.msecnd.net/extensions/chat.json - error GET Failed to fetch
2025-09-25 12:38:11.331 [warning] Failed to fetch chat participant registry Failed to fetch
2025-09-25 12:43:11.424 [error] [network] #23: https://az764295.vo.msecnd.net/extensions/chat.json - error GET Failed to fetch
2025-09-25 12:43:11.613 [warning] Failed to fetch chat participant registry Failed to fetch
2025-09-25 12:48:11.737 [error] [network] #24: https://az764295.vo.msecnd.net/extensions/chat.json - error GET Failed to fetch
2025-09-25 12:48:11.849 [warning] Failed to fetch chat participant registry Failed to fetch
2025-09-25 12:53:11.945 [error] [network] #25: https://az764295.vo.msecnd.net/extensions/chat.json - error GET Failed to fetch
2025-09-25 12:53:12.087 [warning] Failed to fetch chat participant registry Failed to fetch
2025-09-25 12:58:12.159 [error] [network] #26: https://az764295.vo.msecnd.net/extensions/chat.json - error GET Failed to fetch
2025-09-25 12:58:12.229 [warning] Failed to fetch chat participant registry Failed to fetch
2025-09-25 13:03:12.353 [error] [network] #27: https://az764295.vo.msecnd.net/extensions/chat.json - error GET Failed to fetch
2025-09-25 13:03:12.472 [warning] Failed to fetch chat participant registry Failed to fetch
2025-09-25 13:08:12.609 [error] [network] #28: https://az764295.vo.msecnd.net/extensions/chat.json - error GET Failed to fetch
2025-09-25 13:08:12.776 [warning] Failed to fetch chat participant registry Failed to fetch
2025-09-25 13:13:12.930 [error] [network] #29: https://az764295.vo.msecnd.net/extensions/chat.json - error GET Failed to fetch
2025-09-25 13:13:13.073 [warning] Failed to fetch chat participant registry Failed to fetch
2025-09-25 13:18:13.555 [error] [network] #30: https://az764295.vo.msecnd.net/extensions/chat.json - error GET Failed to fetch
2025-09-25 13:18:13.742 [warning] Failed to fetch chat participant registry Failed to fetch
2025-09-25 13:23:14.109 [error] [network] #31: https://az764295.vo.msecnd.net/extensions/chat.json - error GET Failed to fetch
2025-09-25 13:23:14.259 [warning] Failed to fetch chat participant registry Failed to fetch
2025-09-25 13:28:14.313 [error] [network] #32: https://az764295.vo.msecnd.net/extensions/chat.json - error GET Failed to fetch
2025-09-25 13:28:14.417 [warning] Failed to fetch chat participant registry Failed to fetch
2025-09-25 13:33:14.466 [error] [network] #33: https://az764295.vo.msecnd.net/extensions/chat.json - error GET Failed to fetch
2025-09-25 13:33:14.582 [warning] Failed to fetch chat participant registry Failed to fetch
2025-09-25 13:38:14.659 [error] [network] #34: https://az764295.vo.msecnd.net/extensions/chat.json - error GET Failed to fetch
2025-09-25 13:38:14.804 [warning] Failed to fetch chat participant registry Failed to fetch
2025-09-25 13:43:14.853 [error] [network] #35: https://az764295.vo.msecnd.net/extensions/chat.json - error GET Failed to fetch
2025-09-25 13:43:14.997 [warning] Failed to fetch chat participant registry Failed to fetch
2025-09-25 13:48:15.064 [error] [network] #36: https://az764295.vo.msecnd.net/extensions/chat.json - error GET Failed to fetch
2025-09-25 13:48:15.217 [warning] Failed to fetch chat participant registry Failed to fetch
2025-09-25 13:53:15.273 [error] [network] #37: https://az764295.vo.msecnd.net/extensions/chat.json - error GET Failed to fetch
2025-09-25 13:53:15.402 [warning] Failed to fetch chat participant registry Failed to fetch
2025-09-25 13:58:15.510 [error] [network] #38: https://az764295.vo.msecnd.net/extensions/chat.json - error GET Failed to fetch
2025-09-25 13:58:15.638 [warning] Failed to fetch chat participant registry Failed to fetch
2025-09-25 14:03:15.727 [error] [network] #39: https://az764295.vo.msecnd.net/extensions/chat.json - error GET Failed to fetch
2025-09-25 14:03:15.872 [warning] Failed to fetch chat participant registry Failed to fetch
2025-09-25 14:08:15.950 [error] [network] #40: https://az764295.vo.msecnd.net/extensions/chat.json - error GET Failed to fetch
2025-09-25 14:08:16.078 [warning] Failed to fetch chat participant registry Failed to fetch
2025-09-25 14:13:16.296 [error] [network] #41: https://az764295.vo.msecnd.net/extensions/chat.json - error GET Failed to fetch
2025-09-25 14:13:16.461 [warning] Failed to fetch chat participant registry Failed to fetch
2025-09-25 14:18:16.598 [error] [network] #42: https://az764295.vo.msecnd.net/extensions/chat.json - error GET Failed to fetch
2025-09-25 14:18:16.750 [warning] Failed to fetch chat participant registry Failed to fetch
2025-09-25 14:23:16.827 [error] [network] #43: https://az764295.vo.msecnd.net/extensions/chat.json - error GET Failed to fetch
2025-09-25 14:23:17.021 [warning] Failed to fetch chat participant registry Failed to fetch
2025-09-25 14:28:17.154 [error] [network] #44: https://az764295.vo.msecnd.net/extensions/chat.json - error GET Failed to fetch
2025-09-25 14:28:17.300 [warning] Failed to fetch chat participant registry Failed to fetch
2025-09-25 14:33:17.348 [error] [network] #45: https://az764295.vo.msecnd.net/extensions/chat.json - error GET Failed to fetch
2025-09-25 14:33:17.508 [warning] Failed to fetch chat participant registry Failed to fetch
2025-09-25 14:38:17.588 [error] [network] #46: https://az764295.vo.msecnd.net/extensions/chat.json - error GET Failed to fetch
2025-09-25 14:38:17.740 [warning] Failed to fetch chat participant registry Failed to fetch
2025-09-25 14:43:17.965 [error] [network] #47: https://az764295.vo.msecnd.net/extensions/chat.json - error GET Failed to fetch
2025-09-25 14:43:18.166 [warning] Failed to fetch chat participant registry Failed to fetch
2025-09-25 14:48:41.195 [error] [network] #48: https://az764295.vo.msecnd.net/extensions/chat.json - error GET Failed to fetch
2025-09-25 14:48:41.642 [warning] Failed to fetch chat participant registry Failed to fetch
2025-09-25 14:54:04.734 [error] [network] #49: https://az764295.vo.msecnd.net/extensions/chat.json - error GET Failed to fetch
2025-09-25 14:54:05.464 [warning] Failed to fetch chat participant registry Failed to fetch
2025-09-25 14:59:29.720 [error] [network] #50: https://az764295.vo.msecnd.net/extensions/chat.json - error GET Failed to fetch
2025-09-25 14:59:31.683 [warning] Failed to fetch chat participant registry Failed to fetch
2025-09-25 15:04:33.122 [error] [network] #51: https://az764295.vo.msecnd.net/extensions/chat.json - error GET Failed to fetch
2025-09-25 15:04:34.339 [warning] Failed to fetch chat participant registry Failed to fetch
2025-09-25 15:10:00.736 [error] [network] #52: https://az764295.vo.msecnd.net/extensions/chat.json - error GET Failed to fetch
2025-09-25 15:10:01.572 [warning] Failed to fetch chat participant registry Failed to fetch
2025-09-25 15:15:27.771 [error] [network] #53: https://az764295.vo.msecnd.net/extensions/chat.json - error GET Failed to fetch
2025-09-25 15:15:27.948 [warning] Failed to fetch chat participant registry Failed to fetch
2025-09-25 15:21:01.206 [error] [network] #54: https://az764295.vo.msecnd.net/extensions/chat.json - error GET Failed to fetch
2025-09-25 15:21:01.425 [warning] Failed to fetch chat participant registry Failed to fetch
2025-09-25 15:30:41.537 [error] [network] #55: https://az764295.vo.msecnd.net/extensions/chat.json - error GET Failed to fetch
2025-09-25 15:30:41.606 [warning] Failed to fetch chat participant registry Failed to fetch
