2025-09-23 18:35:21.223 [warning] Creation of workbench contribution 'workbench.contrib.preferencesActions' took 48ms.
2025-09-23 18:35:21.342 [warning] Creation of workbench contribution 'workbench.contrib.explorerViewletViews' took 39ms.
2025-09-23 18:35:21.460 [warning] Creation of workbench contribution 'workbench.contrib.notebookClipboard' took 48ms.
2025-09-23 18:35:21.554 [warning] Creation of workbench contribution 'workbench.contrib.updateExperimentalSettingsDefaults' took 24ms.
2025-09-23 18:35:25.536 [info] Started local extension host with pid 642.
2025-09-23 18:35:44.538 [error] [network] #1: https://az764295.vo.msecnd.net/extensions/chat.json - error GET Failed to fetch
2025-09-23 18:35:44.541 [warning] Failed to fetch chat participant registry Failed to fetch
2025-09-23 18:36:04.028 [info] [perf] Render performance baseline is -1ms
2025-09-23 18:36:10.528 [info] Extension host (LocalProcess pid: 642) is unresponsive.
2025-09-23 18:36:13.437 [info] Extension host (LocalProcess pid: 642) is responsive.
2025-09-23 18:40:44.209 [error] [network] #4: https://az764295.vo.msecnd.net/extensions/chat.json - error GET Failed to fetch
2025-09-23 18:40:44.213 [warning] Failed to fetch chat participant registry Failed to fetch
2025-09-23 18:45:44.344 [error] [network] #5: https://az764295.vo.msecnd.net/extensions/chat.json - error GET Failed to fetch
2025-09-23 18:45:44.353 [warning] Failed to fetch chat participant registry Failed to fetch
2025-09-23 18:50:44.478 [error] [network] #6: https://az764295.vo.msecnd.net/extensions/chat.json - error GET Failed to fetch
2025-09-23 18:50:44.481 [warning] Failed to fetch chat participant registry Failed to fetch
2025-09-23 18:55:44.526 [error] [network] #7: https://az764295.vo.msecnd.net/extensions/chat.json - error GET Failed to fetch
2025-09-23 18:55:44.529 [warning] Failed to fetch chat participant registry Failed to fetch
2025-09-23 19:00:44.567 [error] [network] #8: https://az764295.vo.msecnd.net/extensions/chat.json - error GET Failed to fetch
2025-09-23 19:00:44.571 [warning] Failed to fetch chat participant registry Failed to fetch
2025-09-23 19:05:44.602 [error] [network] #9: https://az764295.vo.msecnd.net/extensions/chat.json - error GET Failed to fetch
2025-09-23 19:05:44.752 [warning] Failed to fetch chat participant registry Failed to fetch
2025-09-23 19:27:05.203 [error] [network] #10: https://az764295.vo.msecnd.net/extensions/chat.json - error GET Failed to fetch
2025-09-23 19:27:05.299 [warning] Failed to fetch chat participant registry Failed to fetch
2025-09-23 19:32:05.378 [error] [network] #11: https://az764295.vo.msecnd.net/extensions/chat.json - error GET Failed to fetch
2025-09-23 19:32:05.382 [warning] Failed to fetch chat participant registry Failed to fetch
2025-09-23 19:37:05.431 [error] [network] #12: https://az764295.vo.msecnd.net/extensions/chat.json - error GET Failed to fetch
2025-09-23 19:37:05.543 [warning] Failed to fetch chat participant registry Failed to fetch
2025-09-23 19:42:05.601 [error] [network] #13: https://az764295.vo.msecnd.net/extensions/chat.json - error GET Failed to fetch
2025-09-23 19:42:05.745 [warning] Failed to fetch chat participant registry Failed to fetch
