2025-09-23 18:36:16.570 [info] [main] Niveau du journal : Info
2025-09-23 18:36:16.571 [info] [main] Validation du git trouvé dans : «git»
2025-09-23 18:36:16.571 [info] [main] Utilisation de git "2.39.5" de "git»
2025-09-23 18:36:16.571 [info] [Model][doInitialScan] Initial repository scan started
2025-09-23 18:36:16.571 [info] > git rev-parse --show-toplevel [296ms]
2025-09-23 18:36:16.571 [info] fatal: not a git repository (or any of the parent directories): .git
2025-09-23 18:36:16.571 [info] > git rev-parse --show-toplevel [121ms]
2025-09-23 18:36:16.571 [info] fatal: not a git repository (or any of the parent directories): .git
2025-09-23 18:36:16.706 [info] > git rev-parse --show-toplevel [128ms]
2025-09-23 18:36:16.706 [info] fatal: not a git repository (or any of the parent directories): .git
2025-09-23 18:36:16.780 [info] [Model][doInitialScan] Initial repository scan completed - repositories (0), closed repositories (0), parent repositories (0), unsafe repositories (0)
2025-09-23 19:46:43.751 [info] > git rev-parse --show-toplevel [21ms]
2025-09-23 19:46:43.751 [info] fatal: not a git repository (or any of the parent directories): .git
2025-09-23 19:46:56.298 [info] > git rev-parse --show-toplevel [17ms]
2025-09-23 19:46:56.298 [info] fatal: not a git repository (or any of the parent directories): .git
2025-09-23 19:47:03.084 [info] > git rev-parse --show-toplevel [8ms]
2025-09-23 19:47:03.084 [info] fatal: not a git repository (or any of the parent directories): .git
2025-09-23 20:56:52.794 [info] > git rev-parse --show-toplevel [39ms]
2025-09-23 20:56:52.797 [info] fatal: not a git repository (or any of the parent directories): .git
2025-09-23 20:57:17.904 [info] > git rev-parse --show-toplevel [5ms]
2025-09-23 20:57:17.904 [info] fatal: not a git repository (or any of the parent directories): .git
2025-09-23 21:43:29.232 [info] > git rev-parse --show-toplevel [18ms]
2025-09-23 21:43:29.239 [info] fatal: not a git repository (or any of the parent directories): .git
2025-09-23 21:43:39.895 [info] > git rev-parse --show-toplevel [12ms]
2025-09-23 21:43:39.895 [info] fatal: not a git repository (or any of the parent directories): .git
2025-09-23 21:43:43.189 [info] > git rev-parse --show-toplevel [8ms]
2025-09-23 21:43:43.189 [info] fatal: not a git repository (or any of the parent directories): .git
2025-09-23 21:43:47.154 [info] > git rev-parse --show-toplevel [5ms]
2025-09-23 21:43:47.155 [info] fatal: not a git repository (or any of the parent directories): .git
2025-09-23 21:43:53.838 [info] > git rev-parse --show-toplevel [6ms]
2025-09-23 21:43:53.838 [info] fatal: not a git repository (or any of the parent directories): .git
2025-09-23 21:48:07.379 [info] > git rev-parse --show-toplevel [9ms]
2025-09-23 21:48:07.379 [info] fatal: not a git repository (or any of the parent directories): .git
2025-09-23 21:48:09.666 [info] > git rev-parse --show-toplevel [11ms]
2025-09-23 21:48:09.666 [info] fatal: not a git repository (or any of the parent directories): .git
2025-09-23 21:48:44.608 [info] > git rev-parse --show-toplevel [7ms]
2025-09-23 21:48:44.608 [info] fatal: not a git repository (or any of the parent directories): .git
2025-09-23 21:49:21.868 [info] > git rev-parse --show-toplevel [12ms]
2025-09-23 21:49:21.869 [info] fatal: not a git repository (or any of the parent directories): .git
2025-09-23 21:49:25.695 [info] > git rev-parse --show-toplevel [8ms]
2025-09-23 21:49:25.695 [info] fatal: not a git repository (or any of the parent directories): .git
2025-09-23 22:04:04.554 [info] > git rev-parse --show-toplevel [220ms]
2025-09-23 22:04:04.554 [info] fatal: not a git repository (or any of the parent directories): .git
2025-09-23 22:08:11.354 [info] > git rev-parse --show-toplevel [13ms]
2025-09-23 22:08:11.354 [info] fatal: not a git repository (or any of the parent directories): .git
2025-09-23 22:10:21.349 [info] > git rev-parse --show-toplevel [98ms]
2025-09-23 22:10:21.366 [info] fatal: not a git repository (or any of the parent directories): .git
2025-09-24 10:18:03.388 [info] > git rev-parse --show-toplevel [44ms]
2025-09-24 10:18:03.394 [info] fatal: not a git repository (or any of the parent directories): .git
2025-09-24 10:19:57.965 [info] > git rev-parse --show-toplevel [139ms]
2025-09-24 10:19:57.967 [info] fatal: not a git repository (or any of the parent directories): .git
